Log file open, 12/08/16 18:21:45
LogInit:Display: Running engine for game: CLone
LogPlatformFile: Not using cached read wrapper
LogInit:Display: RandInit(-539080790) SRandInit(-539080789).
LogTaskGraph: Started task graph with 5 named threads and 6 total threads with 1 sets of task threads.
LogStats: Stats thread started at 0.608364
LogPluginManager: Loaded Plugin Paper2D, From C:/Program Files (x86)/Epic Games/4.14/Engine/Plugins/2D/Paper2D/Paper2D.uplugin
LogPluginManager: Loaded Plugin LightPropagationVolume, From C:/Program Files (x86)/Epic Games/4.14/Engine/Plugins/Blendables/LightPropagationVolume/LightPropagationVolume.uplugin
LogPluginManager: Loaded Plugin BlankPlugin, From C:/Program Files (x86)/Epic Games/4.14/Engine/Plugins/Developer/BlankPlugin/BlankPlugin.uplugin
LogPluginManager: Loaded Plugin CodeLiteSourceCodeAccess, From C:/Program Files (x86)/Epic Games/4.14/Engine/Plugins/Developer/CodeLiteSourceCodeAccess/CodeLiteSourceCodeAccess.uplugin
LogPluginManager: Loaded Plugin GitSourceControl, From C:/Program Files (x86)/Epic Games/4.14/Engine/Plugins/Developer/GitSourceControl/GitSourceControl.uplugin
LogPluginManager: Loaded Plugin KDevelopSourceCodeAccess, From C:/Program Files (x86)/Epic Games/4.14/Engine/Plugins/Developer/KDevelopSourceCodeAccess/KDevelopSourceCodeAccess.uplugin
LogPluginManager: Loaded Plugin NullSourceCodeAccess, From C:/Program Files (x86)/Epic Games/4.14/Engine/Plugins/Developer/NullSourceCodeAccess/NullSourceCodeAccess.uplugin
LogPluginManager: Loaded Plugin OneSkyLocalizationService, From C:/Program Files (x86)/Epic Games/4.14/Engine/Plugins/Developer/OneSkyLocalizationService/OneSkyLocalizationService.uplugin
LogPluginManager: Loaded Plugin PerforceSourceControl, From C:/Program Files (x86)/Epic Games/4.14/Engine/Plugins/Developer/PerforceSourceControl/PerforceSourceControl.uplugin
LogPluginManager: Loaded Plugin SubversionSourceControl, From C:/Program Files (x86)/Epic Games/4.14/Engine/Plugins/Developer/SubversionSourceControl/SubversionSourceControl.uplugin
LogPluginManager: Loaded Plugin UObjectPlugin, From C:/Program Files (x86)/Epic Games/4.14/Engine/Plugins/Developer/UObjectPlugin/UObjectPlugin.uplugin
LogPluginManager: Loaded Plugin VisualStudioSourceCodeAccess, From C:/Program Files (x86)/Epic Games/4.14/Engine/Plugins/Developer/VisualStudioSourceCodeAccess/VisualStudioSourceCodeAccess.uplugin
LogPluginManager: Loaded Plugin XCodeSourceCodeAccess, From C:/Program Files (x86)/Epic Games/4.14/Engine/Plugins/Developer/XCodeSourceCodeAccess/XCodeSourceCodeAccess.uplugin
LogPluginManager: Loaded Plugin AudioCapture, From C:/Program Files (x86)/Epic Games/4.14/Engine/Plugins/Editor/AudioCapture/AudioCapture.uplugin
LogPluginManager: Loaded Plugin EpicSurvey, From C:/Program Files (x86)/Epic Games/4.14/Engine/Plugins/Editor/EpicSurvey/EpicSurvey.uplugin
LogPluginManager: Loaded Plugin MacGraphicsSwitching, From C:/Program Files (x86)/Epic Games/4.14/Engine/Plugins/Editor/MacGraphicsSwitching/MacGraphicsSwitching.uplugin
LogPluginManager: Loaded Plugin MobileLauncherProfileWizard, From C:/Program Files (x86)/Epic Games/4.14/Engine/Plugins/Editor/MobileLauncherProfileWizard/MobileLauncherProfileWizard.uplugin
LogPluginManager: Loaded Plugin PluginBrowser, From C:/Program Files (x86)/Epic Games/4.14/Engine/Plugins/Editor/PluginBrowser/PluginBrowser.uplugin
LogPluginManager: Loaded Plugin SpeedTreeImporter, From C:/Program Files (x86)/Epic Games/4.14/Engine/Plugins/Editor/SpeedTreeImporter/SpeedTreeImporter.uplugin
LogPluginManager: Loaded Plugin SuperSearchEditor, From C:/Program Files (x86)/Epic Games/4.14/Engine/Plugins/Editor/SuperSearchEditor/SuperSearchEditor.uplugin
LogPluginManager: Loaded Plugin AlembicImporter, From C:/Program Files (x86)/Epic Games/4.14/Engine/Plugins/Experimental/AlembicImporter/AlembicImporter.uplugin
LogPluginManager: Loaded Plugin BlueprintStats, From C:/Program Files (x86)/Epic Games/4.14/Engine/Plugins/Experimental/BlueprintStats/BlueprintStats.uplugin
LogPluginManager: Loaded Plugin CharacterAI, From C:/Program Files (x86)/Epic Games/4.14/Engine/Plugins/Experimental/CharacterAI/CharacterAI.uplugin
LogPluginManager: Loaded Plugin CodeEditor, From C:/Program Files (x86)/Epic Games/4.14/Engine/Plugins/Experimental/CodeEditor/CodeEditor.uplugin
LogPluginManager: Loaded Plugin CodeView, From C:/Program Files (x86)/Epic Games/4.14/Engine/Plugins/Experimental/CodeView/CodeView.uplugin
LogPluginManager: Loaded Plugin HTML5Networking, From C:/Program Files (x86)/Epic Games/4.14/Engine/Plugins/Experimental/HTML5Networking/HTML5Networking.uplugin
LogPluginManager: Loaded Plugin OSVR, From C:/Program Files (x86)/Epic Games/4.14/Engine/Plugins/Experimental/OSVR/OSVR.uplugin
LogPluginManager: Loaded Plugin Phya, From C:/Program Files (x86)/Epic Games/4.14/Engine/Plugins/Experimental/Phya/Phya.uplugin
LogPluginManager: Loaded Plugin SignificanceManager, From C:/Program Files (x86)/Epic Games/4.14/Engine/Plugins/Experimental/SignificanceManager/SignificanceManager.uplugin
LogPluginManager: Loaded Plugin SimpleHMD, From C:/Program Files (x86)/Epic Games/4.14/Engine/Plugins/Experimental/SimpleHMD/SimpleHMD.uplugin
LogPluginManager: Loaded Plugin StereoPanorama, From C:/Program Files (x86)/Epic Games/4.14/Engine/Plugins/Experimental/StereoPanorama/StereoPanorama.uplugin
LogPluginManager: Loaded Plugin StructBox, From C:/Program Files (x86)/Epic Games/4.14/Engine/Plugins/Experimental/StructBox/StructBox.uplugin
LogPluginManager: Loaded Plugin AndroidMedia, From C:/Program Files (x86)/Epic Games/4.14/Engine/Plugins/Media/AndroidMedia/AndroidMedia.uplugin
LogPluginManager: Loaded Plugin AvfMedia, From C:/Program Files (x86)/Epic Games/4.14/Engine/Plugins/Media/AvfMedia/AvfMedia.uplugin
LogPluginManager: Loaded Plugin MediaPlayerEditor, From C:/Program Files (x86)/Epic Games/4.14/Engine/Plugins/Media/MediaPlayerEditor/MediaPlayerEditor.uplugin
LogPluginManager: Loaded Plugin WmfMedia, From C:/Program Files (x86)/Epic Games/4.14/Engine/Plugins/Media/WmfMedia/WmfMedia.uplugin
LogPluginManager: Loaded Plugin MessagingDebugger, From C:/Program Files (x86)/Epic Games/4.14/Engine/Plugins/Messaging/MessagingDebugger/MessagingDebugger.uplugin
LogPluginManager: Loaded Plugin TcpMessaging, From C:/Program Files (x86)/Epic Games/4.14/Engine/Plugins/Messaging/TcpMessaging/TcpMessaging.uplugin
LogPluginManager: Loaded Plugin UdpMessaging, From C:/Program Files (x86)/Epic Games/4.14/Engine/Plugins/Messaging/UdpMessaging/UdpMessaging.uplugin
LogPluginManager: Loaded Plugin LevelSequenceEditor, From C:/Program Files (x86)/Epic Games/4.14/Engine/Plugins/MovieScene/LevelSequenceEditor/LevelSequenceEditor.uplugin
LogPluginManager: Loaded Plugin MatineeToLevelSequence, From C:/Program Files (x86)/Epic Games/4.14/Engine/Plugins/MovieScene/MatineeToLevelSequence/MatineeToLevelSequence.uplugin
LogPluginManager: Loaded Plugin NetcodeUnitTest, From C:/Program Files (x86)/Epic Games/4.14/Engine/Plugins/NetcodeUnitTest/NetcodeUnitTest/NetcodeUnitTest.uplugin
LogPluginManager: Loaded Plugin NUTUnrealEngine4, From C:/Program Files (x86)/Epic Games/4.14/Engine/Plugins/NetcodeUnitTest/NUTUnrealEngine4/NUTUnrealEngine4.uplugin
LogPluginManager: Loaded Plugin OnlineSubsystemGameCircle, From C:/Program Files (x86)/Epic Games/4.14/Engine/Plugins/Online/Android/OnlineSubsystemGameCircle/OnlineSubsystemGameCircle.uplugin
LogPluginManager: Loaded Plugin OnlineSubsystemGooglePlay, From C:/Program Files (x86)/Epic Games/4.14/Engine/Plugins/Online/Android/OnlineSubsystemGooglePlay/OnlineSubsystemGooglePlay.uplugin
LogPluginManager: Loaded Plugin OnlineSubsystemIOS, From C:/Program Files (x86)/Epic Games/4.14/Engine/Plugins/Online/IOS/OnlineSubsystemIOS/OnlineSubsystemIOS.uplugin
LogPluginManager: Loaded Plugin OnlineFramework, From C:/Program Files (x86)/Epic Games/4.14/Engine/Plugins/Online/OnlineFramework/OnlineFramework.uplugin
LogPluginManager: Loaded Plugin OnlineSubsystem, From C:/Program Files (x86)/Epic Games/4.14/Engine/Plugins/Online/OnlineSubsystem/OnlineSubsystem.uplugin
LogPluginManager: Loaded Plugin OnlineSubsystemAmazon, From C:/Program Files (x86)/Epic Games/4.14/Engine/Plugins/Online/OnlineSubsystemAmazon/OnlineSubsystemAmazon.uplugin
LogPluginManager: Loaded Plugin OnlineSubsystemFacebook, From C:/Program Files (x86)/Epic Games/4.14/Engine/Plugins/Online/OnlineSubsystemFacebook/OnlineSubsystemFacebook.uplugin
LogPluginManager: Loaded Plugin OnlineSubsystemNull, From C:/Program Files (x86)/Epic Games/4.14/Engine/Plugins/Online/OnlineSubsystemNull/OnlineSubsystemNull.uplugin
LogPluginManager: Loaded Plugin OnlineSubsystemOculus, From C:/Program Files (x86)/Epic Games/4.14/Engine/Plugins/Online/OnlineSubsystemOculus/OnlineSubsystemOculus.uplugin
LogPluginManager: Loaded Plugin OnlineSubsystemSteam, From C:/Program Files (x86)/Epic Games/4.14/Engine/Plugins/Online/OnlineSubsystemSteam/OnlineSubsystemSteam.uplugin
LogPluginManager: Loaded Plugin OnlineSubsystemUtils, From C:/Program Files (x86)/Epic Games/4.14/Engine/Plugins/Online/OnlineSubsystemUtils/OnlineSubsystemUtils.uplugin
LogPluginManager: Loaded Plugin IOSTapJoy, From C:/Program Files (x86)/Epic Games/4.14/Engine/Plugins/Runtime/Advertising/IOSTapJoy/IOSTapJoy.uplugin
LogPluginManager: Loaded Plugin AnalyticsBlueprintLibrary, From C:/Program Files (x86)/Epic Games/4.14/Engine/Plugins/Runtime/Analytics/AnalyticsBlueprintLibrary/AnalyticsBlueprintLibrary.uplugin
LogPluginManager: Loaded Plugin AnalyticsMulticast, From C:/Program Files (x86)/Epic Games/4.14/Engine/Plugins/Runtime/Analytics/AnalyticsMulticast/AnalyticsMulticast.uplugin
LogPluginManager: Loaded Plugin Apsalar, From C:/Program Files (x86)/Epic Games/4.14/Engine/Plugins/Runtime/Analytics/Apsalar/Apsalar.uplugin
LogPluginManager: Loaded Plugin FileLogging, From C:/Program Files (x86)/Epic Games/4.14/Engine/Plugins/Runtime/Analytics/FileLogging/FileLogging.uplugin
LogPluginManager: Loaded Plugin Flurry, From C:/Program Files (x86)/Epic Games/4.14/Engine/Plugins/Runtime/Analytics/Flurry/Flurry.uplugin
LogPluginManager: Loaded Plugin AndroidDeviceProfileSelector, From C:/Program Files (x86)/Epic Games/4.14/Engine/Plugins/Runtime/AndroidDeviceProfileSelector/AndroidDeviceProfileSelector.uplugin
LogPluginManager: Loaded Plugin AndroidMoviePlayer, From C:/Program Files (x86)/Epic Games/4.14/Engine/Plugins/Runtime/AndroidMoviePlayer/AndroidMoviePlayer.uplugin
LogPluginManager: Loaded Plugin AppleMoviePlayer, From C:/Program Files (x86)/Epic Games/4.14/Engine/Plugins/Runtime/AppleMoviePlayer/AppleMoviePlayer.uplugin
LogPluginManager: Loaded Plugin ArchVisCharacter, From C:/Program Files (x86)/Epic Games/4.14/Engine/Plugins/Runtime/ArchVisCharacter/ArchVisCharacter.uplugin
LogPluginManager: Loaded Plugin CableComponent, From C:/Program Files (x86)/Epic Games/4.14/Engine/Plugins/Runtime/CableComponent/CableComponent.uplugin
LogPluginManager: Loaded Plugin CustomMeshComponent, From C:/Program Files (x86)/Epic Games/4.14/Engine/Plugins/Runtime/CustomMeshComponent/CustomMeshComponent.uplugin
LogPluginManager: Loaded Plugin ExampleDeviceProfileSelector, From C:/Program Files (x86)/Epic Games/4.14/Engine/Plugins/Runtime/ExampleDeviceProfileSelector/ExampleDeviceProfileSelector.uplugin
LogPluginManager: Loaded Plugin GearVR, From C:/Program Files (x86)/Epic Games/4.14/Engine/Plugins/Runtime/GearVR/GearVR.uplugin
LogPluginManager: Loaded Plugin GoogleVRController, From C:/Program Files (x86)/Epic Games/4.14/Engine/Plugins/Runtime/GoogleVR/GoogleVRController/GoogleVRController.uplugin
LogPluginManager: Loaded Plugin GoogleVRHMD, From C:/Program Files (x86)/Epic Games/4.14/Engine/Plugins/Runtime/GoogleVR/GoogleVRHMD/GoogleVRHMD.uplugin
LogPluginManager: Loaded Plugin IOSDeviceProfileSelector, From C:/Program Files (x86)/Epic Games/4.14/Engine/Plugins/Runtime/IOSDeviceProfileSelector/IOSDeviceProfileSelector.uplugin
LogPluginManager: Loaded Plugin LeapMotion, From C:/Program Files (x86)/Epic Games/4.14/Engine/Plugins/Runtime/LeapMotion/LeapMotion.uplugin
LogPluginManager: Loaded Plugin LinuxDeviceProfileSelector, From C:/Program Files (x86)/Epic Games/4.14/Engine/Plugins/Runtime/LinuxDeviceProfileSelector/LinuxDeviceProfileSelector.uplugin
LogPluginManager: Loaded Plugin MIDIDevice, From C:/Program Files (x86)/Epic Games/4.14/Engine/Plugins/Runtime/MIDIDevice/MIDIDevice.uplugin
LogPluginManager: Loaded Plugin MobilePatchingUtils, From C:/Program Files (x86)/Epic Games/4.14/Engine/Plugins/Runtime/MobilePatchingUtils/MobilePatchingUtils.uplugin
LogPluginManager: Loaded Plugin Ansel, From C:/Program Files (x86)/Epic Games/4.14/Engine/Plugins/Runtime/Nvidia/Ansel/Ansel.uplugin
LogPluginManager: Loaded Plugin OculusAudio, From C:/Program Files (x86)/Epic Games/4.14/Engine/Plugins/Runtime/OculusAudio/OculusAudio.uplugin
LogPluginManager: Loaded Plugin OculusInput, From C:/Program Files (x86)/Epic Games/4.14/Engine/Plugins/Runtime/OculusInput/OculusInput.uplugin
LogPluginManager: Loaded Plugin OculusLibrary, From C:/Program Files (x86)/Epic Games/4.14/Engine/Plugins/Runtime/OculusLibrary/OculusLibrary.uplugin
LogPluginManager: Loaded Plugin OculusRift, From C:/Program Files (x86)/Epic Games/4.14/Engine/Plugins/Runtime/OculusRift/OculusRift.uplugin
LogPluginManager: Loaded Plugin Oodle, From C:/Program Files (x86)/Epic Games/4.14/Engine/Plugins/Runtime/PacketHandlers/CompressionComponents/Oodle/Oodle.uplugin
LogPluginManager: Loaded Plugin ProceduralMeshComponent, From C:/Program Files (x86)/Epic Games/4.14/Engine/Plugins/Runtime/ProceduralMeshComponent/ProceduralMeshComponent.uplugin
LogPluginManager: Loaded Plugin SoundMod, From C:/Program Files (x86)/Epic Games/4.14/Engine/Plugins/Runtime/SoundMod/SoundMod.uplugin
LogPluginManager: Loaded Plugin SoundVisualizations, From C:/Program Files (x86)/Epic Games/4.14/Engine/Plugins/Runtime/SoundVisualizations/SoundVisualizations.uplugin
LogPluginManager: Loaded Plugin SteamController, From C:/Program Files (x86)/Epic Games/4.14/Engine/Plugins/Runtime/Steam/SteamController/SteamController.uplugin
LogPluginManager: Loaded Plugin SteamVR, From C:/Program Files (x86)/Epic Games/4.14/Engine/Plugins/Runtime/Steam/SteamVR/SteamVR.uplugin
LogPluginManager: Loaded Plugin WebBrowserWidget, From C:/Program Files (x86)/Epic Games/4.14/Engine/Plugins/Runtime/WebBrowserWidget/WebBrowserWidget.uplugin
LogPluginManager: Loaded Plugin WindowsDeviceProfileSelector, From C:/Program Files (x86)/Epic Games/4.14/Engine/Plugins/Runtime/WindowsDeviceProfileSelector/WindowsDeviceProfileSelector.uplugin
LogPluginManager: Loaded Plugin WindowsMoviePlayer, From C:/Program Files (x86)/Epic Games/4.14/Engine/Plugins/Runtime/WindowsMoviePlayer/WindowsMoviePlayer.uplugin
LogPluginManager: Loaded Plugin ScriptPlugin, From C:/Program Files (x86)/Epic Games/4.14/Engine/Plugins/ScriptPlugin/ScriptPlugin.uplugin
LogPluginManager: Loaded Plugin SlateRemote, From C:/Program Files (x86)/Epic Games/4.14/Engine/Plugins/Slate/SlateRemote/SlateRemote.uplugin
LogPluginManager: Loaded Plugin EditorTests, From C:/Program Files (x86)/Epic Games/4.14/Engine/Plugins/Tests/EditorTests/EditorTests.uplugin
LogPluginManager: Loaded Plugin FbxAutomationTestBuilder, From C:/Program Files (x86)/Epic Games/4.14/Engine/Plugins/Tests/FbxAutomationTestBuilder/FbxAutomationTestBuilder.uplugin
LogPluginManager: Loaded Plugin FunctionalTestingEditor, From C:/Program Files (x86)/Epic Games/4.14/Engine/Plugins/Tests/FunctionalTestingEditor/FunctionalTestingEditor.uplugin
LogPluginManager: Loaded Plugin RuntimeTests, From C:/Program Files (x86)/Epic Games/4.14/Engine/Plugins/Tests/RuntimeTests/RuntimeTests.uplugin
LogPluginManager: Loaded Plugin ScreenshotTools, From C:/Program Files (x86)/Epic Games/4.14/Engine/Plugins/Tests/ScreenshotTools/ScreenshotTools.uplugin
LogInit: Using libcurl 7.47.1
LogInit:  - built for x86_64-pc-win32
LogInit:  - supports SSL with OpenSSL/1.0.2g
LogInit:  - supports HTTP deflate (compression) using libz 1.2.8
LogInit:  - other features:
LogInit:      CURL_VERSION_SSL
LogInit:      CURL_VERSION_LIBZ
LogInit:      CURL_VERSION_IPV6
LogInit:      CURL_VERSION_ASYNCHDNS
LogInit:      CURL_VERSION_LARGEFILE
LogInit:      CURL_VERSION_IDN
LogInit:  CurlRequestOptions (configurable via config and command line):
LogInit:  - bVerifyPeer = false  - Libcurl will NOT verify peer certificate
LogInit:  - bUseHttpProxy = false  - Libcurl will NOT use HTTP proxy
LogInit:  - bDontReuseConnections = false  - Libcurl will reuse connections
LogInit:  - CertBundlePath = nullptr  - Libcurl will use whatever was configured at build time.
LogInit: Build: ++UE4+Release-4.14-CL-3195953
LogInit: Engine Version: 4.14.0-3195953+++UE4+Release-4.14
LogInit: Compatible Engine Version: 4.14.0-3195953+++UE4+Release-4.14
LogInit: Net CL: 3195953
LogDevObjectVersion: Number of dev versions registered: 13
LogDevObjectVersion:   Dev-Blueprints (B0D832E4-1F89-4F0D-ACCF-7EB736FD4AA2): 7
LogDevObjectVersion:   Dev-Build (E1C64328-A22C-4D53-A36C-8E866417BD8C): 0
LogDevObjectVersion:   Dev-Core (375EC13C-06E4-48FB-B500-84F0262A717E): 1
LogDevObjectVersion:   Dev-Editor (E4B068ED-F494-42E9-A231-DA0B2E46BB41): 8
LogDevObjectVersion:   Dev-Framework (CFFC743F-43B0-4480-9391-14DF171D2073): 17
LogDevObjectVersion:   Dev-Mobile (B02B49B5-BB20-44E9-A304-32B752E40360): 0
LogDevObjectVersion:   Dev-Networking (A4E4105C-59A1-49B5-A7C5-40C4547EDFEE): 0
LogDevObjectVersion:   Dev-Online (39C831C9-5AE6-47DC-9A44-9C173E1C8E7C): 0
LogDevObjectVersion:   Dev-Physics (78F01B33-EBEA-4F98-B9B4-84EACCB95AA2): 0
LogDevObjectVersion:   Dev-Platform (6631380F-2D4D-43E0-8009-CF276956A95A): 0
LogDevObjectVersion:   Dev-Rendering (12F88B9F-8875-4AFC-A67C-D90C383ABD29): 12
LogDevObjectVersion:   Dev-Sequencer (7B5AE74C-D270-4C10-A958-57980B212A5A): 1
LogDevObjectVersion:   Dev-VR (D7296918-1DD6-4BDD-9DE2-64A83CC13884): 0
LogInit: Compiled (64-bit): Nov 12 2016 02:14:10
LogInit: Compiled with Visual C++: 19.00.23026.00
LogInit: Build Configuration: Development
LogInit: Branch Name: ++UE4+Release-4.14
LogInit: Command line:  
LogInit: Base directory: C:/Program Files (x86)/Epic Games/4.14/Engine/Binaries/Win64/
LogInit: Installed Engine Build: 1
LogInit: Presizing for max 8388607 objects, including 0 objects not considered by GC, pre-allocating 0 bytes for permanent pool.
LogInit: Object subsystem initialized
[2016.12.09-00.21.46:416][  0]LogInit: Selected Device Profile: [Windows]
[2016.12.09-00.21.46:416][  0]LogInit: Applying CVar settings loaded from the selected device profile: [Windows]
[2016.12.09-00.21.46:456][  0]LogInit: Computer: DESKTOP-UP368GT
[2016.12.09-00.21.46:456][  0]LogInit: User: benmb
[2016.12.09-00.21.46:456][  0]LogInit: CPU Page size=65536, Cores=2
[2016.12.09-00.21.46:456][  0]LogInit: High frequency timer resolution =2.343752 MHz
[2016.12.09-00.21.46:456][  0]LogMemory: Memory total: Physical=7.9GB (8GB approx)
[2016.12.09-00.21.46:456][  0]LogMemory: Platform Memory Stats for Windows
[2016.12.09-00.21.46:456][  0]LogMemory: Process Physical Memory: 264.20 MB used, 264.20 MB peak
[2016.12.09-00.21.46:456][  0]LogMemory: Process Virtual Memory: 262.46 MB used, 262.46 MB peak
[2016.12.09-00.21.46:456][  0]LogMemory: Physical Memory: 3773.12 MB used,  4332.79 MB free, 8105.91 MB total
[2016.12.09-00.21.46:456][  0]LogMemory: Virtual Memory: 674.50 MB used,  4332.79 MB free, 134217728.00 MB total
[2016.12.09-00.21.46:831][  0]LogTextLocalizationManager: No specific translations for ('en-US') exist, so ('en') translations will be used.
[2016.12.09-00.21.50:224][  0]LogD3D11RHI: D3D11 adapters:
[2016.12.09-00.21.50:233][  0]LogD3D11RHI:    0. 'Intel(R) HD Graphics 520' (Feature Level 11_0)
[2016.12.09-00.21.50:233][  0]LogD3D11RHI:       128/0/4052 MB DedicatedVideo/DedicatedSystem/SharedSystem, Outputs:1, VendorId:0x8086
[2016.12.09-00.21.50:238][  0]LogD3D11RHI:    1. 'Microsoft Basic Render Driver' (Feature Level 11_0)
[2016.12.09-00.21.50:238][  0]LogD3D11RHI:       0/0/4052 MB DedicatedVideo/DedicatedSystem/SharedSystem, Outputs:0, VendorId:0x1414
[2016.12.09-00.21.50:238][  0]LogD3D11RHI: Chosen D3D11 Adapter: 0
[2016.12.09-00.21.50:246][  0]LogD3D11RHI: Creating new Direct3DDevice
[2016.12.09-00.21.50:246][  0]LogD3D11RHI:     GPU DeviceId: 0x1916 (for the marketing name, search the web for "GPU Device Id")
[2016.12.09-00.21.50:246][  0]LogWindows: EnumDisplayDevices:
[2016.12.09-00.21.50:247][  0]LogWindows:    0. 'Intel(R) HD Graphics 520' (P:1 D:1)
[2016.12.09-00.21.50:247][  0]LogWindows:    1. 'Intel(R) HD Graphics 520' (P:0 D:0)
[2016.12.09-00.21.50:247][  0]LogWindows:    2. 'Intel(R) HD Graphics 520' (P:0 D:0)
[2016.12.09-00.21.50:248][  0]LogWindows: DebugString: FoundDriverCount:3 
[2016.12.09-00.21.50:248][  0]LogD3D11RHI:     Adapter Name: Intel(R) HD Graphics 520
[2016.12.09-00.21.50:248][  0]LogD3D11RHI:   Driver Version: 20.19.15.4444 (internal:20.19.15.4444, unified:20.19.15.4444)
[2016.12.09-00.21.50:248][  0]LogD3D11RHI:      Driver Date: 4-22-2016
[2016.12.09-00.21.50:248][  0]LogRHI: Texture pool is 1361 MB (70% of 1945 MB)
[2016.12.09-00.21.50:255][  0]LogD3D11RHI: Async texture creation enabled
[2016.12.09-00.21.50:286][  0]LogD3D11RHI: GPU Timing Frequency: 12.000000 (Debug: 2 0)
[2016.12.09-00.21.50:294][  0]LogShaderCompilers: Guid format shader working directory is -12 characters bigger than the processId version (../../../../../../GameDev/Presentation/GameDev_CLone/CLone/Intermediate/Shaders/WorkingDirectory/3676/).
[2016.12.09-00.21.50:294][  0]LogShaderCompilers: Cleaned the shader compiler working directory 'C:/Users/benmb/AppData/Local/Temp/UnrealShaderWorkingDir/0064E22B45EEA4C1F004A08AFCB41A01/'.
[2016.12.09-00.21.50:294][  0]LogShaderCompilers:Display: Using Local Shader Compiler.
[2016.12.09-00.21.53:544][  0]LogTemp:Display: Loaded TP AllDesktopTargetPlatform
[2016.12.09-00.21.53:611][  0]LogTemp:Display: Loaded TP MacClientTargetPlatform
[2016.12.09-00.21.53:678][  0]LogTemp:Display: Loaded TP MacNoEditorTargetPlatform
[2016.12.09-00.21.53:745][  0]LogTemp:Display: Loaded TP MacServerTargetPlatform
[2016.12.09-00.21.53:825][  0]LogTemp:Display: Loaded TP MacTargetPlatform
[2016.12.09-00.21.53:891][  0]LogTemp:Display: Loaded TP WindowsClientTargetPlatform
[2016.12.09-00.21.53:958][  0]LogTemp:Display: Loaded TP WindowsNoEditorTargetPlatform
[2016.12.09-00.21.54:027][  0]LogTemp:Display: Loaded TP WindowsServerTargetPlatform
[2016.12.09-00.21.54:083][  0]LogTemp:Display: Loaded TP WindowsTargetPlatform
[2016.12.09-00.21.54:162][  0]LogTemp:Display: Loaded TP AndroidTargetPlatform
[2016.12.09-00.21.54:229][  0]LogTemp:Display: Loaded TP Android_ASTCTargetPlatform
[2016.12.09-00.21.54:298][  0]LogTemp:Display: Loaded TP Android_ATCTargetPlatform
[2016.12.09-00.21.54:366][  0]LogTemp:Display: Loaded TP Android_DXTTargetPlatform
[2016.12.09-00.21.54:433][  0]LogTemp:Display: Loaded TP Android_ETC1TargetPlatform
[2016.12.09-00.21.54:501][  0]LogTemp:Display: Loaded TP Android_ETC2TargetPlatform
[2016.12.09-00.21.54:634][  0]LogTemp:Display: Loaded TP Android_MultiTargetPlatform
[2016.12.09-00.21.54:634][  0]LogTemp:Display: Loaded TP Android_PVRTCTargetPlatform
[2016.12.09-00.21.54:679][  0]LogTemp:Display: Loaded TP HTML5TargetPlatform
[2016.12.09-00.21.54:818][  0]LogTemp:Display: Loaded TP IOSTargetPlatform
[2016.12.09-00.21.54:862][  0]LogTemp:Display: Loaded TP TVOSTargetPlatform
[2016.12.09-00.21.54:927][  0]LogTemp:Display: Loaded TP LinuxClientTargetPlatform
[2016.12.09-00.21.54:992][  0]LogTemp:Display: Loaded TP LinuxNoEditorTargetPlatform
[2016.12.09-00.21.55:056][  0]LogTemp:Display: Loaded TP LinuxServerTargetPlatform
[2016.12.09-00.21.55:132][  0]LogTemp:Display: Loaded TP LinuxTargetPlatform
[2016.12.09-00.21.55:132][  0]LogTargetPlatformManager:Display: Building Assets For Windows
[2016.12.09-00.21.56:048][  0]LogDerivedDataCache:Display: Max Cache Size: 512 MB
[2016.12.09-00.21.56:305][  0]LogDerivedDataCache: Loaded boot cache 0.26s 50MB C:/Users/benmb/AppData/Local/UnrealEngine/4.14/DerivedDataCache/Boot.ddc.
[2016.12.09-00.21.56:305][  0]LogDerivedDataCache:Display: Loaded Boot cache: C:/Users/benmb/AppData/Local/UnrealEngine/4.14/DerivedDataCache/Boot.ddc
[2016.12.09-00.21.56:305][  0]LogDerivedDataCache: FDerivedDataBackendGraph:  Pak pak cache file ../../../../../../GameDev/Presentation/GameDev_CLone/CLone/DerivedDataCache/DDC.ddp not found, will not use a pak cache.
[2016.12.09-00.21.56:305][  0]LogDerivedDataCache: Unable to find inner node Pak for hierarchical cache Hierarchy.
[2016.12.09-00.21.56:305][  0]LogDerivedDataCache: FDerivedDataBackendGraph:  CompressedPak pak cache file ../../../../../../GameDev/Presentation/GameDev_CLone/CLone/DerivedDataCache/Compressed.ddp not found, will not use a pak cache.
[2016.12.09-00.21.56:305][  0]LogDerivedDataCache: Unable to find inner node CompressedPak for hierarchical cache Hierarchy.
[2016.12.09-00.21.56:335][  0]LogDerivedDataCache:Display: Pak cache opened for reading ../../../Engine/DerivedDataCache/Compressed.ddp.
[2016.12.09-00.21.56:348][  0]LogDerivedDataCache: Using Local data cache path C:/Users/benmb/AppData/Local/UnrealEngine/Common/DerivedDataCache: Writable
[2016.12.09-00.22.00:300][  0]LogInit: Selected Device Profile: [Windows]
[2016.12.09-00.22.00:310][  0]LogContentStreaming: Texture pool size is 0.00 MB
[2016.12.09-00.22.00:654][  0]LogMeshUtilities: Using QuadricMeshReduction for automatic static mesh reduction
[2016.12.09-00.22.00:733][  0]LogSimplygon: Simplygon DLL not present - disabling.
[2016.12.09-00.22.00:798][  0]LogMeshUtilities: Using SimplygonSwarm for distributed automatic mesh merging
[2016.12.09-00.22.00:798][  0]LogMeshUtilities: No automatic skeletal mesh reduction module available
[2016.12.09-00.22.00:798][  0]LogMeshUtilities: No automatic mesh merging module available
[2016.12.09-00.22.02:617][  0]LogNetVersion: GetLocalNetworkVersion: CL: 3195953, ProjectName: clone, ProjectVersion: , EngineNetworkVersion: 2, GameNetworkVersion: 0, NetworkChecksum: 1457857002
[2016.12.09-00.22.02:715][  0]LogAssetRegistry: FAssetRegistry took 0.0311 seconds to start up
[2016.12.09-00.22.02:804][  0]LogPackageLocalizationCache: Processed 3 localized package path(s) for 2 prioritized culture(s) in 0.048522 seconds
[2016.12.09-00.22.02:814][  0]LogUObjectArray: 31946 objects as part of root set at end of initial load.
[2016.12.09-00.22.02:814][  0]LogUObjectAllocator: 6935840 out of 0 bytes used by permanent object pool.
[2016.12.09-00.22.02:814][  0]LogUObjectArray: CloseDisregardForGC: 0/0 objects in disregard for GC pool
[2016.12.09-00.22.02:914][  0]LogInit: WinSock: version 1.1 (2.2), MaxSocks=32767, MaxUdp=65467
[2016.12.09-00.22.04:048][  0]LogSlate: Using Freetype 2.6.0
[2016.12.09-00.22.04:065][  0]LogSlate: SlateFontCache - WITH_FREETYPE: 1, WITH_HARFBUZZ: 1
[2016.12.09-00.22.04:065][  0]LogSlate: SlateFontCache - WITH_FREETYPE: 1, WITH_HARFBUZZ: 1
[2016.12.09-00.22.07:972][  0]LogTcpMessaging: Initializing TcpMessaging bridge
[2016.12.09-00.22.08:024][  0]LogUdpMessaging: Initializing bridge on interface 0.0.0.0:0 to multicast group 230.0.0.1:6666.
[2016.12.09-00.22.08:025][  0]FUdpSocketBuilder: Failed to bind UdpMessageMulticastSocket to 0.0.0.0:6666
[2016.12.09-00.22.08:025][  0]FUdpSocketBuilder: Failed to configure multicast for UdpMessageMulticastSocket (loopback: 1, ttl: 1)
[2016.12.09-00.22.08:025][  0]FUdpSocketBuilder: Failed to create and initialize socket UdpMessageMulticastSocket (last error: 0)
[2016.12.09-00.22.08:025][  0]LogUdpMessaging:Warning: StartTransport failed to create multicast socket on 0.0.0.0:0, joined to 230.0.0.1:6666 with TTL 1
[2016.12.09-00.22.08:613][  0]LogMaterial: Uniform references updated for custom material expression Custom.
[2016.12.09-00.22.09:276][  0]SourceControl: Info Source control is disabled
[2016.12.09-00.22.09:466][  0]SourceControl: Info Source control is disabled
[2016.12.09-00.22.09:539][  0]SourceControl: Info Source control is disabled
[2016.12.09-00.22.09:601][  0]SourceControl: Info Source control is disabled
[2016.12.09-00.22.11:395][  0]LogEngine: Initializing Engine...
[2016.12.09-00.22.11:397][  0]LogHMD: Failed to initialize OpenVR with code 110
[2016.12.09-00.22.11:913][  0]LogAIModule: Creating AISystem for world Untitled
[2016.12.09-00.22.11:940][  0]LogInit: XAudio2 using 'Speakers (Realtek High Definition Audio)' : 2 channels at 48 kHz using 32 bits per sample (channel mask 0x3)
[2016.12.09-00.22.12:018][  0]LogInit: FAudioDevice initialized.
[2016.12.09-00.22.12:051][  0]LogDerivedDataCache: Saved boot cache 0.03s 50MB C:/Users/benmb/AppData/Local/UnrealEngine/4.14/DerivedDataCache/Boot.ddc.
[2016.12.09-00.22.12:061][  0]LogInit: Texture streaming: Enabled
[2016.12.09-00.22.12:327][  0]LogInit: Transaction tracking system initialized
[2016.12.09-00.22.12:809][  0]BlueprintLog: New page: Editor Load
[2016.12.09-00.22.14:065][  0]LocalizationService: Info Localization service is disabled
[2016.12.09-00.22.14:972][  0]LogConsoleResponse:Display: 
[2016.12.09-00.22.15:615][  0]LogCook:Display: Max memory allowance for cook 16384mb min free memory 0mb
[2016.12.09-00.22.15:615][  0]LogCook:Display: Mobile HDR setting 1
[2016.12.09-00.22.16:332][  0]LogFileCache: Scanning file cache for directory 'C:/GameDev/Presentation/GameDev_CLone/CLone/Content/' took 0.02s
[2016.12.09-00.22.17:045][  0]SourceControl: Info Source control is disabled
[2016.12.09-00.22.17:048][  0]Cmd: MAP LOAD FILE="../../../../../../GameDev/Presentation/GameDev_CLone/CLone/Content/StarterContent/Maps/Minimal_Default.umap" TEMPLATE=0 SHOWPROGRESS=1 FEATURELEVEL=3
[2016.12.09-00.22.17:058][  0]LightingResults: New page: Lighting Build
[2016.12.09-00.22.17:122][  0]MapCheck: New page: Map Check
[2016.12.09-00.22.17:122][  0]LightingResults: New page: Lighting Build
[2016.12.09-00.22.18:539][  0]LogAIModule: Creating AISystem for world Minimal_Default
[2016.12.09-00.22.18:540][  0]LogActorComponent: RegisterComponentWithWorld: (/Game/StarterContent/Maps/Minimal_Default.Minimal_Default:PersistentLevel.WorldSettings_1.StaticMeshComponent0) Trying to register component with IsPendingKill() == true. Aborting.
[2016.12.09-00.22.18:792][  0]LogEditorServer: Finished looking for orphan Actors (0.000 secs)
[2016.12.09-00.22.18:794][  0]Cmd: MAP CHECKDEP NOCLEARLOG
[2016.12.09-00.22.18:851][  0]MapCheck: Info Map check complete: 0 Error(s), 0 Warning(s), took 56.066ms to complete.
[2016.12.09-00.22.18:851][  0]LogFileHelpers: Loading map 'Minimal_Default' took 1.804
[2016.12.09-00.22.18:935][  0]LogWindowsTextInputMethodSystem:Display: IME system now deactivated.
[2016.12.09-00.22.18:935][  0]LogWindowsTextInputMethodSystem:Display: IME system now deactivated.
[2016.12.09-00.22.19:126][  0]LogCollectionManager: Loaded 0 collections in 0.002362 seconds
[2016.12.09-00.22.19:254][  0]LogFileCache: Scanning file cache for directory 'C:/GameDev/Presentation/GameDev_CLone/CLone/Saved/Collections/' took 0.02s
[2016.12.09-00.22.19:254][  0]LogFileCache: Scanning file cache for directory 'C:/GameDev/Presentation/GameDev_CLone/CLone/Content/Developers/benmb/Collections/' took 0.01s
[2016.12.09-00.22.19:254][  0]LogFileCache: Scanning file cache for directory 'C:/GameDev/Presentation/GameDev_CLone/CLone/Content/Collections/' took 0.01s
[2016.12.09-00.22.19:254][  0]LogCollectionManager: Rebuilt the GUID cache for 0 collections in 0.000002 seconds
[2016.12.09-00.22.19:270][  0]LogContentBrowser: Native class hierarchy populated in 0.0133 seconds. Added 2190 classes and 428 folders.
[2016.12.09-00.22.19:326][  0]LogStats: UGameplayTagsManager::ConstructGameplayTagTree: Construct from data asset -  0.000 s
[2016.12.09-00.22.19:326][  0]LogStats: UGameplayTagsManager::ConstructGameplayTagTree: GameplayTagTreeChangedEvent.Broadcast -  0.000 s
[2016.12.09-00.22.19:327][  0]LogContentBrowser: Native class hierarchy updated for 'GameplayTags' in 0.0009 seconds. Added 13 classes and 0 folders.
[2016.12.09-00.22.19:410][  0]LogContentBrowser: Native class hierarchy updated for 'WidgetCarousel' in 0.0005 seconds. Added 0 classes and 0 folders.
[2016.12.09-00.22.19:892][  0]LogContentBrowser: Native class hierarchy updated for 'AddContentDialog' in 0.0006 seconds. Added 0 classes and 0 folders.
[2016.12.09-00.22.19:957][  0]LogContentBrowser: Native class hierarchy updated for 'SceneOutliner' in 0.0007 seconds. Added 1 classes and 2 folders.
[2016.12.09-00.22.20:088][  0]LogCrashTracker: Crashtracker disabled due to settings.
[2016.12.09-00.22.21:865][  0]LogSlate: Only BGRA pngs, bmps or icos are supported in by External Image Picker
[2016.12.09-00.22.21:903][  0]LogUObjectGlobals:Warning: Failed to find object 'Class None.'
[2016.12.09-00.22.22:259][  0]LogTemp:Display: Executing iPhonePackager certificates Engine -bundlename com.YourCompany.CLone

[2016.12.09-00.22.22:259][  0]LogTemp:Display: CWD: C:\Program Files (x86)\Epic Games\4.14\Engine\Binaries\DotNet\IOS

[2016.12.09-00.22.22:259][  0]LogTemp:Display: Initial Dir: C:\Program Files (x86)\Epic Games\4.14

[2016.12.09-00.22.22:259][  0]LogTemp:Display: Env CWD: C:\Program Files (x86)\Epic Games\4.14\Engine\Binaries\DotNet\IOS

[2016.12.09-00.22.22:259][  0]LogTemp:Display: BranchPath = DESKTOP-UP368GT/C/Program Files (x86)/Epic Games/4.14/Engine/Binaries --- GameBranchPath = DESKTOP-UP368GT/C/Program Files (x86)/Epic Games/4.14/Engine/Binaries

[2016.12.09-00.22.22:259][  0]LogTemp:Display: IPP ERROR: Application exception: System.IO.DirectoryNotFoundException: Could not find a part of the path 'C:\Users\benmb\AppData\Local\Apple Computer\MobileDevice\Provisioning Profiles'.

[2016.12.09-00.22.22:259][  0]LogTemp:Display:    at System.IO.__Error.WinIOError(Int32 errorCode, String maybeFullPath)

[2016.12.09-00.22.22:259][  0]LogTemp:Display:    at System.IO.FileSystemEnumerableIterator`1.CommonInit()

[2016.12.09-00.22.22:259][  0]LogTemp:Display:    at System.IO.Directory.EnumerateFiles(String path, String searchPattern)

[2016.12.09-00.22.22:259][  0]LogTemp:Display:    at iPhonePackager.CodeSignatureBuilder.FindProvisions(String CFBundleIdentifier)

[2016.12.09-00.22.22:259][  0]LogTemp:Display:    at iPhonePackager.Program.Main(String[] args)

[2016.12.09-00.22.22:329][  0]LogContentBrowser: Native class hierarchy updated for 'HierarchicalLODOutliner' in 0.0007 seconds. Added 1 classes and 2 folders.
[2016.12.09-00.22.22:330][  0]LogLoad: (Engine Initialization) Total time: 40.28 seconds
[2016.12.09-00.22.22:330][  0]LogLoad: (Engine Initialization) Total Blueprint compile time: 0.30 seconds
[2016.12.09-00.22.22:330][  0]LogExternalProfiler: Found external profiler: VSPerf
[2016.12.09-00.22.22:330][  0]LogExternalProfiler: Using external profiler: VSPerf
[2016.12.09-00.22.22:351][  0]LogOcInput: OculusInput pre-init called
[2016.12.09-00.22.22:372][  0]LogContentStreaming: Texture pool size now 1000 MB
[2016.12.09-00.22.22:654][  0]LogRenderer: Reallocating scene render targets to support 840x472 NumSamples 1 (Frame:2).
[2016.12.09-00.22.25:397][  3]LogAssetRegistry: Asset discovery search completed in 22.7097 seconds
[2016.12.09-00.22.25:397][  3]LogCollectionManager: Rebuilt the object cache for 0 collections in 0.000001 seconds (found 0 objects)
[2016.12.09-00.22.25:397][  3]LogCollectionManager: Fixed up redirectors for 0 collections in 0.000315 seconds (updated 0 objects)
[2016.12.09-00.22.33:776][475]LogRenderer: Reallocating scene render targets to support 1208x708 NumSamples 1 (Frame:9).
[2016.12.09-00.22.41:887][940]Cmd: MAP LOAD FILE="../../../../../../GameDev/Presentation/GameDev_CLone/CLone/Content/StarterContent/Maps/BenMap.umap" TEMPLATE=0 SHOWPROGRESS=1 FEATURELEVEL=3
[2016.12.09-00.22.41:907][940]LightingResults: New page: Lighting Build
[2016.12.09-00.22.41:908][940]LoadErrors: New page: Loading map: BenMap.umap
[2016.12.09-00.22.41:910][940]MapCheck: New page: Map Check
[2016.12.09-00.22.41:911][940]LightingResults: New page: Lighting Build
[2016.12.09-00.22.43:189][940]LogAIModule: Creating AISystem for world BenMap
[2016.12.09-00.22.44:485][940]LogEditorServer: Finished looking for orphan Actors (0.000 secs)
[2016.12.09-00.22.44:553][940]Cmd: MAP CHECKDEP NOCLEARLOG
[2016.12.09-00.22.44:616][940]MapCheck: Info Map check complete: 0 Error(s), 0 Warning(s), took 62.833ms to complete.
[2016.12.09-00.22.44:616][940]LogFileHelpers: Loading map 'BenMap' took 2.731
[2016.12.09-00.22.49:124][122]LogTemp: Repeting last play command: Selected Viewport
[2016.12.09-00.22.49:153][122]LogPlayLevel: PlayLevel: No blueprints needed recompiling
[2016.12.09-00.22.49:156][122]PIE: New page: PIE session: BenMap (Dec 8, 2016, 12:22:49 PM)
[2016.12.09-00.22.49:156][122]LogPlayLevel: Creating play world package: /Game/StarterContent/Maps/UEDPIE_0_BenMap
[2016.12.09-00.22.49:204][122]LogPlayLevel: PIE: StaticDuplicateObject took: (0.047831s)
[2016.12.09-00.22.49:205][122]LogAIModule: Creating AISystem for world BenMap
[2016.12.09-00.22.49:205][122]LogPlayLevel: PIE: World Init took: (0.000779s)
[2016.12.09-00.22.49:205][122]LogPlayLevel: PIE: Created PIE world by copying editor world from /Game/StarterContent/Maps/BenMap.BenMap to /Game/StarterContent/Maps/UEDPIE_0_BenMap.BenMap (0.049137s)
[2016.12.09-00.22.49:240][122]LogInit: XAudio2 using 'Speakers (Realtek High Definition Audio)' : 2 channels at 48 kHz using 32 bits per sample (channel mask 0x3)
[2016.12.09-00.22.49:253][122]LogInit: FAudioDevice initialized.
[2016.12.09-00.22.49:315][122]LogLoad: Game class is 'ThirdPersonGameMode_C'
[2016.12.09-00.22.49:334][122]LogWorld: Bringing World /Game/StarterContent/Maps/UEDPIE_0_BenMap.BenMap up for play (max tick rate 60) at 2016.12.08-18.22.49
[2016.12.09-00.22.49:345][122]LogWorld: Bringing up level for play took: 0.026978
[2016.12.09-00.22.49:406][122]LogContentBrowser: Native class hierarchy updated for 'MovieSceneCapture' in 0.0006 seconds. Added 11 classes and 0 folders.
[2016.12.09-00.22.49:418][122]PIE:Warning: Warning The widget 'HUD_C' was already added to the screen.
[2016.12.09-00.22.49:419][122]PIE:Warning: Warning The widget 'HUD_C' was already added to the screen.
[2016.12.09-00.22.49:420][122]PIE: Info Play in editor start time for /Game/StarterContent/Maps/UEDPIE_0_BenMap -0.474
[2016.12.09-00.23.04:816][880]LogPlayLevel: PlayLevel: No blueprints needed recompiling
[2016.12.09-00.23.04:817][880]PIE: New page: PIE session: BenMap (Dec 8, 2016, 12:23:04 PM)
[2016.12.09-00.23.04:817][880]LogPlayLevel: Creating play world package: /Game/StarterContent/Maps/UEDPIE_0_BenMap
[2016.12.09-00.23.04:863][880]LogPlayLevel: PIE: StaticDuplicateObject took: (0.046283s)
[2016.12.09-00.23.04:864][880]LogAIModule: Creating AISystem for world BenMap
[2016.12.09-00.23.04:864][880]LogPlayLevel: PIE: World Init took: (0.000861s)
[2016.12.09-00.23.04:865][880]LogPlayLevel: PIE: Created PIE world by copying editor world from /Game/StarterContent/Maps/BenMap.BenMap to /Game/StarterContent/Maps/UEDPIE_0_BenMap.BenMap (0.047488s)
[2016.12.09-00.23.04:890][880]LogInit: XAudio2 using 'Speakers (Realtek High Definition Audio)' : 2 channels at 48 kHz using 32 bits per sample (channel mask 0x3)
[2016.12.09-00.23.04:899][880]LogInit: FAudioDevice initialized.
[2016.12.09-00.23.04:948][880]LogLoad: Game class is 'ThirdPersonGameMode_C'
[2016.12.09-00.23.04:969][880]LogWorld: Bringing World /Game/StarterContent/Maps/UEDPIE_0_BenMap.BenMap up for play (max tick rate 60) at 2016.12.08-18.23.04
[2016.12.09-00.23.04:976][880]LogWorld: Bringing up level for play took: 0.028110
[2016.12.09-00.23.04:981][880]PIE:Warning: Warning The widget 'HUD_C' was already added to the screen.
[2016.12.09-00.23.04:981][880]PIE:Warning: Warning The widget 'HUD_C' was already added to the screen.
[2016.12.09-00.23.04:986][880]PIE: Info Play in editor start time for /Game/StarterContent/Maps/UEDPIE_0_BenMap 1.092
[2016.12.09-00.23.05:057][880]LogRenderer: Reallocating scene render targets to support 1292x756 NumSamples 1 (Frame:135).
[2016.12.09-00.23.07:150][910]LogRenderer: Reallocating scene render targets to support 1920x1056 NumSamples 1 (Frame:166).
[2016.12.09-00.24.06:440][400]LogBlueprintUserMessages: [CollapsibleWall_14] Key "0" Required
[2016.12.09-00.24.06:576][401]LogBlueprintUserMessages: [CollapsibleWall_14] Key "0" Required
[2016.12.09-00.24.06:577][401]LogBlueprintUserMessages: [CollapsibleWall_14] Key "0" Required
[2016.12.09-00.24.06:577][401]LogBlueprintUserMessages: [CollapsibleWall_14] Key "0" Required
[2016.12.09-00.24.06:577][401]LogBlueprintUserMessages: [CollapsibleWall_14] Key "0" Required
[2016.12.09-00.24.06:717][402]LogBlueprintUserMessages: [CollapsibleWall_14] Key "0" Required
[2016.12.09-00.24.06:717][402]LogBlueprintUserMessages: [CollapsibleWall_14] Key "0" Required
[2016.12.09-00.24.06:717][402]LogBlueprintUserMessages: [CollapsibleWall_14] Key "0" Required
[2016.12.09-00.24.06:717][402]LogBlueprintUserMessages: [CollapsibleWall_14] Key "0" Required
[2016.12.09-00.24.06:718][402]LogBlueprintUserMessages: [CollapsibleWall_14] Key "0" Required
[2016.12.09-00.24.06:718][402]LogBlueprintUserMessages: [CollapsibleWall_14] Key "0" Required
[2016.12.09-00.24.06:857][403]LogBlueprintUserMessages: [CollapsibleWall_14] Key "0" Required
[2016.12.09-00.24.06:857][403]LogBlueprintUserMessages: [CollapsibleWall_14] Key "0" Required
[2016.12.09-00.24.06:857][403]LogBlueprintUserMessages: [CollapsibleWall_14] Key "0" Required
[2016.12.09-00.24.06:857][403]LogBlueprintUserMessages: [CollapsibleWall_14] Key "0" Required
[2016.12.09-00.24.06:858][403]LogBlueprintUserMessages: [CollapsibleWall_14] Key "0" Required
[2016.12.09-00.24.06:858][403]LogBlueprintUserMessages: [CollapsibleWall_14] Key "0" Required
[2016.12.09-00.24.07:024][404]LogBlueprintUserMessages: [CollapsibleWall_14] Key "0" Required
[2016.12.09-00.24.07:024][404]LogBlueprintUserMessages: [CollapsibleWall_14] Key "0" Required
[2016.12.09-00.24.07:024][404]LogBlueprintUserMessages: [CollapsibleWall_14] Key "0" Required
[2016.12.09-00.24.07:024][404]LogBlueprintUserMessages: [CollapsibleWall_14] Key "0" Required
[2016.12.09-00.24.07:024][404]LogBlueprintUserMessages: [CollapsibleWall_14] Key "0" Required
[2016.12.09-00.24.07:024][404]LogBlueprintUserMessages: [CollapsibleWall_14] Key "0" Required
[2016.12.09-00.24.07:025][404]LogBlueprintUserMessages: [CollapsibleWall_14] Key "0" Required
[2016.12.09-00.24.07:025][404]LogBlueprintUserMessages: [CollapsibleWall_14] Key "0" Required
[2016.12.09-00.24.07:142][405]LogBlueprintUserMessages: [CollapsibleWall_14] Key "0" Required
[2016.12.09-00.24.07:142][405]LogBlueprintUserMessages: [CollapsibleWall_14] Key "0" Required
[2016.12.09-00.24.07:142][405]LogBlueprintUserMessages: [CollapsibleWall_14] Key "0" Required
[2016.12.09-00.24.07:142][405]LogBlueprintUserMessages: [CollapsibleWall_14] Key "0" Required
[2016.12.09-00.24.07:142][405]LogBlueprintUserMessages: [CollapsibleWall_14] Key "0" Required
[2016.12.09-00.24.07:142][405]LogBlueprintUserMessages: [CollapsibleWall_14] Key "0" Required
[2016.12.09-00.24.07:274][406]LogBlueprintUserMessages: [CollapsibleWall_14] Key "0" Required
[2016.12.09-00.24.07:274][406]LogBlueprintUserMessages: [CollapsibleWall_14] Key "0" Required
[2016.12.09-00.24.07:274][406]LogBlueprintUserMessages: [CollapsibleWall_14] Key "0" Required
[2016.12.09-00.24.07:274][406]LogBlueprintUserMessages: [CollapsibleWall_14] Key "0" Required
[2016.12.09-00.24.07:274][406]LogBlueprintUserMessages: [CollapsibleWall_14] Key "0" Required
[2016.12.09-00.24.07:274][406]LogBlueprintUserMessages: [CollapsibleWall_14] Key "0" Required
[2016.12.09-00.24.41:730][719]LogBlueprintUserMessages: [Pad_Key_837] Key "0" Acquired
[2016.12.09-00.25.36:946][176]LogBlueprintUserMessages: [Pad_Key2_1550] Key "0" Acquired
[2016.12.09-00.25.42:958][322]LogWindowsTextInputMethodSystem:Display: IME system now deactivated.
[2016.12.09-00.25.42:958][322]LogWindowsTextInputMethodSystem:Display: IME system now deactivated.
[2016.12.09-00.25.43:215][323]Cmd: QUIT_EDITOR
[2016.12.09-00.25.44:217][323]LogExit: Preparing to exit.
[2016.12.09-00.25.45:182][323]LogDirectoryWatcher: A directory notification for 'C:/GameDev/Presentation/GameDev_CLone/CLone/Content/' was aborted.
[2016.12.09-00.25.45:224][323]LogExit: Editor shut down
[2016.12.09-00.25.45:225][323]LogExit: Transaction tracking system shut down
[2016.12.09-00.25.45:321][323]LogObj: Freed 0b from 0 cluster array pools.
[2016.12.09-00.25.45:321][323]LogExit: Object subsystem successfully closed.
[2016.12.09-00.25.45:344][323]LogD3D11RHI: Shutdown
[2016.12.09-00.25.45:344][323]LogD3D11RHI: CleanupD3DDevice
[2016.12.09-00.25.45:742][323]LogD3D11RHI: ~FD3D11DynamicRHI
[2016.12.09-00.25.45:777][323]LogHttp:Display: Http module shutting down, but needs to wait on 1 outstanding Http requests:
[2016.12.09-00.25.45:777][323]LogHttp:Display: 	verb=[POST] url=[https://datarouter.ol.epicgames.com/datarouter/api/v1/public/data?SessionID=%7B5A2246ED-44D1-B698-4BC8-DF99A47FCC52%7D&AppID=UEEditor.Rocket.Release&AppVersion=4.14.0-3195953%2B%2B%2BUE4%2BRelease-4.14&UserID=ee3b241a495053a0bd6200bf42883634%7C1c19fdc412574c20995013e52f6a1f64%7Ced9cb06e-d67d-4ab3-83a7-d3b35942cc18&AppEnvironment=datacollector-binary&UploadType=eteventstream] status=Processing
[2016.12.09-00.25.45:798][323]LogModuleManager: Shutting down and abandoning module MovieSceneCapture (243)
[2016.12.09-00.25.45:798][323]LogModuleManager: Shutting down and abandoning module HierarchicalLODOutliner (242)
[2016.12.09-00.25.45:799][323]LogModuleManager: Shutting down and abandoning module ExternalImagePicker (241)
[2016.12.09-00.25.45:799][323]LogModuleManager: Shutting down and abandoning module CrashTracker (240)
[2016.12.09-00.25.45:799][323]LogModuleManager: Shutting down and abandoning module SceneOutliner (239)
[2016.12.09-00.25.45:799][323]LogModuleManager: Shutting down and abandoning module WidgetCarousel (238)
[2016.12.09-00.25.45:799][323]LogModuleManager: Shutting down and abandoning module AddContentDialog (237)
[2016.12.09-00.25.45:799][323]LogDirectoryWatcher: A directory notification for 'C:/Program Files (x86)/Epic Games/4.14/FeaturePacks/' was aborted.
[2016.12.09-00.25.45:800][323]LogModuleManager: Shutting down and abandoning module GameplayTags (236)
[2016.12.09-00.25.45:800][323]LogModuleManager: Shutting down and abandoning module EditorWidgets (235)
[2016.12.09-00.25.45:800][323]LogModuleManager: Shutting down and abandoning module CollectionManager (234)
[2016.12.09-00.25.45:800][323]LogDirectoryWatcher: A directory notification for 'C:/GameDev/Presentation/GameDev_CLone/CLone/Content/Collections/' was aborted.
[2016.12.09-00.25.45:800][323]LogDirectoryWatcher: A directory notification for 'C:/GameDev/Presentation/GameDev_CLone/CLone/Content/Developers/benmb/Collections/' was aborted.
[2016.12.09-00.25.45:800][323]LogDirectoryWatcher: A directory notification for 'C:/GameDev/Presentation/GameDev_CLone/CLone/Saved/Collections/' was aborted.
[2016.12.09-00.25.45:800][323]LogModuleManager: Shutting down and abandoning module StatsViewer (233)
[2016.12.09-00.25.45:801][323]LogModuleManager: Shutting down and abandoning module FoliageEdit (232)
[2016.12.09-00.25.45:801][323]LogModuleManager: Shutting down and abandoning module LandscapeEditor (231)
[2016.12.09-00.25.45:801][323]LogModuleManager: Shutting down and abandoning module SceneDepthPickerMode (230)
[2016.12.09-00.25.45:802][323]LogModuleManager: Shutting down and abandoning module ActorPickerMode (229)
[2016.12.09-00.25.45:802][323]LogModuleManager: Shutting down and abandoning module GeometryMode (228)
[2016.12.09-00.25.45:802][323]LogModuleManager: Shutting down and abandoning module TextureAlignMode (227)
[2016.12.09-00.25.45:802][323]LogModuleManager: Shutting down and abandoning module BspMode (226)
[2016.12.09-00.25.45:802][323]LogModuleManager: Shutting down and abandoning module HardwareSurvey (225)
[2016.12.09-00.25.45:802][323]LogModuleManager: Shutting down and abandoning module SequenceRecorderSections (224)
[2016.12.09-00.25.45:802][323]LogModuleManager: Shutting down and abandoning module AutomationWorker (223)
[2016.12.09-00.25.45:802][323]LogModuleManager: Shutting down and abandoning module MatineeToLevelSequence (222)
[2016.12.09-00.25.45:802][323]LogModuleManager: Shutting down and abandoning module PlacementMode (221)
[2016.12.09-00.25.45:802][323]LogModuleManager: Shutting down and abandoning module LevelSequenceEditor (220)
[2016.12.09-00.25.45:803][323]LogModuleManager: Shutting down and abandoning module WmfMediaFactory (219)
[2016.12.09-00.25.45:803][323]LogModuleManager: Shutting down and abandoning module WmfMediaEditor (218)
[2016.12.09-00.25.45:803][323]LogModuleManager: Shutting down and abandoning module AvfMediaFactory (217)
[2016.12.09-00.25.45:803][323]LogModuleManager: Shutting down and abandoning module AvfMediaEditor (216)
[2016.12.09-00.25.45:803][323]LogModuleManager: Shutting down and abandoning module Media (215)
[2016.12.09-00.25.45:803][323]LogModuleManager: Shutting down and abandoning module AndroidMediaFactory (214)
[2016.12.09-00.25.45:803][323]LogModuleManager: Shutting down and abandoning module AndroidMediaEditor (213)
[2016.12.09-00.25.45:803][323]LogModuleManager: Shutting down and abandoning module CharacterAI (212)
[2016.12.09-00.25.45:803][323]LogModuleManager: Shutting down and abandoning module SequenceRecorder (211)
[2016.12.09-00.25.45:803][323]LogModuleManager: Shutting down and abandoning module AudioCapture (210)
[2016.12.09-00.25.45:803][323]LogModuleManager: Shutting down and abandoning module SmartSnapping (209)
[2016.12.09-00.25.45:803][323]LogModuleManager: Shutting down and abandoning module SessionServices (208)
[2016.12.09-00.25.45:803][323]LogModuleManager: Shutting down and abandoning module ViewportSnapping (207)
[2016.12.09-00.25.45:803][323]LogModuleManager: Shutting down and abandoning module ViewportInteraction (206)
[2016.12.09-00.25.45:803][323]LogModuleManager: Shutting down and abandoning module LogVisualizer (205)
[2016.12.09-00.25.45:804][323]LogModuleManager: Shutting down and abandoning module GameProjectGeneration (204)
[2016.12.09-00.25.45:805][323]LogModuleManager: Shutting down and abandoning module IntroTutorials (203)
[2016.12.09-00.25.45:805][323]LogModuleManager: Shutting down and abandoning module EditorLiveStreaming (202)
[2016.12.09-00.25.45:805][323]LogModuleManager: Shutting down and abandoning module IOSPlatformEditor (201)
[2016.12.09-00.25.45:806][323]LogModuleManager: Shutting down and abandoning module HTML5PlatformEditor (200)
[2016.12.09-00.25.45:806][323]LogModuleManager: Shutting down and abandoning module AndroidDeviceDetection (199)
[2016.12.09-00.25.46:635][323]LogModuleManager: Shutting down and abandoning module AndroidPlatformEditor (198)
[2016.12.09-00.25.46:635][323]LogModuleManager: Shutting down and abandoning module IOSRuntimeSettings (197)
[2016.12.09-00.25.46:635][323]LogModuleManager: Shutting down and abandoning module AndroidRuntimeSettings (196)
[2016.12.09-00.25.46:635][323]LogModuleManager: Shutting down and abandoning module InputBindingEditor (195)
[2016.12.09-00.25.46:635][323]LogModuleManager: Shutting down and abandoning module NiagaraEditor (194)
[2016.12.09-00.25.46:636][323]LogModuleManager: Shutting down and abandoning module MergeActors (193)
[2016.12.09-00.25.46:636][323]LogModuleManager: Shutting down and abandoning module SizeMap (192)
[2016.12.09-00.25.46:636][323]LogModuleManager: Shutting down and abandoning module TreeMap (191)
[2016.12.09-00.25.46:636][323]LogModuleManager: Shutting down and abandoning module ReferenceViewer (190)
[2016.12.09-00.25.46:636][323]LogModuleManager: Shutting down and abandoning module LocalizationService (189)
[2016.12.09-00.25.46:636][323]LogModuleManager: Shutting down and abandoning module LocalizationDashboard (188)
[2016.12.09-00.25.46:637][323]LogModuleManager: Shutting down and abandoning module HardwareTargeting (187)
[2016.12.09-00.25.46:637][323]LogModuleManager: Shutting down and abandoning module DeviceProfileEditor (186)
[2016.12.09-00.25.46:637][323]LogModuleManager: Shutting down and abandoning module UndoHistory (185)
[2016.12.09-00.25.46:638][323]LogModuleManager: Shutting down and abandoning module UserFeedback (184)
[2016.12.09-00.25.46:638][323]LogModuleManager: Shutting down and abandoning module XmlParser (183)
[2016.12.09-00.25.46:638][323]LogModuleManager: Shutting down and abandoning module Blutility (182)
[2016.12.09-00.25.46:638][323]LogModuleManager: Shutting down and abandoning module ProjectTargetPlatformEditor (181)
[2016.12.09-00.25.46:639][323]LogModuleManager: Shutting down and abandoning module ProjectSettingsViewer (180)
[2016.12.09-00.25.46:639][323]LogModuleManager: Shutting down and abandoning module EditorSettingsViewer (179)
[2016.12.09-00.25.46:639][323]LogModuleManager: Shutting down and abandoning module SettingsEditor (178)
[2016.12.09-00.25.46:639][323]LogModuleManager: Shutting down and abandoning module ProjectLauncher (177)
[2016.12.09-00.25.46:640][323]LogModuleManager: Shutting down and abandoning module SessionFrontend (176)
[2016.12.09-00.25.46:640][323]LogModuleManager: Shutting down and abandoning module ProfilerClient (175)
[2016.12.09-00.25.46:640][323]LogModuleManager: Shutting down and abandoning module TargetDeviceServices (174)
[2016.12.09-00.25.46:641][323]LogModuleManager: Shutting down and abandoning module DeviceManager (173)
[2016.12.09-00.25.46:684][323]LogModuleManager: Shutting down and abandoning module AutomationController (172)
[2016.12.09-00.25.46:684][323]LogModuleManager: Shutting down and abandoning module AutomationWindow (171)
[2016.12.09-00.25.46:685][323]LogModuleManager: Shutting down and abandoning module Layers (170)
[2016.12.09-00.25.46:687][323]LogModuleManager: Shutting down and abandoning module ComponentVisualizers (169)
[2016.12.09-00.25.46:687][323]LogModuleManager: Shutting down and abandoning module DetailCustomizations (168)
[2016.12.09-00.25.46:687][323]LogModuleManager: Shutting down and abandoning module PackagesDialog (167)
[2016.12.09-00.25.46:687][323]LogModuleManager: Shutting down and abandoning module AnimGraph (166)
[2016.12.09-00.25.46:687][323]LogModuleManager: Shutting down and abandoning module Persona (165)
[2016.12.09-00.25.46:687][323]LogModuleManager: Shutting down and abandoning module Kismet (164)
[2016.12.09-00.25.46:688][323]LogModuleManager: Shutting down and abandoning module GraphEditor (163)
[2016.12.09-00.25.46:691][323]LogModuleManager: Shutting down and abandoning module ClassViewer (162)
[2016.12.09-00.25.46:691][323]LogModuleManager: Shutting down and abandoning module Toolbox (161)
[2016.12.09-00.25.46:691][323]LogModuleManager: Shutting down and abandoning module ModuleUI (160)
[2016.12.09-00.25.46:692][323]LogModuleManager: Shutting down and abandoning module MovieSceneTools (159)
[2016.12.09-00.25.46:692][323]LogModuleManager: Shutting down and abandoning module OutputLog (158)
[2016.12.09-00.25.46:693][323]LogModuleManager: Shutting down and abandoning module GammaUI (157)
[2016.12.09-00.25.46:693][323]LogModuleManager: Shutting down and abandoning module Documentation (156)
[2016.12.09-00.25.46:694][323]LogModuleManager: Shutting down and abandoning module Niagara (155)
[2016.12.09-00.25.46:694][323]LogModuleManager: Shutting down and abandoning module StreamingPauseRendering (154)
[2016.12.09-00.25.46:694][323]LogModuleManager: Shutting down and abandoning module AnalyticsET (153)
[2016.12.09-00.25.46:694][323]LogModuleManager: Shutting down and abandoning module PortalServices (152)
[2016.12.09-00.25.46:694][323]LogModuleManager: Shutting down and abandoning module PortalRpc (151)
[2016.12.09-00.25.46:694][323]LogModuleManager: Shutting down and abandoning module MessagingRpc (150)
[2016.12.09-00.25.46:694][323]LogModuleManager: Shutting down and abandoning module GameplayDebugger (149)
[2016.12.09-00.25.46:694][323]LogModuleManager: Shutting down and abandoning module AITestSuite (148)
[2016.12.09-00.25.46:694][323]LogModuleManager: Shutting down and abandoning module AIModule (147)
[2016.12.09-00.25.46:694][323]LogModuleManager: Shutting down and abandoning module ProfilerService (146)
[2016.12.09-00.25.46:863][323]LogModuleManager: Shutting down and abandoning module TaskGraph (145)
[2016.12.09-00.25.46:871][323]LogModuleManager: Shutting down and abandoning module SlateRemote (144)
[2016.12.09-00.25.46:871][323]LogModuleManager: Shutting down and abandoning module SteamVRController (143)
[2016.12.09-00.25.46:871][323]LogModuleManager: Shutting down and abandoning module SteamVR (142)
[2016.12.09-00.25.46:871][323]LogModuleManager: Shutting down and abandoning module ProceduralMeshComponentEditor (141)
[2016.12.09-00.25.46:871][323]LogModuleManager: Shutting down and abandoning module ProceduralMeshComponent (140)
[2016.12.09-00.25.46:871][323]LogModuleManager: Shutting down and abandoning module OculusLibrary (139)
[2016.12.09-00.25.46:871][323]LogModuleManager: Shutting down and abandoning module OculusInput (138)
[2016.12.09-00.25.46:871][323]LogModuleManager: Shutting down and abandoning module MobilePatchingUtils (137)
[2016.12.09-00.25.46:871][323]LogModuleManager: Shutting down and abandoning module CustomMeshComponent (136)
[2016.12.09-00.25.46:871][323]LogModuleManager: Shutting down and abandoning module CableComponent (135)
[2016.12.09-00.25.46:871][323]LogModuleManager: Shutting down and abandoning module ArchVisCharacter (134)
[2016.12.09-00.25.46:871][323]LogModuleManager: Shutting down and abandoning module MediaPlayerEditor (132)
[2016.12.09-00.25.46:875][323]LogModuleManager: Shutting down and abandoning module HTML5Networking (131)
[2016.12.09-00.25.46:875][323]LogModuleManager: Shutting down and abandoning module GeometryCacheEd (130)
[2016.12.09-00.25.46:875][323]LogModuleManager: Shutting down and abandoning module GeometryCache (129)
[2016.12.09-00.25.46:875][323]LogModuleManager: Shutting down and abandoning module AlembicLibrary (128)
[2016.12.09-00.25.46:875][323]LogModuleManager: Shutting down and abandoning module AlembicImporter (127)
[2016.12.09-00.25.46:876][323]LogModuleManager: Shutting down and abandoning module SuperSearch (126)
[2016.12.09-00.25.46:876][323]LogModuleManager: Shutting down and abandoning module SuperSearchEditor (125)
[2016.12.09-00.25.46:876][323]LogModuleManager: Shutting down and abandoning module SpeedTreeImporter (124)
[2016.12.09-00.25.46:876][323]LogModuleManager: Shutting down and abandoning module PluginBrowser (123)
[2016.12.09-00.25.46:876][323]LogModuleManager: Shutting down and abandoning module MobileLauncherProfileWizard (122)
[2016.12.09-00.25.46:883][323]LogModuleManager: Shutting down and abandoning module EpicSurvey (121)
[2016.12.09-00.25.46:883][323]LogModuleManager: Shutting down and abandoning module DesktopPlatform (120)
[2016.12.09-00.25.46:883][323]LogModuleManager: Shutting down and abandoning module VisualStudioSourceCodeAccess (119)
[2016.12.09-00.25.46:883][323]LogModuleManager: Shutting down and abandoning module UObjectPlugin (118)
[2016.12.09-00.25.46:883][323]LogModuleManager: Shutting down and abandoning module SubversionSourceControl (117)
[2016.12.09-00.25.46:884][323]LogModuleManager: Shutting down and abandoning module PerforceSourceControl (116)
[2016.12.09-00.25.46:884][323]LogModuleManager: Shutting down and abandoning module SourceControl (115)
[2016.12.09-00.25.46:884][323]LogModuleManager: Shutting down and abandoning module GitSourceControl (114)
[2016.12.09-00.25.46:884][323]LogModuleManager: Shutting down and abandoning module LightPropagationVolumeEditor (113)
[2016.12.09-00.25.46:884][323]LogModuleManager: Shutting down and abandoning module PaperTiledImporter (112)
[2016.12.09-00.25.46:884][323]LogModuleManager: Shutting down and abandoning module PaperSpriteSheetImporter (111)
[2016.12.09-00.25.46:884][323]LogModuleManager: Shutting down and abandoning module MeshPaint (110)
[2016.12.09-00.25.46:884][323]LogModuleManager: Shutting down and abandoning module PixelInspectorModule (109)
[2016.12.09-00.25.46:884][323]LogModuleManager: Shutting down and abandoning module HotReload (108)
[2016.12.09-00.25.46:884][323]LogModuleManager: Shutting down and abandoning module MainFrame (107)
[2016.12.09-00.25.46:884][323]LogModuleManager: Shutting down and abandoning module LevelEditor (106)
[2016.12.09-00.25.46:886][323]LogModuleManager: Shutting down and abandoning module ContentBrowser (105)
[2016.12.09-00.25.46:887][323]LogModuleManager: Shutting down and abandoning module Paper2DEditor (104)
[2016.12.09-00.25.46:893][323]LogModuleManager: Shutting down and abandoning module UdpMessaging (103)
[2016.12.09-00.25.46:994][323]LogModuleManager: Shutting down and abandoning module TcpMessaging (102)
[2016.12.09-00.25.47:095][323]LogModuleManager: Shutting down and abandoning module LightPropagationVolumeRuntime (101)
[2016.12.09-00.25.47:095][323]LogModuleManager: Shutting down and abandoning module Paper2D (100)
[2016.12.09-00.25.47:095][323]LogModuleManager: Shutting down and abandoning module WindowsMoviePlayer (99)
[2016.12.09-00.25.47:095][323]LogModuleManager: Shutting down and abandoning module WmfMedia (98)
[2016.12.09-00.25.47:095][323]LogModuleManager: Shutting down and abandoning module MediaAssets (97)
[2016.12.09-00.25.47:095][323]LogModuleManager: Shutting down and abandoning module GameLiveStreaming (96)
[2016.12.09-00.25.47:096][323]LogModuleManager: Shutting down and abandoning module GameplayTagsEditor (95)
[2016.12.09-00.25.47:096][323]LogModuleManager: Shutting down and abandoning module VREditor (94)
[2016.12.09-00.25.47:096][323]LogModuleManager: Shutting down and abandoning module GameplayTasksEditor (93)
[2016.12.09-00.25.47:096][323]LogModuleManager: Shutting down and abandoning module BehaviorTreeEditor (92)
[2016.12.09-00.25.47:096][323]LogModuleManager: Shutting down and abandoning module FunctionalTesting (91)
[2016.12.09-00.25.47:096][323]LogModuleManager: Shutting down and abandoning module CollisionAnalyzer (90)
[2016.12.09-00.25.47:096][323]LogModuleManager: Shutting down and abandoning module Sequencer (89)
[2016.12.09-00.25.47:097][323]LogModuleManager: Shutting down and abandoning module WorkspaceMenuStructure (88)
[2016.12.09-00.25.47:097][323]LogModuleManager: Shutting down and abandoning module MessageLog (87)
[2016.12.09-00.25.47:097][323]LogModuleManager: Shutting down and abandoning module AssetTools (86)
[2016.12.09-00.25.47:099][323]LogModuleManager: Shutting down and abandoning module UMGEditor (85)
[2016.12.09-00.25.47:099][323]LogModuleManager: Shutting down and abandoning module UMG (84)
[2016.12.09-00.25.47:099][323]LogModuleManager: Shutting down and abandoning module SlateReflector (83)
[2016.12.09-00.25.47:099][323]LogModuleManager: Shutting down and abandoning module Slate (82)
[2016.12.09-00.25.47:099][323]LogModuleManager: Shutting down and abandoning module EditorStyle (81)
[2016.12.09-00.25.47:103][323]LogModuleManager: Shutting down and abandoning module SourceCodeAccess (80)
[2016.12.09-00.25.47:103][323]LogModuleManager: Shutting down and abandoning module HeadMountedDisplay (79)
[2016.12.09-00.25.47:103][323]LogModuleManager: Shutting down and abandoning module XAudio2 (78)
[2016.12.09-00.25.47:103][323]LogModuleManager: Shutting down and abandoning module Networking (76)
[2016.12.09-00.25.47:103][323]LogModuleManager: Shutting down and abandoning module Core (75)
[2016.12.09-00.25.47:103][323]LogModuleManager: Shutting down and abandoning module DirectoryWatcher (74)
[2016.12.09-00.25.47:103][323]LogDirectoryWatcher: A directory notification for '../../../Engine/Content/' was aborted.
[2016.12.09-00.25.47:103][323]LogDirectoryWatcher: A directory notification for '../../../../../../GameDev/Presentation/GameDev_CLone/CLone/Content/' was aborted.
[2016.12.09-00.25.47:103][323]LogDirectoryWatcher: A directory notification for '../../../Engine/Plugins/2D/Paper2D/Content/' was aborted.
[2016.12.09-00.25.47:103][323]LogModuleManager: Shutting down and abandoning module AssetRegistry (73)
[2016.12.09-00.25.47:240][323]LogModuleManager: Shutting down and abandoning module KismetCompiler (72)
[2016.12.09-00.25.47:241][323]LogModuleManager: Shutting down and abandoning module PhysXFormats (71)
[2016.12.09-00.25.47:241][323]LogModuleManager: Shutting down and abandoning module SimplygonSwarm (70)
[2016.12.09-00.25.47:241][323]LogModuleManager: Shutting down and abandoning module SimplygonMeshReduction (69)
[2016.12.09-00.25.47:241][323]LogModuleManager: Shutting down and abandoning module QuadricMeshReduction (68)
[2016.12.09-00.25.47:241][323]LogModuleManager: Shutting down and abandoning module PropertyEditor (67)
[2016.12.09-00.25.47:241][323]LogModuleManager: Shutting down and abandoning module MeshUtilities (66)
[2016.12.09-00.25.47:241][323]LogModuleManager: Shutting down and abandoning module DerivedDataCache (65)
[2016.12.09-00.25.47:289][323]LogDerivedDataCache: Shutdown
[2016.12.09-00.25.47:289][323]LogModuleManager: Shutting down and abandoning module VulkanShaderFormat (64)
[2016.12.09-00.25.47:289][323]LogModuleManager: Shutting down and abandoning module ShaderFormatOpenGL (63)
[2016.12.09-00.25.47:290][323]LogModuleManager: Shutting down and abandoning module ShaderFormatD3D (62)
[2016.12.09-00.25.47:290][323]LogModuleManager: Shutting down and abandoning module MetalShaderFormat (61)
[2016.12.09-00.25.47:291][323]LogModuleManager: Shutting down and abandoning module TextureFormatUncompressed (60)
[2016.12.09-00.25.47:291][323]LogModuleManager: Shutting down and abandoning module TextureFormatPVR (59)
[2016.12.09-00.25.47:291][323]LogModuleManager: Shutting down and abandoning module TextureFormatDXT (58)
[2016.12.09-00.25.47:291][323]LogModuleManager: Shutting down and abandoning module TextureFormatIntelISPCTexComp (57)
[2016.12.09-00.25.47:292][323]LogModuleManager: Shutting down and abandoning module ImageWrapper (56)
[2016.12.09-00.25.47:292][323]LogModuleManager: Shutting down and abandoning module TextureFormatASTC (55)
[2016.12.09-00.25.47:292][323]LogModuleManager: Shutting down and abandoning module TextureFormatAndroid (54)
[2016.12.09-00.25.47:292][323]LogModuleManager: Shutting down and abandoning module AudioFormatOpus (53)
[2016.12.09-00.25.47:292][323]LogModuleManager: Shutting down and abandoning module AudioFormatOgg (52)
[2016.12.09-00.25.47:292][323]LogModuleManager: Shutting down and abandoning module AudioFormatADPCM (51)
[2016.12.09-00.25.47:292][323]LogModuleManager: Shutting down and abandoning module LinuxTargetPlatform (50)
[2016.12.09-00.25.47:292][323]LogModuleManager: Shutting down and abandoning module LinuxServerTargetPlatform (49)
[2016.12.09-00.25.47:292][323]LogModuleManager: Shutting down and abandoning module LinuxNoEditorTargetPlatform (48)
[2016.12.09-00.25.47:292][323]LogModuleManager: Shutting down and abandoning module LinuxClientTargetPlatform (47)
[2016.12.09-00.25.47:292][323]LogModuleManager: Shutting down and abandoning module TVOSTargetPlatform (46)
[2016.12.09-00.25.47:292][323]LogModuleManager: Shutting down and abandoning module Messaging (45)
[2016.12.09-00.25.47:292][323]LogModuleManager: Shutting down and abandoning module IOSTargetPlatform (44)
[2016.12.09-00.25.47:292][323]LogModuleManager: Shutting down and abandoning module HTML5TargetPlatform (43)
[2016.12.09-00.25.47:292][323]LogModuleManager: Shutting down and abandoning module Android_PVRTCTargetPlatform (42)
[2016.12.09-00.25.47:292][323]LogModuleManager: Shutting down and abandoning module Android_MultiTargetPlatform (41)
[2016.12.09-00.25.47:292][323]LogModuleManager: Shutting down and abandoning module Android_ETC2TargetPlatform (40)
[2016.12.09-00.25.47:292][323]LogModuleManager: Shutting down and abandoning module Android_ETC1TargetPlatform (39)
[2016.12.09-00.25.47:292][323]LogModuleManager: Shutting down and abandoning module Android_DXTTargetPlatform (38)
[2016.12.09-00.25.47:292][323]LogModuleManager: Shutting down and abandoning module Android_ATCTargetPlatform (37)
[2016.12.09-00.25.47:292][323]LogModuleManager: Shutting down and abandoning module Android_ASTCTargetPlatform (36)
[2016.12.09-00.25.47:292][323]LogModuleManager: Shutting down and abandoning module AndroidTargetPlatform (35)
[2016.12.09-00.25.47:292][323]LogModuleManager: Shutting down and abandoning module WindowsTargetPlatform (34)
[2016.12.09-00.25.47:292][323]LogModuleManager: Shutting down and abandoning module WindowsServerTargetPlatform (33)
[2016.12.09-00.25.47:292][323]LogModuleManager: Shutting down and abandoning module WindowsNoEditorTargetPlatform (32)
[2016.12.09-00.25.47:292][323]LogModuleManager: Shutting down and abandoning module WindowsClientTargetPlatform (31)
[2016.12.09-00.25.47:292][323]LogModuleManager: Shutting down and abandoning module MacTargetPlatform (30)
[2016.12.09-00.25.47:292][323]LogModuleManager: Shutting down and abandoning module MacServerTargetPlatform (29)
[2016.12.09-00.25.47:292][323]LogModuleManager: Shutting down and abandoning module MacNoEditorTargetPlatform (28)
[2016.12.09-00.25.47:292][323]LogModuleManager: Shutting down and abandoning module MacClientTargetPlatform (27)
[2016.12.09-00.25.47:292][323]LogModuleManager: Shutting down and abandoning module AllDesktopTargetPlatform (26)
[2016.12.09-00.25.47:292][323]LogModuleManager: Shutting down and abandoning module TargetPlatform (25)
[2016.12.09-00.25.47:292][323]LogModuleManager: Shutting down and abandoning module InputCore (24)
[2016.12.09-00.25.47:292][323]LogModuleManager: Shutting down and abandoning module Settings (23)
[2016.12.09-00.25.47:292][323]LogModuleManager: Shutting down and abandoning module OculusRift (22)
[2016.12.09-00.25.47:292][323]LogModuleManager: Shutting down and abandoning module ExampleDeviceProfileSelector (21)
[2016.12.09-00.25.47:292][323]LogModuleManager: Shutting down and abandoning module OnlineBlueprintSupport (20)
[2016.12.09-00.25.47:292][323]LogModuleManager: Shutting down and abandoning module OnlineSubsystem (18)
[2016.12.09-00.25.47:292][323]LogOnline:Display: Unloading online subsystem: NULL
[2016.12.09-00.25.47:293][323]LogModuleManager: Shutting down and abandoning module SSL (17)
[2016.12.09-00.25.47:295][323]LogModuleManager: Shutting down and abandoning module HTTP (16)
[2016.12.09-00.25.47:295][323]LogModuleManager: Shutting down and abandoning module XMPP (15)
[2016.12.09-00.25.47:296][323]LogModuleManager: Shutting down and abandoning module TextureCompressor (14)
[2016.12.09-00.25.47:297][323]LogModuleManager: Shutting down and abandoning module ShaderCore (13)
[2016.12.09-00.25.47:297][323]LogModuleManager: Shutting down and abandoning module Landscape (12)
[2016.12.09-00.25.47:297][323]LogModuleManager: Shutting down and abandoning module SlateRHIRenderer (11)
[2016.12.09-00.25.47:298][323]LogModuleManager: Shutting down and abandoning module OpenGLDrv (10)
[2016.12.09-00.25.47:299][323]LogModuleManager: Shutting down and abandoning module D3D11RHI (9)
[2016.12.09-00.25.47:299][323]LogModuleManager: Shutting down and abandoning module AnimGraphRuntime (8)
[2016.12.09-00.25.47:299][323]LogModuleManager: Shutting down and abandoning module Renderer (7)
[2016.12.09-00.25.47:299][323]LogModuleManager: Shutting down and abandoning module Engine (6)
[2016.12.09-00.25.47:299][323]LogModuleManager: Shutting down and abandoning module CoreUObject (5)
[2016.12.09-00.25.47:299][323]LogModuleManager: Shutting down and abandoning module NetworkFile (4)
[2016.12.09-00.25.47:299][323]LogModuleManager: Shutting down and abandoning module StreamingFile (3)
[2016.12.09-00.25.47:299][323]LogModuleManager: Shutting down and abandoning module SandboxFile (2)
[2016.12.09-00.25.47:299][323]LogModuleManager: Shutting down and abandoning module PakFile (1)
[2016.12.09-00.25.47:300][323]LogExit: Exiting.
[2016.12.09-00.25.47:318][323]Log file closed, 12/08/16 18:25:47
