Log file open, 12/07/16 16:48:28
LogInit:Display: Running engine for game: CLone
LogPlatformFile: Not using cached read wrapper
LogInit:Display: RandInit(-1388635808) SRandInit(-1388635808).
LogTaskGraph: Started task graph with 5 named threads and 6 total threads with 1 sets of task threads.
LogStats: Stats thread started at 0.080042
LogPluginManager: Loaded Plugin Paper2D, From C:/Program Files (x86)/Epic Games/4.14/Engine/Plugins/2D/Paper2D/Paper2D.uplugin
LogPluginManager: Loaded Plugin LightPropagationVolume, From C:/Program Files (x86)/Epic Games/4.14/Engine/Plugins/Blendables/LightPropagationVolume/LightPropagationVolume.uplugin
LogPluginManager: Loaded Plugin BlankPlugin, From C:/Program Files (x86)/Epic Games/4.14/Engine/Plugins/Developer/BlankPlugin/BlankPlugin.uplugin
LogPluginManager: Loaded Plugin CodeLiteSourceCodeAccess, From C:/Program Files (x86)/Epic Games/4.14/Engine/Plugins/Developer/CodeLiteSourceCodeAccess/CodeLiteSourceCodeAccess.uplugin
LogPluginManager: Loaded Plugin GitSourceControl, From C:/Program Files (x86)/Epic Games/4.14/Engine/Plugins/Developer/GitSourceControl/GitSourceControl.uplugin
LogPluginManager: Loaded Plugin KDevelopSourceCodeAccess, From C:/Program Files (x86)/Epic Games/4.14/Engine/Plugins/Developer/KDevelopSourceCodeAccess/KDevelopSourceCodeAccess.uplugin
LogPluginManager: Loaded Plugin NullSourceCodeAccess, From C:/Program Files (x86)/Epic Games/4.14/Engine/Plugins/Developer/NullSourceCodeAccess/NullSourceCodeAccess.uplugin
LogPluginManager: Loaded Plugin OneSkyLocalizationService, From C:/Program Files (x86)/Epic Games/4.14/Engine/Plugins/Developer/OneSkyLocalizationService/OneSkyLocalizationService.uplugin
LogPluginManager: Loaded Plugin PerforceSourceControl, From C:/Program Files (x86)/Epic Games/4.14/Engine/Plugins/Developer/PerforceSourceControl/PerforceSourceControl.uplugin
LogPluginManager: Loaded Plugin SubversionSourceControl, From C:/Program Files (x86)/Epic Games/4.14/Engine/Plugins/Developer/SubversionSourceControl/SubversionSourceControl.uplugin
LogPluginManager: Loaded Plugin UObjectPlugin, From C:/Program Files (x86)/Epic Games/4.14/Engine/Plugins/Developer/UObjectPlugin/UObjectPlugin.uplugin
LogPluginManager: Loaded Plugin VisualStudioSourceCodeAccess, From C:/Program Files (x86)/Epic Games/4.14/Engine/Plugins/Developer/VisualStudioSourceCodeAccess/VisualStudioSourceCodeAccess.uplugin
LogPluginManager: Loaded Plugin XCodeSourceCodeAccess, From C:/Program Files (x86)/Epic Games/4.14/Engine/Plugins/Developer/XCodeSourceCodeAccess/XCodeSourceCodeAccess.uplugin
LogPluginManager: Loaded Plugin AudioCapture, From C:/Program Files (x86)/Epic Games/4.14/Engine/Plugins/Editor/AudioCapture/AudioCapture.uplugin
LogPluginManager: Loaded Plugin EpicSurvey, From C:/Program Files (x86)/Epic Games/4.14/Engine/Plugins/Editor/EpicSurvey/EpicSurvey.uplugin
LogPluginManager: Loaded Plugin MacGraphicsSwitching, From C:/Program Files (x86)/Epic Games/4.14/Engine/Plugins/Editor/MacGraphicsSwitching/MacGraphicsSwitching.uplugin
LogPluginManager: Loaded Plugin MobileLauncherProfileWizard, From C:/Program Files (x86)/Epic Games/4.14/Engine/Plugins/Editor/MobileLauncherProfileWizard/MobileLauncherProfileWizard.uplugin
LogPluginManager: Loaded Plugin PluginBrowser, From C:/Program Files (x86)/Epic Games/4.14/Engine/Plugins/Editor/PluginBrowser/PluginBrowser.uplugin
LogPluginManager: Loaded Plugin SpeedTreeImporter, From C:/Program Files (x86)/Epic Games/4.14/Engine/Plugins/Editor/SpeedTreeImporter/SpeedTreeImporter.uplugin
LogPluginManager: Loaded Plugin SuperSearchEditor, From C:/Program Files (x86)/Epic Games/4.14/Engine/Plugins/Editor/SuperSearchEditor/SuperSearchEditor.uplugin
LogPluginManager: Loaded Plugin AlembicImporter, From C:/Program Files (x86)/Epic Games/4.14/Engine/Plugins/Experimental/AlembicImporter/AlembicImporter.uplugin
LogPluginManager: Loaded Plugin BlueprintStats, From C:/Program Files (x86)/Epic Games/4.14/Engine/Plugins/Experimental/BlueprintStats/BlueprintStats.uplugin
LogPluginManager: Loaded Plugin CharacterAI, From C:/Program Files (x86)/Epic Games/4.14/Engine/Plugins/Experimental/CharacterAI/CharacterAI.uplugin
LogPluginManager: Loaded Plugin CodeEditor, From C:/Program Files (x86)/Epic Games/4.14/Engine/Plugins/Experimental/CodeEditor/CodeEditor.uplugin
LogPluginManager: Loaded Plugin CodeView, From C:/Program Files (x86)/Epic Games/4.14/Engine/Plugins/Experimental/CodeView/CodeView.uplugin
LogPluginManager: Loaded Plugin HTML5Networking, From C:/Program Files (x86)/Epic Games/4.14/Engine/Plugins/Experimental/HTML5Networking/HTML5Networking.uplugin
LogPluginManager: Loaded Plugin OSVR, From C:/Program Files (x86)/Epic Games/4.14/Engine/Plugins/Experimental/OSVR/OSVR.uplugin
LogPluginManager: Loaded Plugin Phya, From C:/Program Files (x86)/Epic Games/4.14/Engine/Plugins/Experimental/Phya/Phya.uplugin
LogPluginManager: Loaded Plugin SignificanceManager, From C:/Program Files (x86)/Epic Games/4.14/Engine/Plugins/Experimental/SignificanceManager/SignificanceManager.uplugin
LogPluginManager: Loaded Plugin SimpleHMD, From C:/Program Files (x86)/Epic Games/4.14/Engine/Plugins/Experimental/SimpleHMD/SimpleHMD.uplugin
LogPluginManager: Loaded Plugin StereoPanorama, From C:/Program Files (x86)/Epic Games/4.14/Engine/Plugins/Experimental/StereoPanorama/StereoPanorama.uplugin
LogPluginManager: Loaded Plugin StructBox, From C:/Program Files (x86)/Epic Games/4.14/Engine/Plugins/Experimental/StructBox/StructBox.uplugin
LogPluginManager: Loaded Plugin AndroidMedia, From C:/Program Files (x86)/Epic Games/4.14/Engine/Plugins/Media/AndroidMedia/AndroidMedia.uplugin
LogPluginManager: Loaded Plugin AvfMedia, From C:/Program Files (x86)/Epic Games/4.14/Engine/Plugins/Media/AvfMedia/AvfMedia.uplugin
LogPluginManager: Loaded Plugin MediaPlayerEditor, From C:/Program Files (x86)/Epic Games/4.14/Engine/Plugins/Media/MediaPlayerEditor/MediaPlayerEditor.uplugin
LogPluginManager: Loaded Plugin WmfMedia, From C:/Program Files (x86)/Epic Games/4.14/Engine/Plugins/Media/WmfMedia/WmfMedia.uplugin
LogPluginManager: Loaded Plugin MessagingDebugger, From C:/Program Files (x86)/Epic Games/4.14/Engine/Plugins/Messaging/MessagingDebugger/MessagingDebugger.uplugin
LogPluginManager: Loaded Plugin TcpMessaging, From C:/Program Files (x86)/Epic Games/4.14/Engine/Plugins/Messaging/TcpMessaging/TcpMessaging.uplugin
LogPluginManager: Loaded Plugin UdpMessaging, From C:/Program Files (x86)/Epic Games/4.14/Engine/Plugins/Messaging/UdpMessaging/UdpMessaging.uplugin
LogPluginManager: Loaded Plugin LevelSequenceEditor, From C:/Program Files (x86)/Epic Games/4.14/Engine/Plugins/MovieScene/LevelSequenceEditor/LevelSequenceEditor.uplugin
LogPluginManager: Loaded Plugin MatineeToLevelSequence, From C:/Program Files (x86)/Epic Games/4.14/Engine/Plugins/MovieScene/MatineeToLevelSequence/MatineeToLevelSequence.uplugin
LogPluginManager: Loaded Plugin NetcodeUnitTest, From C:/Program Files (x86)/Epic Games/4.14/Engine/Plugins/NetcodeUnitTest/NetcodeUnitTest/NetcodeUnitTest.uplugin
LogPluginManager: Loaded Plugin NUTUnrealEngine4, From C:/Program Files (x86)/Epic Games/4.14/Engine/Plugins/NetcodeUnitTest/NUTUnrealEngine4/NUTUnrealEngine4.uplugin
LogPluginManager: Loaded Plugin OnlineSubsystemGameCircle, From C:/Program Files (x86)/Epic Games/4.14/Engine/Plugins/Online/Android/OnlineSubsystemGameCircle/OnlineSubsystemGameCircle.uplugin
LogPluginManager: Loaded Plugin OnlineSubsystemGooglePlay, From C:/Program Files (x86)/Epic Games/4.14/Engine/Plugins/Online/Android/OnlineSubsystemGooglePlay/OnlineSubsystemGooglePlay.uplugin
LogPluginManager: Loaded Plugin OnlineSubsystemIOS, From C:/Program Files (x86)/Epic Games/4.14/Engine/Plugins/Online/IOS/OnlineSubsystemIOS/OnlineSubsystemIOS.uplugin
LogPluginManager: Loaded Plugin OnlineFramework, From C:/Program Files (x86)/Epic Games/4.14/Engine/Plugins/Online/OnlineFramework/OnlineFramework.uplugin
LogPluginManager: Loaded Plugin OnlineSubsystem, From C:/Program Files (x86)/Epic Games/4.14/Engine/Plugins/Online/OnlineSubsystem/OnlineSubsystem.uplugin
LogPluginManager: Loaded Plugin OnlineSubsystemAmazon, From C:/Program Files (x86)/Epic Games/4.14/Engine/Plugins/Online/OnlineSubsystemAmazon/OnlineSubsystemAmazon.uplugin
LogPluginManager: Loaded Plugin OnlineSubsystemFacebook, From C:/Program Files (x86)/Epic Games/4.14/Engine/Plugins/Online/OnlineSubsystemFacebook/OnlineSubsystemFacebook.uplugin
LogPluginManager: Loaded Plugin OnlineSubsystemNull, From C:/Program Files (x86)/Epic Games/4.14/Engine/Plugins/Online/OnlineSubsystemNull/OnlineSubsystemNull.uplugin
LogPluginManager: Loaded Plugin OnlineSubsystemOculus, From C:/Program Files (x86)/Epic Games/4.14/Engine/Plugins/Online/OnlineSubsystemOculus/OnlineSubsystemOculus.uplugin
LogPluginManager: Loaded Plugin OnlineSubsystemSteam, From C:/Program Files (x86)/Epic Games/4.14/Engine/Plugins/Online/OnlineSubsystemSteam/OnlineSubsystemSteam.uplugin
LogPluginManager: Loaded Plugin OnlineSubsystemUtils, From C:/Program Files (x86)/Epic Games/4.14/Engine/Plugins/Online/OnlineSubsystemUtils/OnlineSubsystemUtils.uplugin
LogPluginManager: Loaded Plugin IOSTapJoy, From C:/Program Files (x86)/Epic Games/4.14/Engine/Plugins/Runtime/Advertising/IOSTapJoy/IOSTapJoy.uplugin
LogPluginManager: Loaded Plugin AnalyticsBlueprintLibrary, From C:/Program Files (x86)/Epic Games/4.14/Engine/Plugins/Runtime/Analytics/AnalyticsBlueprintLibrary/AnalyticsBlueprintLibrary.uplugin
LogPluginManager: Loaded Plugin AnalyticsMulticast, From C:/Program Files (x86)/Epic Games/4.14/Engine/Plugins/Runtime/Analytics/AnalyticsMulticast/AnalyticsMulticast.uplugin
LogPluginManager: Loaded Plugin Apsalar, From C:/Program Files (x86)/Epic Games/4.14/Engine/Plugins/Runtime/Analytics/Apsalar/Apsalar.uplugin
LogPluginManager: Loaded Plugin FileLogging, From C:/Program Files (x86)/Epic Games/4.14/Engine/Plugins/Runtime/Analytics/FileLogging/FileLogging.uplugin
LogPluginManager: Loaded Plugin Flurry, From C:/Program Files (x86)/Epic Games/4.14/Engine/Plugins/Runtime/Analytics/Flurry/Flurry.uplugin
LogPluginManager: Loaded Plugin AndroidDeviceProfileSelector, From C:/Program Files (x86)/Epic Games/4.14/Engine/Plugins/Runtime/AndroidDeviceProfileSelector/AndroidDeviceProfileSelector.uplugin
LogPluginManager: Loaded Plugin AndroidMoviePlayer, From C:/Program Files (x86)/Epic Games/4.14/Engine/Plugins/Runtime/AndroidMoviePlayer/AndroidMoviePlayer.uplugin
LogPluginManager: Loaded Plugin AppleMoviePlayer, From C:/Program Files (x86)/Epic Games/4.14/Engine/Plugins/Runtime/AppleMoviePlayer/AppleMoviePlayer.uplugin
LogPluginManager: Loaded Plugin ArchVisCharacter, From C:/Program Files (x86)/Epic Games/4.14/Engine/Plugins/Runtime/ArchVisCharacter/ArchVisCharacter.uplugin
LogPluginManager: Loaded Plugin CableComponent, From C:/Program Files (x86)/Epic Games/4.14/Engine/Plugins/Runtime/CableComponent/CableComponent.uplugin
LogPluginManager: Loaded Plugin CustomMeshComponent, From C:/Program Files (x86)/Epic Games/4.14/Engine/Plugins/Runtime/CustomMeshComponent/CustomMeshComponent.uplugin
LogPluginManager: Loaded Plugin ExampleDeviceProfileSelector, From C:/Program Files (x86)/Epic Games/4.14/Engine/Plugins/Runtime/ExampleDeviceProfileSelector/ExampleDeviceProfileSelector.uplugin
LogPluginManager: Loaded Plugin GearVR, From C:/Program Files (x86)/Epic Games/4.14/Engine/Plugins/Runtime/GearVR/GearVR.uplugin
LogPluginManager: Loaded Plugin GoogleVRController, From C:/Program Files (x86)/Epic Games/4.14/Engine/Plugins/Runtime/GoogleVR/GoogleVRController/GoogleVRController.uplugin
LogPluginManager: Loaded Plugin GoogleVRHMD, From C:/Program Files (x86)/Epic Games/4.14/Engine/Plugins/Runtime/GoogleVR/GoogleVRHMD/GoogleVRHMD.uplugin
LogPluginManager: Loaded Plugin IOSDeviceProfileSelector, From C:/Program Files (x86)/Epic Games/4.14/Engine/Plugins/Runtime/IOSDeviceProfileSelector/IOSDeviceProfileSelector.uplugin
LogPluginManager: Loaded Plugin LeapMotion, From C:/Program Files (x86)/Epic Games/4.14/Engine/Plugins/Runtime/LeapMotion/LeapMotion.uplugin
LogPluginManager: Loaded Plugin LinuxDeviceProfileSelector, From C:/Program Files (x86)/Epic Games/4.14/Engine/Plugins/Runtime/LinuxDeviceProfileSelector/LinuxDeviceProfileSelector.uplugin
LogPluginManager: Loaded Plugin MIDIDevice, From C:/Program Files (x86)/Epic Games/4.14/Engine/Plugins/Runtime/MIDIDevice/MIDIDevice.uplugin
LogPluginManager: Loaded Plugin MobilePatchingUtils, From C:/Program Files (x86)/Epic Games/4.14/Engine/Plugins/Runtime/MobilePatchingUtils/MobilePatchingUtils.uplugin
LogPluginManager: Loaded Plugin Ansel, From C:/Program Files (x86)/Epic Games/4.14/Engine/Plugins/Runtime/Nvidia/Ansel/Ansel.uplugin
LogPluginManager: Loaded Plugin OculusAudio, From C:/Program Files (x86)/Epic Games/4.14/Engine/Plugins/Runtime/OculusAudio/OculusAudio.uplugin
LogPluginManager: Loaded Plugin OculusInput, From C:/Program Files (x86)/Epic Games/4.14/Engine/Plugins/Runtime/OculusInput/OculusInput.uplugin
LogPluginManager: Loaded Plugin OculusLibrary, From C:/Program Files (x86)/Epic Games/4.14/Engine/Plugins/Runtime/OculusLibrary/OculusLibrary.uplugin
LogPluginManager: Loaded Plugin OculusRift, From C:/Program Files (x86)/Epic Games/4.14/Engine/Plugins/Runtime/OculusRift/OculusRift.uplugin
LogPluginManager: Loaded Plugin Oodle, From C:/Program Files (x86)/Epic Games/4.14/Engine/Plugins/Runtime/PacketHandlers/CompressionComponents/Oodle/Oodle.uplugin
LogPluginManager: Loaded Plugin ProceduralMeshComponent, From C:/Program Files (x86)/Epic Games/4.14/Engine/Plugins/Runtime/ProceduralMeshComponent/ProceduralMeshComponent.uplugin
LogPluginManager: Loaded Plugin SoundMod, From C:/Program Files (x86)/Epic Games/4.14/Engine/Plugins/Runtime/SoundMod/SoundMod.uplugin
LogPluginManager: Loaded Plugin SoundVisualizations, From C:/Program Files (x86)/Epic Games/4.14/Engine/Plugins/Runtime/SoundVisualizations/SoundVisualizations.uplugin
LogPluginManager: Loaded Plugin SteamController, From C:/Program Files (x86)/Epic Games/4.14/Engine/Plugins/Runtime/Steam/SteamController/SteamController.uplugin
LogPluginManager: Loaded Plugin SteamVR, From C:/Program Files (x86)/Epic Games/4.14/Engine/Plugins/Runtime/Steam/SteamVR/SteamVR.uplugin
LogPluginManager: Loaded Plugin WebBrowserWidget, From C:/Program Files (x86)/Epic Games/4.14/Engine/Plugins/Runtime/WebBrowserWidget/WebBrowserWidget.uplugin
LogPluginManager: Loaded Plugin WindowsDeviceProfileSelector, From C:/Program Files (x86)/Epic Games/4.14/Engine/Plugins/Runtime/WindowsDeviceProfileSelector/WindowsDeviceProfileSelector.uplugin
LogPluginManager: Loaded Plugin WindowsMoviePlayer, From C:/Program Files (x86)/Epic Games/4.14/Engine/Plugins/Runtime/WindowsMoviePlayer/WindowsMoviePlayer.uplugin
LogPluginManager: Loaded Plugin ScriptPlugin, From C:/Program Files (x86)/Epic Games/4.14/Engine/Plugins/ScriptPlugin/ScriptPlugin.uplugin
LogPluginManager: Loaded Plugin SlateRemote, From C:/Program Files (x86)/Epic Games/4.14/Engine/Plugins/Slate/SlateRemote/SlateRemote.uplugin
LogPluginManager: Loaded Plugin EditorTests, From C:/Program Files (x86)/Epic Games/4.14/Engine/Plugins/Tests/EditorTests/EditorTests.uplugin
LogPluginManager: Loaded Plugin FbxAutomationTestBuilder, From C:/Program Files (x86)/Epic Games/4.14/Engine/Plugins/Tests/FbxAutomationTestBuilder/FbxAutomationTestBuilder.uplugin
LogPluginManager: Loaded Plugin FunctionalTestingEditor, From C:/Program Files (x86)/Epic Games/4.14/Engine/Plugins/Tests/FunctionalTestingEditor/FunctionalTestingEditor.uplugin
LogPluginManager: Loaded Plugin RuntimeTests, From C:/Program Files (x86)/Epic Games/4.14/Engine/Plugins/Tests/RuntimeTests/RuntimeTests.uplugin
LogPluginManager: Loaded Plugin ScreenshotTools, From C:/Program Files (x86)/Epic Games/4.14/Engine/Plugins/Tests/ScreenshotTools/ScreenshotTools.uplugin
LogInit: Using libcurl 7.47.1
LogInit:  - built for x86_64-pc-win32
LogInit:  - supports SSL with OpenSSL/1.0.2g
LogInit:  - supports HTTP deflate (compression) using libz 1.2.8
LogInit:  - other features:
LogInit:      CURL_VERSION_SSL
LogInit:      CURL_VERSION_LIBZ
LogInit:      CURL_VERSION_IPV6
LogInit:      CURL_VERSION_ASYNCHDNS
LogInit:      CURL_VERSION_LARGEFILE
LogInit:      CURL_VERSION_IDN
LogInit:  CurlRequestOptions (configurable via config and command line):
LogInit:  - bVerifyPeer = false  - Libcurl will NOT verify peer certificate
LogInit:  - bUseHttpProxy = false  - Libcurl will NOT use HTTP proxy
LogInit:  - bDontReuseConnections = false  - Libcurl will reuse connections
LogInit:  - CertBundlePath = nullptr  - Libcurl will use whatever was configured at build time.
LogInit: Build: ++UE4+Release-4.14-CL-3195953
LogInit: Engine Version: 4.14.0-3195953+++UE4+Release-4.14
LogInit: Compatible Engine Version: 4.14.0-3195953+++UE4+Release-4.14
LogInit: Net CL: 3195953
LogDevObjectVersion: Number of dev versions registered: 13
LogDevObjectVersion:   Dev-Blueprints (B0D832E4-1F89-4F0D-ACCF-7EB736FD4AA2): 7
LogDevObjectVersion:   Dev-Build (E1C64328-A22C-4D53-A36C-8E866417BD8C): 0
LogDevObjectVersion:   Dev-Core (375EC13C-06E4-48FB-B500-84F0262A717E): 1
LogDevObjectVersion:   Dev-Editor (E4B068ED-F494-42E9-A231-DA0B2E46BB41): 8
LogDevObjectVersion:   Dev-Framework (CFFC743F-43B0-4480-9391-14DF171D2073): 17
LogDevObjectVersion:   Dev-Mobile (B02B49B5-BB20-44E9-A304-32B752E40360): 0
LogDevObjectVersion:   Dev-Networking (A4E4105C-59A1-49B5-A7C5-40C4547EDFEE): 0
LogDevObjectVersion:   Dev-Online (39C831C9-5AE6-47DC-9A44-9C173E1C8E7C): 0
LogDevObjectVersion:   Dev-Physics (78F01B33-EBEA-4F98-B9B4-84EACCB95AA2): 0
LogDevObjectVersion:   Dev-Platform (6631380F-2D4D-43E0-8009-CF276956A95A): 0
LogDevObjectVersion:   Dev-Rendering (12F88B9F-8875-4AFC-A67C-D90C383ABD29): 12
LogDevObjectVersion:   Dev-Sequencer (7B5AE74C-D270-4C10-A958-57980B212A5A): 1
LogDevObjectVersion:   Dev-VR (D7296918-1DD6-4BDD-9DE2-64A83CC13884): 0
LogInit: Compiled (64-bit): Nov 12 2016 02:14:10
LogInit: Compiled with Visual C++: 19.00.23026.00
LogInit: Build Configuration: Development
LogInit: Branch Name: ++UE4+Release-4.14
LogInit: Command line: -EpicPortal 
LogInit: Base directory: C:/Program Files (x86)/Epic Games/4.14/Engine/Binaries/Win64/
LogInit: Installed Engine Build: 1
LogInit: Presizing for max 8388607 objects, including 0 objects not considered by GC, pre-allocating 0 bytes for permanent pool.
LogInit: Object subsystem initialized
[2016.12.07-22.48.28:500][  0]LogInit: Selected Device Profile: [Windows]
[2016.12.07-22.48.28:500][  0]LogInit: Applying CVar settings loaded from the selected device profile: [Windows]
[2016.12.07-22.48.28:522][  0]LogInit: Computer: DESKTOP-UP368GT
[2016.12.07-22.48.28:522][  0]LogInit: User: benmb
[2016.12.07-22.48.28:522][  0]LogInit: CPU Page size=65536, Cores=2
[2016.12.07-22.48.28:522][  0]LogInit: High frequency timer resolution =2.343752 MHz
[2016.12.07-22.48.28:523][  0]LogMemory: Memory total: Physical=7.9GB (8GB approx)
[2016.12.07-22.48.28:523][  0]LogMemory: Platform Memory Stats for Windows
[2016.12.07-22.48.28:523][  0]LogMemory: Process Physical Memory: 263.52 MB used, 263.52 MB peak
[2016.12.07-22.48.28:523][  0]LogMemory: Process Virtual Memory: 262.55 MB used, 262.55 MB peak
[2016.12.07-22.48.28:523][  0]LogMemory: Physical Memory: 5732.63 MB used,  2373.28 MB free, 8105.91 MB total
[2016.12.07-22.48.28:523][  0]LogMemory: Virtual Memory: 674.50 MB used,  2373.28 MB free, 134217728.00 MB total
[2016.12.07-22.48.28:552][  0]LogTextLocalizationManager: No specific translations for ('en-US') exist, so ('en') translations will be used.
[2016.12.07-22.48.29:510][  0]LogD3D11RHI: D3D11 adapters:
[2016.12.07-22.48.29:525][  0]LogD3D11RHI:    0. 'Intel(R) HD Graphics 520' (Feature Level 11_0)
[2016.12.07-22.48.29:525][  0]LogD3D11RHI:       128/0/4052 MB DedicatedVideo/DedicatedSystem/SharedSystem, Outputs:1, VendorId:0x8086
[2016.12.07-22.48.29:527][  0]LogD3D11RHI:    1. 'Microsoft Basic Render Driver' (Feature Level 11_0)
[2016.12.07-22.48.29:527][  0]LogD3D11RHI:       0/0/4052 MB DedicatedVideo/DedicatedSystem/SharedSystem, Outputs:0, VendorId:0x1414
[2016.12.07-22.48.29:527][  0]LogD3D11RHI: Chosen D3D11 Adapter: 0
[2016.12.07-22.48.29:533][  0]LogD3D11RHI: Creating new Direct3DDevice
[2016.12.07-22.48.29:533][  0]LogD3D11RHI:     GPU DeviceId: 0x1916 (for the marketing name, search the web for "GPU Device Id")
[2016.12.07-22.48.29:533][  0]LogWindows: EnumDisplayDevices:
[2016.12.07-22.48.29:533][  0]LogWindows:    0. 'Intel(R) HD Graphics 520' (P:1 D:1)
[2016.12.07-22.48.29:534][  0]LogWindows:    1. 'Intel(R) HD Graphics 520' (P:0 D:0)
[2016.12.07-22.48.29:534][  0]LogWindows:    2. 'Intel(R) HD Graphics 520' (P:0 D:0)
[2016.12.07-22.48.29:534][  0]LogWindows: DebugString: FoundDriverCount:3 
[2016.12.07-22.48.29:534][  0]LogD3D11RHI:     Adapter Name: Intel(R) HD Graphics 520
[2016.12.07-22.48.29:534][  0]LogD3D11RHI:   Driver Version: 20.19.15.4444 (internal:20.19.15.4444, unified:20.19.15.4444)
[2016.12.07-22.48.29:534][  0]LogD3D11RHI:      Driver Date: 4-22-2016
[2016.12.07-22.48.29:534][  0]LogRHI: Texture pool is 1361 MB (70% of 1945 MB)
[2016.12.07-22.48.29:541][  0]LogD3D11RHI: Async texture creation enabled
[2016.12.07-22.48.29:548][  0]LogD3D11RHI: GPU Timing Frequency: 12.000000 (Debug: 2 0)
[2016.12.07-22.48.29:548][  0]LogShaderCompilers: Guid format shader working directory is -12 characters bigger than the processId version (../../../../../../GameDev/Presentation/GameDev_CLone/CLone/Intermediate/Shaders/WorkingDirectory/2628/).
[2016.12.07-22.48.29:549][  0]LogShaderCompilers: Cleaned the shader compiler working directory 'C:/Users/benmb/AppData/Local/Temp/UnrealShaderWorkingDir/F53DC9404F1BCA5CF5552488ECE82180/'.
[2016.12.07-22.48.29:549][  0]LogShaderCompilers:Display: Using Local Shader Compiler.
[2016.12.07-22.48.30:982][  0]LogTemp:Display: Loaded TP AllDesktopTargetPlatform
[2016.12.07-22.48.31:056][  0]LogTemp:Display: Loaded TP MacClientTargetPlatform
[2016.12.07-22.48.31:126][  0]LogTemp:Display: Loaded TP MacNoEditorTargetPlatform
[2016.12.07-22.48.31:200][  0]LogTemp:Display: Loaded TP MacServerTargetPlatform
[2016.12.07-22.48.31:277][  0]LogTemp:Display: Loaded TP MacTargetPlatform
[2016.12.07-22.48.31:359][  0]LogTemp:Display: Loaded TP WindowsClientTargetPlatform
[2016.12.07-22.48.31:431][  0]LogTemp:Display: Loaded TP WindowsNoEditorTargetPlatform
[2016.12.07-22.48.31:504][  0]LogTemp:Display: Loaded TP WindowsServerTargetPlatform
[2016.12.07-22.48.31:563][  0]LogTemp:Display: Loaded TP WindowsTargetPlatform
[2016.12.07-22.48.31:633][  0]LogTemp:Display: Loaded TP AndroidTargetPlatform
[2016.12.07-22.48.31:704][  0]LogTemp:Display: Loaded TP Android_ASTCTargetPlatform
[2016.12.07-22.48.31:767][  0]LogTemp:Display: Loaded TP Android_ATCTargetPlatform
[2016.12.07-22.48.31:833][  0]LogTemp:Display: Loaded TP Android_DXTTargetPlatform
[2016.12.07-22.48.31:898][  0]LogTemp:Display: Loaded TP Android_ETC1TargetPlatform
[2016.12.07-22.48.31:960][  0]LogTemp:Display: Loaded TP Android_ETC2TargetPlatform
[2016.12.07-22.48.32:087][  0]LogTemp:Display: Loaded TP Android_MultiTargetPlatform
[2016.12.07-22.48.32:087][  0]LogTemp:Display: Loaded TP Android_PVRTCTargetPlatform
[2016.12.07-22.48.32:130][  0]LogTemp:Display: Loaded TP HTML5TargetPlatform
[2016.12.07-22.48.32:227][  0]LogTemp:Display: Loaded TP IOSTargetPlatform
[2016.12.07-22.48.32:268][  0]LogTemp:Display: Loaded TP TVOSTargetPlatform
[2016.12.07-22.48.32:332][  0]LogTemp:Display: Loaded TP LinuxClientTargetPlatform
[2016.12.07-22.48.32:405][  0]LogTemp:Display: Loaded TP LinuxNoEditorTargetPlatform
[2016.12.07-22.48.32:466][  0]LogTemp:Display: Loaded TP LinuxServerTargetPlatform
[2016.12.07-22.48.32:531][  0]LogTemp:Display: Loaded TP LinuxTargetPlatform
[2016.12.07-22.48.32:531][  0]LogTargetPlatformManager:Display: Building Assets For Windows
[2016.12.07-22.48.33:054][  0]LogDerivedDataCache:Display: Max Cache Size: 512 MB
[2016.12.07-22.48.33:126][  0]LogDerivedDataCache: Loaded boot cache 0.07s 50MB C:/Users/benmb/AppData/Local/UnrealEngine/4.14/DerivedDataCache/Boot.ddc.
[2016.12.07-22.48.33:126][  0]LogDerivedDataCache:Display: Loaded Boot cache: C:/Users/benmb/AppData/Local/UnrealEngine/4.14/DerivedDataCache/Boot.ddc
[2016.12.07-22.48.33:127][  0]LogDerivedDataCache: FDerivedDataBackendGraph:  Pak pak cache file ../../../../../../GameDev/Presentation/GameDev_CLone/CLone/DerivedDataCache/DDC.ddp not found, will not use a pak cache.
[2016.12.07-22.48.33:127][  0]LogDerivedDataCache: Unable to find inner node Pak for hierarchical cache Hierarchy.
[2016.12.07-22.48.33:127][  0]LogDerivedDataCache: FDerivedDataBackendGraph:  CompressedPak pak cache file ../../../../../../GameDev/Presentation/GameDev_CLone/CLone/DerivedDataCache/Compressed.ddp not found, will not use a pak cache.
[2016.12.07-22.48.33:127][  0]LogDerivedDataCache: Unable to find inner node CompressedPak for hierarchical cache Hierarchy.
[2016.12.07-22.48.33:148][  0]LogDerivedDataCache:Display: Pak cache opened for reading ../../../Engine/DerivedDataCache/Compressed.ddp.
[2016.12.07-22.48.33:160][  0]LogDerivedDataCache: Using Local data cache path C:/Users/benmb/AppData/Local/UnrealEngine/Common/DerivedDataCache: Writable
[2016.12.07-22.48.33:467][  0]LogInit: Selected Device Profile: [Windows]
[2016.12.07-22.48.33:476][  0]LogContentStreaming: Texture pool size is 0.00 MB
[2016.12.07-22.48.33:877][  0]LogMeshUtilities: Using QuadricMeshReduction for automatic static mesh reduction
[2016.12.07-22.48.33:954][  0]LogSimplygon: Simplygon DLL not present - disabling.
[2016.12.07-22.48.34:014][  0]LogMeshUtilities: Using SimplygonSwarm for distributed automatic mesh merging
[2016.12.07-22.48.34:014][  0]LogMeshUtilities: No automatic skeletal mesh reduction module available
[2016.12.07-22.48.34:014][  0]LogMeshUtilities: No automatic mesh merging module available
[2016.12.07-22.48.34:724][  0]LogNetVersion: GetLocalNetworkVersion: CL: 3195953, ProjectName: clone, ProjectVersion: , EngineNetworkVersion: 2, GameNetworkVersion: 0, NetworkChecksum: 1457857002
[2016.12.07-22.48.34:791][  0]LogAssetRegistry: FAssetRegistry took 0.0217 seconds to start up
[2016.12.07-22.48.34:875][  0]LogPackageLocalizationCache: Processed 3 localized package path(s) for 2 prioritized culture(s) in 0.045910 seconds
[2016.12.07-22.48.34:886][  0]LogUObjectArray: 31946 objects as part of root set at end of initial load.
[2016.12.07-22.48.34:886][  0]LogUObjectAllocator: 6935848 out of 0 bytes used by permanent object pool.
[2016.12.07-22.48.34:886][  0]LogUObjectArray: CloseDisregardForGC: 0/0 objects in disregard for GC pool
[2016.12.07-22.48.34:981][  0]LogInit: WinSock: version 1.1 (2.2), MaxSocks=32767, MaxUdp=65467
[2016.12.07-22.48.36:083][  0]LogSlate: Using Freetype 2.6.0
[2016.12.07-22.48.36:084][  0]LogSlate: SlateFontCache - WITH_FREETYPE: 1, WITH_HARFBUZZ: 1
[2016.12.07-22.48.36:084][  0]LogSlate: SlateFontCache - WITH_FREETYPE: 1, WITH_HARFBUZZ: 1
[2016.12.07-22.48.37:186][  0]LogTcpMessaging: Initializing TcpMessaging bridge
[2016.12.07-22.48.37:242][  0]LogUdpMessaging: Initializing bridge on interface 0.0.0.0:0 to multicast group 230.0.0.1:6666.
[2016.12.07-22.48.37:243][  0]FUdpSocketBuilder: Failed to bind UdpMessageMulticastSocket to 0.0.0.0:6666
[2016.12.07-22.48.37:243][  0]FUdpSocketBuilder: Failed to configure multicast for UdpMessageMulticastSocket (loopback: 1, ttl: 1)
[2016.12.07-22.48.37:244][  0]FUdpSocketBuilder: Failed to create and initialize socket UdpMessageMulticastSocket (last error: 0)
[2016.12.07-22.48.37:244][  0]LogUdpMessaging:Warning: StartTransport failed to create multicast socket on 0.0.0.0:0, joined to 230.0.0.1:6666 with TTL 1
[2016.12.07-22.48.37:682][  0]LogMaterial: Uniform references updated for custom material expression Custom.
[2016.12.07-22.48.38:278][  0]SourceControl: Info Source control is disabled
[2016.12.07-22.48.38:349][  0]SourceControl: Info Source control is disabled
[2016.12.07-22.48.38:467][  0]SourceControl: Info Source control is disabled
[2016.12.07-22.48.38:579][  0]SourceControl: Info Source control is disabled
[2016.12.07-22.48.40:525][  0]LogEngine: Initializing Engine...
[2016.12.07-22.48.40:525][  0]LogHMD: Failed to initialize OpenVR with code 110
[2016.12.07-22.48.40:878][  0]LogAIModule: Creating AISystem for world Untitled
[2016.12.07-22.48.40:891][  0]LogInit: XAudio2 using 'Speakers (Realtek High Definition Audio)' : 2 channels at 48 kHz using 32 bits per sample (channel mask 0x3)
[2016.12.07-22.48.40:928][  0]LogInit: FAudioDevice initialized.
[2016.12.07-22.48.40:971][  0]LogDerivedDataCache: Saved boot cache 0.04s 50MB C:/Users/benmb/AppData/Local/UnrealEngine/4.14/DerivedDataCache/Boot.ddc.
[2016.12.07-22.48.40:980][  0]LogInit: Texture streaming: Enabled
[2016.12.07-22.48.41:273][  0]LogInit: Transaction tracking system initialized
[2016.12.07-22.48.41:838][  0]BlueprintLog: New page: Editor Load
[2016.12.07-22.48.43:254][  0]LocalizationService: Info Localization service is disabled
[2016.12.07-22.48.44:361][  0]LogConsoleResponse:Display: 
[2016.12.07-22.48.44:545][  0]LogCook:Display: Max memory allowance for cook 16384mb min free memory 0mb
[2016.12.07-22.48.44:546][  0]LogCook:Display: Mobile HDR setting 1
[2016.12.07-22.48.44:733][  0]LogFileCache: Scanning file cache for directory 'C:/GameDev/Presentation/GameDev_CLone/CLone/Content/' took 0.02s
[2016.12.07-22.48.45:864][  0]SourceControl: Info Source control is disabled
[2016.12.07-22.48.45:864][  0]Cmd: MAP LOAD FILE="../../../../../../GameDev/Presentation/GameDev_CLone/CLone/Content/StarterContent/Maps/Minimal_Default.umap" TEMPLATE=0 SHOWPROGRESS=1 FEATURELEVEL=3
[2016.12.07-22.48.45:864][  0]LightingResults: New page: Lighting Build
[2016.12.07-22.48.45:919][  0]MapCheck: New page: Map Check
[2016.12.07-22.48.45:919][  0]LightingResults: New page: Lighting Build
[2016.12.07-22.48.46:185][  0]LogBlueprint:Warning: [Pause] 'HUD_Var' variable not found. Base class was probably changed.
[2016.12.07-22.48.46:190][  0]LogBlueprint:Warning: [Compiler Pause] Warning Can't connect pins  ReturnValue  and  Object : This cast has an invalid target type (was the class deleted without a redirect?).
[2016.12.07-22.48.46:190][  0]LogBlueprint:Warning: [Compiler Pause] Warning Can't connect pins  Object  and  ReturnValue : This cast has an invalid target type (was the class deleted without a redirect?).
[2016.12.07-22.48.46:191][  0]LogBlueprint:Warning: [Compiler Pause] Warning Could not find a variable named "HUD_Var" in 'Pause'.
Make sure 'Pause' has been compiled for  K2Node_VariableGet_610
[2016.12.07-22.48.46:192][  0]LogBlueprint:Error: [Compiler Pause] Error This blueprint (self) is not compatible with ' self ', therefore that pin must have a connection.
[2016.12.07-22.48.46:192][  0]LogBlueprint:Error: [Compiler Pause] Error The property associated with  HUD_Var  could not be found
[2016.12.07-22.48.46:198][  0]LogBlueprint:Warning: [Compiler Pause] Warning [0019.61] Compile of Pause failed. 2 Fatal Issue(s) 3 Warning(s) [in 12 ms] (/Game/Personal_Assets/Pause.Pause)
[2016.12.07-22.48.46:199][  0]LogBlueprint:Warning: [Compiler Pause] Warning [0019.61] Compile of Pause failed. 2 Fatal Issue(s) 4 Warning(s) [in 0 ms] (/Game/Personal_Assets/Pause.Pause)
[2016.12.07-22.48.46:199][  0]LogBlueprint:Warning: [Compiler Pause] Warning [0019.61] Compile of Pause failed. 2 Fatal Issue(s) 5 Warning(s) [in 0 ms] (/Game/Personal_Assets/Pause.Pause)
[2016.12.07-22.48.46:873][  0]LogTexture:Display: Building textures: T_Metal_Gold_D (AutoDXT)
[2016.12.07-22.48.54:912][  0]LogTexture:Display: Building textures: T_Burst_M (AutoDXT)
[2016.12.07-22.48.55:418][  0]LogAIModule: Creating AISystem for world Minimal_Default
[2016.12.07-22.48.55:419][  0]LogActorComponent: RegisterComponentWithWorld: (/Game/StarterContent/Maps/Minimal_Default.Minimal_Default:PersistentLevel.WorldSettings_1.StaticMeshComponent0) Trying to register component with IsPendingKill() == true. Aborting.
[2016.12.07-22.48.55:443][  0]LogEditorServer: Finished looking for orphan Actors (0.000 secs)
[2016.12.07-22.48.55:445][  0]Cmd: MAP CHECKDEP NOCLEARLOG
[2016.12.07-22.48.55:534][  0]MapCheck: Info Map check complete: 0 Error(s), 0 Warning(s), took 89.524ms to complete.
[2016.12.07-22.48.55:534][  0]LogFileHelpers: Loading map 'Minimal_Default' took 9.671
[2016.12.07-22.48.55:604][  0]LogWindowsTextInputMethodSystem:Display: IME system now deactivated.
[2016.12.07-22.48.55:605][  0]LogWindowsTextInputMethodSystem:Display: IME system now deactivated.
[2016.12.07-22.48.55:728][  0]LogCollectionManager: Loaded 0 collections in 0.001999 seconds
[2016.12.07-22.48.55:818][  0]LogFileCache: Scanning file cache for directory 'C:/GameDev/Presentation/GameDev_CLone/CLone/Saved/Collections/' took 0.01s
[2016.12.07-22.48.55:818][  0]LogFileCache: Scanning file cache for directory 'C:/GameDev/Presentation/GameDev_CLone/CLone/Content/Developers/benmb/Collections/' took 0.01s
[2016.12.07-22.48.55:818][  0]LogFileCache: Scanning file cache for directory 'C:/GameDev/Presentation/GameDev_CLone/CLone/Content/Collections/' took 0.01s
[2016.12.07-22.48.55:818][  0]LogCollectionManager: Rebuilt the GUID cache for 0 collections in 0.000002 seconds
[2016.12.07-22.48.55:830][  0]LogContentBrowser: Native class hierarchy populated in 0.0120 seconds. Added 2190 classes and 428 folders.
[2016.12.07-22.48.55:878][  0]LogStats: UGameplayTagsManager::ConstructGameplayTagTree: Construct from data asset -  0.000 s
[2016.12.07-22.48.55:878][  0]LogStats: UGameplayTagsManager::ConstructGameplayTagTree: GameplayTagTreeChangedEvent.Broadcast -  0.000 s
[2016.12.07-22.48.55:879][  0]LogContentBrowser: Native class hierarchy updated for 'GameplayTags' in 0.0006 seconds. Added 13 classes and 0 folders.
[2016.12.07-22.48.55:956][  0]LogContentBrowser: Native class hierarchy updated for 'WidgetCarousel' in 0.0005 seconds. Added 0 classes and 0 folders.
[2016.12.07-22.48.56:350][  0]LogContentBrowser: Native class hierarchy updated for 'AddContentDialog' in 0.0007 seconds. Added 0 classes and 0 folders.
[2016.12.07-22.48.56:409][  0]LogContentBrowser: Native class hierarchy updated for 'SceneOutliner' in 0.0005 seconds. Added 1 classes and 2 folders.
[2016.12.07-22.48.56:457][  0]LogCrashTracker: Crashtracker disabled due to settings.
[2016.12.07-22.48.56:465][  0]LogUObjectGlobals:Warning: Failed to find object 'Class None.'
[2016.12.07-22.48.56:546][  0]LogContentBrowser: Native class hierarchy updated for 'HierarchicalLODOutliner' in 0.0008 seconds. Added 1 classes and 2 folders.
[2016.12.07-22.48.56:546][  0]LogLoad: (Engine Initialization) Total time: 29.96 seconds
[2016.12.07-22.48.56:546][  0]LogLoad: (Engine Initialization) Total Blueprint compile time: 0.40 seconds
[2016.12.07-22.48.56:546][  0]LogExternalProfiler: Found external profiler: VSPerf
[2016.12.07-22.48.56:546][  0]LogExternalProfiler: Using external profiler: VSPerf
[2016.12.07-22.48.56:564][  0]LogOcInput: OculusInput pre-init called
[2016.12.07-22.48.56:583][  0]LogContentStreaming: Texture pool size now 1000 MB
[2016.12.07-22.48.56:861][  0]LogRenderer: Reallocating scene render targets to support 1208x708 NumSamples 1 (Frame:2).
[2016.12.07-22.48.59:768][  2]LogAssetRegistry: Asset discovery search completed in 24.9992 seconds
[2016.12.07-22.48.59:768][  2]LogCollectionManager: Rebuilt the object cache for 0 collections in 0.000001 seconds (found 0 objects)
[2016.12.07-22.48.59:768][  2]LogCollectionManager: Fixed up redirectors for 0 collections in 0.000025 seconds (updated 0 objects)
[2016.12.07-22.50.38:342][682]Cmd: MAP LOAD FILE="../../../../../../GameDev/Presentation/GameDev_CLone/CLone/Content/Personal_Assets/Main.umap" TEMPLATE=0 SHOWPROGRESS=1 FEATURELEVEL=3
[2016.12.07-22.50.38:393][682]LightingResults: New page: Lighting Build
[2016.12.07-22.50.38:395][682]LoadErrors: New page: Loading map: Main.umap
[2016.12.07-22.50.38:405][682]MapCheck: New page: Map Check
[2016.12.07-22.50.38:405][682]LightingResults: New page: Lighting Build
[2016.12.07-22.50.38:445][682]LogLinker:Warning: Can't find file '/Game/ThirdPersonBP/Blueprints/ThirdPersonGameMode'
[2016.12.07-22.50.38:445][682]LogLinker:Warning: Can't find file for asset '/Game/ThirdPersonBP/Blueprints/ThirdPersonGameMode' while loading ../../../../../../GameDev/Presentation/GameDev_CLone/CLone/Content/Personal_Assets/Main.umap.
[2016.12.07-22.50.38:446][682]LoadErrors:Error: Error /Game/Personal_Assets/Main : Can't find file for asset. /Game/ThirdPersonBP/Blueprints/ThirdPersonGameMode
[2016.12.07-22.50.38:479][682]LogLinker:Warning: Can't find file '/Game/ThirdPersonBP/Blueprints/ThirdPersonGameMode'
[2016.12.07-22.50.38:479][682]LogLinker:Warning: Can't find file for asset '/Game/ThirdPersonBP/Blueprints/ThirdPersonGameMode' while loading ../../../../../../GameDev/Presentation/GameDev_CLone/CLone/Content/Personal_Assets/Main.umap.
[2016.12.07-22.50.38:481][682]LogLinker:Warning: Can't find file '/Game/ThirdPersonBP/Blueprints/ThirdPersonGameMode'
[2016.12.07-22.50.38:481][682]LogLinker:Warning: Can't find file for asset '/Game/ThirdPersonBP/Blueprints/ThirdPersonGameMode' while loading NULL.
[2016.12.07-22.50.38:481][682]LogLinker:Warning: Can't find file '/Game/ThirdPersonBP/Blueprints/ThirdPersonGameMode'
[2016.12.07-22.50.38:481][682]LogLinker:Warning: Can't find file for asset '/Game/ThirdPersonBP/Blueprints/ThirdPersonGameMode' while loading NULL.
[2016.12.07-22.50.38:496][682]LogLinker:Warning: Can't find file '/Game/ThirdPersonBP/Blueprints/ThirdPersonGameMode'
[2016.12.07-22.50.38:496][682]LoadErrors: Info Failed to load /Game/ThirdPersonBP/Blueprints/ThirdPersonGameMode.ThirdPersonGameMode_C Referenced by WorldSettings
[2016.12.07-22.50.38:497][682]LogLinker:Warning: Can't find file for asset '/Game/ThirdPersonBP/Blueprints/ThirdPersonGameMode' while loading NULL.
[2016.12.07-22.50.38:511][682]LogAIModule: Creating AISystem for world Main
[2016.12.07-22.50.38:529][682]LogEditorServer: Finished looking for orphan Actors (0.000 secs)
[2016.12.07-22.50.38:616][682]Cmd: MAP CHECKDEP NOCLEARLOG
[2016.12.07-22.50.38:716][682]MapCheck: Info Map check complete: 0 Error(s), 0 Warning(s), took 100.416ms to complete.
[2016.12.07-22.50.38:716][682]LogFileHelpers: Loading map 'Main' took 0.382
[2016.12.07-22.50.45:230][820]LogTemp: Repeting last play command: Selected Viewport
[2016.12.07-22.50.45:259][820]LogBlueprintUserMessages: Early PlayInEditor Detection: Level '/Game/Personal_Assets/Main.Main:PersistentLevel' has LevelScriptBlueprint '/Game/Personal_Assets/Main.Main:PersistentLevel.Main' with GeneratedClass '/Game/Personal_Assets/Main.Main_C' with ClassGeneratedBy '/Game/Personal_Assets/Main.Main:PersistentLevel.Main'
[2016.12.07-22.50.45:260][820]LogPlayLevel: PlayLevel: No blueprints needed recompiling
[2016.12.07-22.50.46:786][820]PIE: New page: PIE session: Main (Dec 7, 2016, 10:50:46 AM)
[2016.12.07-22.50.46:787][820]LogPlayLevel: Creating play world package: /Game/Personal_Assets/UEDPIE_0_Main
[2016.12.07-22.50.46:791][820]LogPlayLevel: PIE: StaticDuplicateObject took: (0.003591s)
[2016.12.07-22.50.46:792][820]LogAIModule: Creating AISystem for world Main
[2016.12.07-22.50.46:792][820]LogPlayLevel: PIE: World Init took: (0.001120s)
[2016.12.07-22.50.46:793][820]LogPlayLevel: PIE: Created PIE world by copying editor world from /Game/Personal_Assets/Main.Main to /Game/Personal_Assets/UEDPIE_0_Main.Main (0.005888s)
[2016.12.07-22.50.46:822][820]LogInit: XAudio2 using 'Speakers (Realtek High Definition Audio)' : 2 channels at 48 kHz using 32 bits per sample (channel mask 0x3)
[2016.12.07-22.50.46:834][820]LogInit: FAudioDevice initialized.
[2016.12.07-22.50.46:893][820]LogLoad: Game class is 'GameModeBase'
[2016.12.07-22.50.46:905][820]LogWorld: Bringing World /Game/Personal_Assets/UEDPIE_0_Main.Main up for play (max tick rate 60) at 2016.12.07-16.50.46
[2016.12.07-22.50.46:907][820]LogWorld: Bringing up level for play took: 0.002598
[2016.12.07-22.50.46:987][820]LogContentBrowser: Native class hierarchy updated for 'MovieSceneCapture' in 0.0017 seconds. Added 11 classes and 0 folders.
[2016.12.07-22.50.47:006][820]PIE: Info Play in editor start time for /Game/Personal_Assets/UEDPIE_0_Main 2.727
[2016.12.07-22.50.47:006][820]LogBlueprintUserMessages: Late PlayInEditor Detection: Level '/Game/Personal_Assets/Main.Main:PersistentLevel' has LevelScriptBlueprint '/Game/Personal_Assets/Main.Main:PersistentLevel.Main' with GeneratedClass '/Game/Personal_Assets/Main.Main_C' with ClassGeneratedBy '/Game/Personal_Assets/Main.Main:PersistentLevel.Main'
[2016.12.07-22.50.48:254][854]LogNet: Browse: /Game/StarterContent/Maps/BenMap
[2016.12.07-22.50.48:255][854]LogLoad: LoadMap: /Game/StarterContent/Maps/BenMap
[2016.12.07-22.50.48:304][854]Cmd: MEM
[2016.12.07-22.50.48:336][854]LogMemory: Platform Memory Stats for Windows
[2016.12.07-22.50.48:336][854]LogMemory: Process Physical Memory: 1593.01 MB used, 1674.53 MB peak
[2016.12.07-22.50.48:336][854]LogMemory: Process Virtual Memory: 1558.98 MB used, 1663.81 MB peak
[2016.12.07-22.50.48:336][854]LogMemory: Physical Memory: 6280.23 MB used,  1825.68 MB free, 8105.91 MB total
[2016.12.07-22.50.48:336][854]LogMemory: Virtual Memory: 2433.71 MB used,  1825.68 MB free, 134217728.00 MB total
[2016.12.07-22.50.48:336][854]LogMemory: 
[2016.12.07-22.50.48:336][854]Allocator Stats for TBB: (not implemented)
[2016.12.07-22.50.48:806][854]LogTexture:Display: Building textures: T_Smoke_SubUV (AutoDXT)
[2016.12.07-22.50.54:151][854]LogTexture:Display: Building textures: T_Smoke_Tiled_D (AutoDXT)
[2016.12.07-22.50.54:223][854]LogTexture:Display: Building textures: ThumbnailTexture (DXT1)
[2016.12.07-22.50.54:413][854]LogMaterial: Missing cached shader map for material SkyBoxMat, compiling. 
[2016.12.07-22.50.54:447][854]LogTexture:Display: Building textures: HQ_Lightmap0_1 (AutoDXT)
[2016.12.07-22.50.54:553][854]LogTexture:Display: Building textures: HQ_Lightmap0_10 (AutoDXT)
[2016.12.07-22.50.54:563][854]LogTexture:Display: Building textures: HQ_Lightmap0_11 (AutoDXT)
[2016.12.07-22.50.54:575][854]LogTexture:Display: Building textures: HQ_Lightmap0_12 (AutoDXT)
[2016.12.07-22.50.54:582][854]LogTexture:Display: Building textures: HQ_Lightmap0_13 (AutoDXT)
[2016.12.07-22.50.54:590][854]LogTexture:Display: Building textures: HQ_Lightmap0_14 (AutoDXT)
[2016.12.07-22.50.54:596][854]LogTexture:Display: Building textures: HQ_Lightmap0_15 (AutoDXT)
[2016.12.07-22.50.54:604][854]LogTexture:Display: Building textures: HQ_Lightmap0_16 (AutoDXT)
[2016.12.07-22.50.54:612][854]LogTexture:Display: Building textures: HQ_Lightmap0_17 (AutoDXT)
[2016.12.07-22.50.54:620][854]LogTexture:Display: Building textures: HQ_Lightmap0_18 (AutoDXT)
[2016.12.07-22.50.54:629][854]LogTexture:Display: Building textures: HQ_Lightmap0_19 (AutoDXT)
[2016.12.07-22.50.54:639][854]LogTexture:Display: Building textures: HQ_Lightmap0_2 (AutoDXT)
[2016.12.07-22.50.54:718][854]LogTexture:Display: Building textures: HQ_Lightmap0_20 (AutoDXT)
[2016.12.07-22.50.54:735][854]LogTexture:Display: Building textures: HQ_Lightmap0_21 (AutoDXT)
[2016.12.07-22.50.54:857][854]LogTexture:Display: Building textures: HQ_Lightmap0_22 (AutoDXT)
[2016.12.07-22.50.54:941][854]LogTexture:Display: Building textures: HQ_Lightmap0_23 (AutoDXT)
[2016.12.07-22.50.54:975][854]LogTexture:Display: Building textures: HQ_Lightmap0_24 (AutoDXT)
[2016.12.07-22.50.55:051][854]LogTexture:Display: Building textures: HQ_Lightmap0_25 (AutoDXT)
[2016.12.07-22.50.55:140][854]LogTexture:Display: Building textures: HQ_Lightmap0_26 (AutoDXT)
[2016.12.07-22.50.55:223][854]LogTexture:Display: Building textures: HQ_Lightmap0_27 (AutoDXT)
[2016.12.07-22.50.55:273][854]LogTexture:Display: Building textures: HQ_Lightmap0_28 (AutoDXT)
[2016.12.07-22.50.55:300][854]LogTexture:Display: Building textures: HQ_Lightmap0_29 (AutoDXT)
[2016.12.07-22.50.55:351][854]LogTexture:Display: Building textures: HQ_Lightmap0_3 (AutoDXT)
[2016.12.07-22.50.55:368][854]LogTexture:Display: Building textures: HQ_Lightmap0_30 (AutoDXT)
[2016.12.07-22.50.55:450][854]LogTexture:Display: Building textures: HQ_Lightmap0_31 (AutoDXT)
[2016.12.07-22.50.55:472][854]LogTexture:Display: Building textures: HQ_Lightmap0_32 (AutoDXT)
[2016.12.07-22.50.55:506][854]LogTexture:Display: Building textures: HQ_Lightmap0_4 (AutoDXT)
[2016.12.07-22.50.55:543][854]LogTexture:Display: Building textures: HQ_Lightmap0_5 (AutoDXT)
[2016.12.07-22.50.55:569][854]LogTexture:Display: Building textures: HQ_Lightmap0_6 (AutoDXT)
[2016.12.07-22.50.55:584][854]LogTexture:Display: Building textures: HQ_Lightmap0_7 (AutoDXT)
[2016.12.07-22.50.55:604][854]LogTexture:Display: Building textures: HQ_Lightmap0_8 (AutoDXT)
[2016.12.07-22.50.55:628][854]LogTexture:Display: Building textures: HQ_Lightmap0_9 (AutoDXT)
[2016.12.07-22.50.55:644][854]LogTexture:Display: Building textures: LQ_Lightmap_0_1 (DXT1)
[2016.12.07-22.50.55:712][854]LogTexture:Display: Building textures: LQ_Lightmap_0_10 (DXT1)
[2016.12.07-22.50.55:728][854]LogTexture:Display: Building textures: LQ_Lightmap_0_11 (DXT1)
[2016.12.07-22.50.55:745][854]LogTexture:Display: Building textures: LQ_Lightmap_0_12 (DXT1)
[2016.12.07-22.50.55:766][854]LogTexture:Display: Building textures: LQ_Lightmap_0_13 (DXT1)
[2016.12.07-22.50.55:780][854]LogTexture:Display: Building textures: LQ_Lightmap_0_14 (DXT1)
[2016.12.07-22.50.55:794][854]LogTexture:Display: Building textures: LQ_Lightmap_0_15 (DXT1)
[2016.12.07-22.50.55:800][854]LogTexture:Display: Building textures: LQ_Lightmap_0_16 (DXT1)
[2016.12.07-22.50.55:809][854]LogTexture:Display: Building textures: LQ_Lightmap_0_17 (DXT1)
[2016.12.07-22.50.55:826][854]LogTexture:Display: Building textures: LQ_Lightmap_0_18 (DXT1)
[2016.12.07-22.50.55:830][854]LogTexture:Display: Building textures: LQ_Lightmap_0_19 (DXT1)
[2016.12.07-22.50.55:837][854]LogTexture:Display: Building textures: LQ_Lightmap_0_2 (DXT1)
[2016.12.07-22.50.55:870][854]LogTexture:Display: Building textures: LQ_Lightmap_0_20 (DXT1)
[2016.12.07-22.50.55:880][854]LogTexture:Display: Building textures: LQ_Lightmap_0_21 (DXT1)
[2016.12.07-22.50.55:947][854]LogTexture:Display: Building textures: LQ_Lightmap_0_22 (DXT1)
[2016.12.07-22.50.55:979][854]LogTexture:Display: Building textures: LQ_Lightmap_0_23 (DXT1)
[2016.12.07-22.50.55:992][854]LogTexture:Display: Building textures: LQ_Lightmap_0_24 (DXT1)
[2016.12.07-22.50.56:026][854]LogTexture:Display: Building textures: LQ_Lightmap_0_25 (DXT1)
[2016.12.07-22.50.56:052][854]LogTexture:Display: Building textures: LQ_Lightmap_0_26 (DXT1)
[2016.12.07-22.50.56:070][854]LogTexture:Display: Building textures: LQ_Lightmap_0_27 (DXT1)
[2016.12.07-22.50.56:085][854]LogTexture:Display: Building textures: LQ_Lightmap_0_28 (DXT1)
[2016.12.07-22.50.56:095][854]LogTexture:Display: Building textures: LQ_Lightmap_0_29 (DXT1)
[2016.12.07-22.50.56:111][854]LogTexture:Display: Building textures: LQ_Lightmap_0_3 (DXT1)
[2016.12.07-22.50.56:121][854]LogTexture:Display: Building textures: LQ_Lightmap_0_30 (DXT1)
[2016.12.07-22.50.56:153][854]LogTexture:Display: Building textures: LQ_Lightmap_0_31 (DXT1)
[2016.12.07-22.50.56:162][854]LogTexture:Display: Building textures: LQ_Lightmap_0_32 (DXT1)
[2016.12.07-22.50.56:172][854]LogTexture:Display: Building textures: LQ_Lightmap_0_4 (DXT1)
[2016.12.07-22.50.56:194][854]LogTexture:Display: Building textures: LQ_Lightmap_0_5 (DXT1)
[2016.12.07-22.50.56:213][854]LogTexture:Display: Building textures: LQ_Lightmap_0_6 (DXT1)
[2016.12.07-22.50.56:225][854]LogTexture:Display: Building textures: LQ_Lightmap_0_7 (DXT1)
[2016.12.07-22.50.56:248][854]LogTexture:Display: Building textures: LQ_Lightmap_0_8 (DXT1)
[2016.12.07-22.50.56:268][854]LogTexture:Display: Building textures: LQ_Lightmap_0_9 (DXT1)
[2016.12.07-22.50.56:284][854]LogTexture:Display: Building textures: ShadowMapTexture2D_62 (BGRA8)
[2016.12.07-22.50.56:293][854]LogTexture:Display: Building textures: ShadowMapTexture2D_63 (BGRA8)
[2016.12.07-22.50.56:301][854]LogTexture:Display: Building textures: ShadowMapTexture2D_64 (G8)
[2016.12.07-22.50.56:303][854]LogTexture:Display: Building textures: ShadowMapTexture2D_65 (G8)
[2016.12.07-22.50.56:305][854]LogTexture:Display: Building textures: ShadowMapTexture2D_66 (G8)
[2016.12.07-22.50.56:312][854]LogTexture:Display: Building textures: ShadowMapTexture2D_67 (BGRA8)
[2016.12.07-22.50.56:314][854]LogTexture:Display: Building textures: ShadowMapTexture2D_68 (G8)
[2016.12.07-22.50.56:316][854]LogTexture:Display: Building textures: ShadowMapTexture2D_69 (G8)
[2016.12.07-22.50.56:317][854]LogTexture:Display: Building textures: ShadowMapTexture2D_70 (G8)
[2016.12.07-22.50.56:319][854]LogTexture:Display: Building textures: ShadowMapTexture2D_71 (G8)
[2016.12.07-22.50.56:321][854]LogTexture:Display: Building textures: ShadowMapTexture2D_72 (G8)
[2016.12.07-22.50.56:323][854]LogTexture:Display: Building textures: ShadowMapTexture2D_73 (G8)
[2016.12.07-22.50.56:325][854]LogTexture:Display: Building textures: ShadowMapTexture2D_74 (G8)
[2016.12.07-22.50.56:327][854]LogTexture:Display: Building textures: ShadowMapTexture2D_75 (G8)
[2016.12.07-22.50.56:329][854]LogTexture:Display: Building textures: ShadowMapTexture2D_76 (G8)
[2016.12.07-22.50.56:331][854]LogTexture:Display: Building textures: ShadowMapTexture2D_77 (G8)
[2016.12.07-22.50.56:333][854]LogTexture:Display: Building textures: ShadowMapTexture2D_78 (G8)
[2016.12.07-22.50.56:333][854]LogTexture:Display: Building textures: ShadowMapTexture2D_79 (G8)
[2016.12.07-22.50.56:336][854]LogTexture:Display: Building textures: ShadowMapTexture2D_80 (BGRA8)
[2016.12.07-22.50.56:344][854]LogTexture:Display: Building textures: ShadowMapTexture2D_81 (BGRA8)
[2016.12.07-22.50.56:347][854]LogTexture:Display: Building textures: ShadowMapTexture2D_82 (BGRA8)
[2016.12.07-22.50.56:349][854]LogTexture:Display: Building textures: ShadowMapTexture2D_83 (G8)
[2016.12.07-22.50.56:351][854]LogTexture:Display: Building textures: ShadowMapTexture2D_84 (G8)
[2016.12.07-22.50.56:353][854]LogTexture:Display: Building textures: ShadowMapTexture2D_85 (G8)
[2016.12.07-22.50.56:355][854]LogTexture:Display: Building textures: ShadowMapTexture2D_86 (G8)
[2016.12.07-22.50.56:357][854]LogTexture:Display: Building textures: ShadowMapTexture2D_87 (G8)
[2016.12.07-22.50.56:363][854]LogTexture:Display: Building textures: ShadowMapTexture2D_88 (G8)
[2016.12.07-22.50.56:366][854]LogTexture:Display: Building textures: ShadowMapTexture2D_89 (BGRA8)
[2016.12.07-22.50.57:539][854]LogAIModule: Creating AISystem for world BenMap
[2016.12.07-22.50.57:540][854]LogLoad: Game class is 'ThirdPersonGameMode_C'
[2016.12.07-22.50.57:650][854]LogWorld: Bringing World /Game/StarterContent/Maps/UEDPIE_0_BenMap.BenMap up for play (max tick rate 60) at 2016.12.07-16.50.57
[2016.12.07-22.50.57:676][854]LogWorld: Bringing up level for play took: 0.134938
[2016.12.07-22.50.57:697][854]PIE:Warning: Warning The widget 'HUD_C' was already added to the screen.
[2016.12.07-22.50.57:698][854]PIE:Warning: Warning The widget 'HUD_C' was already added to the screen.
[2016.12.07-22.50.57:702][854]LogLoad: Took 9.447531 seconds to LoadMap(/Game/StarterContent/Maps/BenMap)
[2016.12.07-22.51.38:812][557]LogBlueprintUserMessages: Early EndPlayMap Detection: Level '/Game/Personal_Assets/Main.Main:PersistentLevel' has LevelScriptBlueprint '/Game/Personal_Assets/Main.Main:PersistentLevel.Main' with GeneratedClass '/Game/Personal_Assets/Main.Main_C' with ClassGeneratedBy '/Game/Personal_Assets/Main.Main:PersistentLevel.Main'
[2016.12.07-22.51.38:939][557]LogBlueprintUserMessages: Late EndPlayMap Detection: Level '/Game/Personal_Assets/Main.Main:PersistentLevel' has LevelScriptBlueprint '/Game/Personal_Assets/Main.Main:PersistentLevel.Main' with GeneratedClass '/Game/Personal_Assets/Main.Main_C' with ClassGeneratedBy '/Game/Personal_Assets/Main.Main:PersistentLevel.Main'
[2016.12.07-22.51.40:771][589]LogWindowsTextInputMethodSystem:Display: IME system now deactivated.
[2016.12.07-22.51.40:771][589]LogWindowsTextInputMethodSystem:Display: IME system now deactivated.
[2016.12.07-22.51.41:001][590]Cmd: QUIT_EDITOR
[2016.12.07-22.51.41:171][590]LogExit: Preparing to exit.
[2016.12.07-22.51.41:341][590]LogDirectoryWatcher: A directory notification for 'C:/GameDev/Presentation/GameDev_CLone/CLone/Content/' was aborted.
[2016.12.07-22.51.41:368][590]LogExit: Editor shut down
[2016.12.07-22.51.41:369][590]LogExit: Transaction tracking system shut down
[2016.12.07-22.51.41:524][590]LogObj: Freed 0b from 0 cluster array pools.
[2016.12.07-22.51.41:524][590]LogExit: Object subsystem successfully closed.
[2016.12.07-22.51.41:553][590]LogD3D11RHI: Shutdown
[2016.12.07-22.51.41:553][590]LogD3D11RHI: CleanupD3DDevice
[2016.12.07-22.51.41:829][590]LogD3D11RHI: ~FD3D11DynamicRHI
[2016.12.07-22.51.41:849][590]LogHttp:Display: Http module shutting down, but needs to wait on 1 outstanding Http requests:
[2016.12.07-22.51.41:849][590]LogHttp:Display: 	verb=[POST] url=[https://datarouter.ol.epicgames.com/datarouter/api/v1/public/data?SessionID=%7BDA77ADC1-4937-5713-D5D5-D9BD35B540FC%7D&AppID=UEEditor.Rocket.Release&AppVersion=4.14.0-3195953%2B%2B%2BUE4%2BRelease-4.14&UserID=ee3b241a495053a0bd6200bf42883634%7C1c19fdc412574c20995013e52f6a1f64%7Ced9cb06e-d67d-4ab3-83a7-d3b35942cc18&AppEnvironment=datacollector-binary&UploadType=eteventstream] status=Processing
[2016.12.07-22.51.41:857][590]LogModuleManager: Shutting down and abandoning module MovieSceneCapture (242)
[2016.12.07-22.51.41:857][590]LogModuleManager: Shutting down and abandoning module HierarchicalLODOutliner (241)
[2016.12.07-22.51.41:857][590]LogModuleManager: Shutting down and abandoning module CrashTracker (240)
[2016.12.07-22.51.41:857][590]LogModuleManager: Shutting down and abandoning module SceneOutliner (239)
[2016.12.07-22.51.41:857][590]LogModuleManager: Shutting down and abandoning module WidgetCarousel (238)
[2016.12.07-22.51.41:857][590]LogModuleManager: Shutting down and abandoning module AddContentDialog (237)
[2016.12.07-22.51.41:857][590]LogDirectoryWatcher: A directory notification for 'C:/Program Files (x86)/Epic Games/4.14/FeaturePacks/' was aborted.
[2016.12.07-22.51.41:859][590]LogModuleManager: Shutting down and abandoning module GameplayTags (236)
[2016.12.07-22.51.41:859][590]LogModuleManager: Shutting down and abandoning module EditorWidgets (235)
[2016.12.07-22.51.41:859][590]LogModuleManager: Shutting down and abandoning module CollectionManager (234)
[2016.12.07-22.51.41:859][590]LogDirectoryWatcher: A directory notification for 'C:/GameDev/Presentation/GameDev_CLone/CLone/Content/Collections/' was aborted.
[2016.12.07-22.51.41:859][590]LogDirectoryWatcher: A directory notification for 'C:/GameDev/Presentation/GameDev_CLone/CLone/Content/Developers/benmb/Collections/' was aborted.
[2016.12.07-22.51.41:859][590]LogDirectoryWatcher: A directory notification for 'C:/GameDev/Presentation/GameDev_CLone/CLone/Saved/Collections/' was aborted.
[2016.12.07-22.51.41:859][590]LogModuleManager: Shutting down and abandoning module StatsViewer (233)
[2016.12.07-22.51.41:859][590]LogModuleManager: Shutting down and abandoning module FoliageEdit (232)
[2016.12.07-22.51.41:859][590]LogModuleManager: Shutting down and abandoning module LandscapeEditor (231)
[2016.12.07-22.51.41:859][590]LogModuleManager: Shutting down and abandoning module SceneDepthPickerMode (230)
[2016.12.07-22.51.41:859][590]LogModuleManager: Shutting down and abandoning module ActorPickerMode (229)
[2016.12.07-22.51.41:859][590]LogModuleManager: Shutting down and abandoning module GeometryMode (228)
[2016.12.07-22.51.41:859][590]LogModuleManager: Shutting down and abandoning module TextureAlignMode (227)
[2016.12.07-22.51.41:859][590]LogModuleManager: Shutting down and abandoning module BspMode (226)
[2016.12.07-22.51.41:859][590]LogModuleManager: Shutting down and abandoning module HardwareSurvey (225)
[2016.12.07-22.51.41:859][590]LogModuleManager: Shutting down and abandoning module SequenceRecorderSections (224)
[2016.12.07-22.51.41:859][590]LogModuleManager: Shutting down and abandoning module AutomationWorker (223)
[2016.12.07-22.51.41:859][590]LogModuleManager: Shutting down and abandoning module MatineeToLevelSequence (222)
[2016.12.07-22.51.41:859][590]LogModuleManager: Shutting down and abandoning module PlacementMode (221)
[2016.12.07-22.51.41:859][590]LogModuleManager: Shutting down and abandoning module LevelSequenceEditor (220)
[2016.12.07-22.51.41:859][590]LogModuleManager: Shutting down and abandoning module WmfMediaFactory (219)
[2016.12.07-22.51.41:859][590]LogModuleManager: Shutting down and abandoning module WmfMediaEditor (218)
[2016.12.07-22.51.41:859][590]LogModuleManager: Shutting down and abandoning module AvfMediaFactory (217)
[2016.12.07-22.51.41:859][590]LogModuleManager: Shutting down and abandoning module AvfMediaEditor (216)
[2016.12.07-22.51.41:859][590]LogModuleManager: Shutting down and abandoning module Media (215)
[2016.12.07-22.51.41:859][590]LogModuleManager: Shutting down and abandoning module AndroidMediaFactory (214)
[2016.12.07-22.51.41:859][590]LogModuleManager: Shutting down and abandoning module AndroidMediaEditor (213)
[2016.12.07-22.51.41:859][590]LogModuleManager: Shutting down and abandoning module CharacterAI (212)
[2016.12.07-22.51.41:860][590]LogModuleManager: Shutting down and abandoning module SequenceRecorder (211)
[2016.12.07-22.51.41:860][590]LogModuleManager: Shutting down and abandoning module AudioCapture (210)
[2016.12.07-22.51.41:860][590]LogModuleManager: Shutting down and abandoning module SmartSnapping (209)
[2016.12.07-22.51.41:860][590]LogModuleManager: Shutting down and abandoning module SessionServices (208)
[2016.12.07-22.51.41:860][590]LogModuleManager: Shutting down and abandoning module ViewportSnapping (207)
[2016.12.07-22.51.41:860][590]LogModuleManager: Shutting down and abandoning module ViewportInteraction (206)
[2016.12.07-22.51.41:860][590]LogModuleManager: Shutting down and abandoning module LogVisualizer (205)
[2016.12.07-22.51.41:860][590]LogModuleManager: Shutting down and abandoning module GameProjectGeneration (204)
[2016.12.07-22.51.41:860][590]LogModuleManager: Shutting down and abandoning module IntroTutorials (203)
[2016.12.07-22.51.41:860][590]LogModuleManager: Shutting down and abandoning module EditorLiveStreaming (202)
[2016.12.07-22.51.41:860][590]LogModuleManager: Shutting down and abandoning module IOSPlatformEditor (201)
[2016.12.07-22.51.41:860][590]LogModuleManager: Shutting down and abandoning module HTML5PlatformEditor (200)
[2016.12.07-22.51.41:860][590]LogModuleManager: Shutting down and abandoning module AndroidDeviceDetection (199)
[2016.12.07-22.51.42:066][590]LogModuleManager: Shutting down and abandoning module AndroidPlatformEditor (198)
[2016.12.07-22.51.42:066][590]LogModuleManager: Shutting down and abandoning module IOSRuntimeSettings (197)
[2016.12.07-22.51.42:066][590]LogModuleManager: Shutting down and abandoning module AndroidRuntimeSettings (196)
[2016.12.07-22.51.42:066][590]LogModuleManager: Shutting down and abandoning module InputBindingEditor (195)
[2016.12.07-22.51.42:066][590]LogModuleManager: Shutting down and abandoning module NiagaraEditor (194)
[2016.12.07-22.51.42:066][590]LogModuleManager: Shutting down and abandoning module MergeActors (193)
[2016.12.07-22.51.42:066][590]LogModuleManager: Shutting down and abandoning module SizeMap (192)
[2016.12.07-22.51.42:066][590]LogModuleManager: Shutting down and abandoning module TreeMap (191)
[2016.12.07-22.51.42:066][590]LogModuleManager: Shutting down and abandoning module ReferenceViewer (190)
[2016.12.07-22.51.42:066][590]LogModuleManager: Shutting down and abandoning module LocalizationService (189)
[2016.12.07-22.51.42:066][590]LogModuleManager: Shutting down and abandoning module LocalizationDashboard (188)
[2016.12.07-22.51.42:066][590]LogModuleManager: Shutting down and abandoning module HardwareTargeting (187)
[2016.12.07-22.51.42:066][590]LogModuleManager: Shutting down and abandoning module DeviceProfileEditor (186)
[2016.12.07-22.51.42:066][590]LogModuleManager: Shutting down and abandoning module UndoHistory (185)
[2016.12.07-22.51.42:066][590]LogModuleManager: Shutting down and abandoning module UserFeedback (184)
[2016.12.07-22.51.42:066][590]LogModuleManager: Shutting down and abandoning module XmlParser (183)
[2016.12.07-22.51.42:066][590]LogModuleManager: Shutting down and abandoning module Blutility (182)
[2016.12.07-22.51.42:066][590]LogModuleManager: Shutting down and abandoning module ProjectTargetPlatformEditor (181)
[2016.12.07-22.51.42:066][590]LogModuleManager: Shutting down and abandoning module ProjectSettingsViewer (180)
[2016.12.07-22.51.42:066][590]LogModuleManager: Shutting down and abandoning module EditorSettingsViewer (179)
[2016.12.07-22.51.42:066][590]LogModuleManager: Shutting down and abandoning module SettingsEditor (178)
[2016.12.07-22.51.42:066][590]LogModuleManager: Shutting down and abandoning module ProjectLauncher (177)
[2016.12.07-22.51.42:066][590]LogModuleManager: Shutting down and abandoning module SessionFrontend (176)
[2016.12.07-22.51.42:066][590]LogModuleManager: Shutting down and abandoning module ProfilerClient (175)
[2016.12.07-22.51.42:066][590]LogModuleManager: Shutting down and abandoning module TargetDeviceServices (174)
[2016.12.07-22.51.42:067][590]LogModuleManager: Shutting down and abandoning module DeviceManager (173)
[2016.12.07-22.51.42:109][590]LogModuleManager: Shutting down and abandoning module AutomationController (172)
[2016.12.07-22.51.42:109][590]LogModuleManager: Shutting down and abandoning module AutomationWindow (171)
[2016.12.07-22.51.42:109][590]LogModuleManager: Shutting down and abandoning module Layers (170)
[2016.12.07-22.51.42:109][590]LogModuleManager: Shutting down and abandoning module ComponentVisualizers (169)
[2016.12.07-22.51.42:109][590]LogModuleManager: Shutting down and abandoning module DetailCustomizations (168)
[2016.12.07-22.51.42:109][590]LogModuleManager: Shutting down and abandoning module PackagesDialog (167)
[2016.12.07-22.51.42:109][590]LogModuleManager: Shutting down and abandoning module AnimGraph (166)
[2016.12.07-22.51.42:109][590]LogModuleManager: Shutting down and abandoning module Persona (165)
[2016.12.07-22.51.42:109][590]LogModuleManager: Shutting down and abandoning module Kismet (164)
[2016.12.07-22.51.42:110][590]LogModuleManager: Shutting down and abandoning module GraphEditor (163)
[2016.12.07-22.51.42:110][590]LogModuleManager: Shutting down and abandoning module ClassViewer (162)
[2016.12.07-22.51.42:110][590]LogModuleManager: Shutting down and abandoning module Toolbox (161)
[2016.12.07-22.51.42:110][590]LogModuleManager: Shutting down and abandoning module ModuleUI (160)
[2016.12.07-22.51.42:110][590]LogModuleManager: Shutting down and abandoning module MovieSceneTools (159)
[2016.12.07-22.51.42:110][590]LogModuleManager: Shutting down and abandoning module OutputLog (158)
[2016.12.07-22.51.42:110][590]LogModuleManager: Shutting down and abandoning module GammaUI (157)
[2016.12.07-22.51.42:110][590]LogModuleManager: Shutting down and abandoning module Documentation (156)
[2016.12.07-22.51.42:110][590]LogModuleManager: Shutting down and abandoning module Niagara (155)
[2016.12.07-22.51.42:110][590]LogModuleManager: Shutting down and abandoning module StreamingPauseRendering (154)
[2016.12.07-22.51.42:110][590]LogModuleManager: Shutting down and abandoning module AnalyticsET (153)
[2016.12.07-22.51.42:110][590]LogModuleManager: Shutting down and abandoning module PortalServices (152)
[2016.12.07-22.51.42:110][590]LogModuleManager: Shutting down and abandoning module PortalRpc (151)
[2016.12.07-22.51.42:110][590]LogModuleManager: Shutting down and abandoning module MessagingRpc (150)
[2016.12.07-22.51.42:110][590]LogModuleManager: Shutting down and abandoning module GameplayDebugger (149)
[2016.12.07-22.51.42:111][590]LogModuleManager: Shutting down and abandoning module AITestSuite (148)
[2016.12.07-22.51.42:111][590]LogModuleManager: Shutting down and abandoning module AIModule (147)
[2016.12.07-22.51.42:111][590]LogModuleManager: Shutting down and abandoning module ProfilerService (146)
[2016.12.07-22.51.42:246][590]LogModuleManager: Shutting down and abandoning module TaskGraph (145)
[2016.12.07-22.51.42:246][590]LogModuleManager: Shutting down and abandoning module SlateRemote (144)
[2016.12.07-22.51.42:246][590]LogModuleManager: Shutting down and abandoning module SteamVRController (143)
[2016.12.07-22.51.42:246][590]LogModuleManager: Shutting down and abandoning module SteamVR (142)
[2016.12.07-22.51.42:246][590]LogModuleManager: Shutting down and abandoning module ProceduralMeshComponentEditor (141)
[2016.12.07-22.51.42:246][590]LogModuleManager: Shutting down and abandoning module ProceduralMeshComponent (140)
[2016.12.07-22.51.42:246][590]LogModuleManager: Shutting down and abandoning module OculusLibrary (139)
[2016.12.07-22.51.42:246][590]LogModuleManager: Shutting down and abandoning module OculusInput (138)
[2016.12.07-22.51.42:246][590]LogModuleManager: Shutting down and abandoning module MobilePatchingUtils (137)
[2016.12.07-22.51.42:246][590]LogModuleManager: Shutting down and abandoning module CustomMeshComponent (136)
[2016.12.07-22.51.42:246][590]LogModuleManager: Shutting down and abandoning module CableComponent (135)
[2016.12.07-22.51.42:246][590]LogModuleManager: Shutting down and abandoning module ArchVisCharacter (134)
[2016.12.07-22.51.42:246][590]LogModuleManager: Shutting down and abandoning module MediaPlayerEditor (132)
[2016.12.07-22.51.42:246][590]LogModuleManager: Shutting down and abandoning module HTML5Networking (131)
[2016.12.07-22.51.42:246][590]LogModuleManager: Shutting down and abandoning module GeometryCacheEd (130)
[2016.12.07-22.51.42:246][590]LogModuleManager: Shutting down and abandoning module GeometryCache (129)
[2016.12.07-22.51.42:246][590]LogModuleManager: Shutting down and abandoning module AlembicLibrary (128)
[2016.12.07-22.51.42:247][590]LogModuleManager: Shutting down and abandoning module AlembicImporter (127)
[2016.12.07-22.51.42:247][590]LogModuleManager: Shutting down and abandoning module SuperSearch (126)
[2016.12.07-22.51.42:247][590]LogModuleManager: Shutting down and abandoning module SuperSearchEditor (125)
[2016.12.07-22.51.42:247][590]LogModuleManager: Shutting down and abandoning module SpeedTreeImporter (124)
[2016.12.07-22.51.42:247][590]LogModuleManager: Shutting down and abandoning module PluginBrowser (123)
[2016.12.07-22.51.42:247][590]LogModuleManager: Shutting down and abandoning module MobileLauncherProfileWizard (122)
[2016.12.07-22.51.42:247][590]LogModuleManager: Shutting down and abandoning module EpicSurvey (121)
[2016.12.07-22.51.42:247][590]LogModuleManager: Shutting down and abandoning module DesktopPlatform (120)
[2016.12.07-22.51.42:247][590]LogModuleManager: Shutting down and abandoning module VisualStudioSourceCodeAccess (119)
[2016.12.07-22.51.42:247][590]LogModuleManager: Shutting down and abandoning module UObjectPlugin (118)
[2016.12.07-22.51.42:247][590]LogModuleManager: Shutting down and abandoning module SubversionSourceControl (117)
[2016.12.07-22.51.42:247][590]LogModuleManager: Shutting down and abandoning module PerforceSourceControl (116)
[2016.12.07-22.51.42:247][590]LogModuleManager: Shutting down and abandoning module SourceControl (115)
[2016.12.07-22.51.42:247][590]LogModuleManager: Shutting down and abandoning module GitSourceControl (114)
[2016.12.07-22.51.42:247][590]LogModuleManager: Shutting down and abandoning module LightPropagationVolumeEditor (113)
[2016.12.07-22.51.42:247][590]LogModuleManager: Shutting down and abandoning module PaperTiledImporter (112)
[2016.12.07-22.51.42:247][590]LogModuleManager: Shutting down and abandoning module PaperSpriteSheetImporter (111)
[2016.12.07-22.51.42:247][590]LogModuleManager: Shutting down and abandoning module MeshPaint (110)
[2016.12.07-22.51.42:247][590]LogModuleManager: Shutting down and abandoning module PixelInspectorModule (109)
[2016.12.07-22.51.42:247][590]LogModuleManager: Shutting down and abandoning module HotReload (108)
[2016.12.07-22.51.42:248][590]LogModuleManager: Shutting down and abandoning module MainFrame (107)
[2016.12.07-22.51.42:248][590]LogModuleManager: Shutting down and abandoning module LevelEditor (106)
[2016.12.07-22.51.42:248][590]LogModuleManager: Shutting down and abandoning module ContentBrowser (105)
[2016.12.07-22.51.42:249][590]LogModuleManager: Shutting down and abandoning module Paper2DEditor (104)
[2016.12.07-22.51.42:249][590]LogModuleManager: Shutting down and abandoning module UdpMessaging (103)
[2016.12.07-22.51.42:350][590]LogModuleManager: Shutting down and abandoning module TcpMessaging (102)
[2016.12.07-22.51.42:451][590]LogModuleManager: Shutting down and abandoning module LightPropagationVolumeRuntime (101)
[2016.12.07-22.51.42:451][590]LogModuleManager: Shutting down and abandoning module Paper2D (100)
[2016.12.07-22.51.42:451][590]LogModuleManager: Shutting down and abandoning module WindowsMoviePlayer (99)
[2016.12.07-22.51.42:451][590]LogModuleManager: Shutting down and abandoning module WmfMedia (98)
[2016.12.07-22.51.42:451][590]LogModuleManager: Shutting down and abandoning module MediaAssets (97)
[2016.12.07-22.51.42:451][590]LogModuleManager: Shutting down and abandoning module GameLiveStreaming (96)
[2016.12.07-22.51.42:451][590]LogModuleManager: Shutting down and abandoning module GameplayTagsEditor (95)
[2016.12.07-22.51.42:451][590]LogModuleManager: Shutting down and abandoning module VREditor (94)
[2016.12.07-22.51.42:451][590]LogModuleManager: Shutting down and abandoning module GameplayTasksEditor (93)
[2016.12.07-22.51.42:451][590]LogModuleManager: Shutting down and abandoning module BehaviorTreeEditor (92)
[2016.12.07-22.51.42:451][590]LogModuleManager: Shutting down and abandoning module FunctionalTesting (91)
[2016.12.07-22.51.42:451][590]LogModuleManager: Shutting down and abandoning module CollisionAnalyzer (90)
[2016.12.07-22.51.42:451][590]LogModuleManager: Shutting down and abandoning module Sequencer (89)
[2016.12.07-22.51.42:451][590]LogModuleManager: Shutting down and abandoning module WorkspaceMenuStructure (88)
[2016.12.07-22.51.42:451][590]LogModuleManager: Shutting down and abandoning module MessageLog (87)
[2016.12.07-22.51.42:451][590]LogModuleManager: Shutting down and abandoning module AssetTools (86)
[2016.12.07-22.51.42:451][590]LogModuleManager: Shutting down and abandoning module UMGEditor (85)
[2016.12.07-22.51.42:451][590]LogModuleManager: Shutting down and abandoning module UMG (84)
[2016.12.07-22.51.42:451][590]LogModuleManager: Shutting down and abandoning module SlateReflector (83)
[2016.12.07-22.51.42:452][590]LogModuleManager: Shutting down and abandoning module Slate (82)
[2016.12.07-22.51.42:452][590]LogModuleManager: Shutting down and abandoning module EditorStyle (81)
[2016.12.07-22.51.42:457][590]LogModuleManager: Shutting down and abandoning module SourceCodeAccess (80)
[2016.12.07-22.51.42:457][590]LogModuleManager: Shutting down and abandoning module HeadMountedDisplay (79)
[2016.12.07-22.51.42:457][590]LogModuleManager: Shutting down and abandoning module XAudio2 (78)
[2016.12.07-22.51.42:458][590]LogModuleManager: Shutting down and abandoning module Networking (76)
[2016.12.07-22.51.42:458][590]LogModuleManager: Shutting down and abandoning module Core (75)
[2016.12.07-22.51.42:458][590]LogModuleManager: Shutting down and abandoning module DirectoryWatcher (74)
[2016.12.07-22.51.42:458][590]LogDirectoryWatcher: A directory notification for '../../../Engine/Content/' was aborted.
[2016.12.07-22.51.42:458][590]LogDirectoryWatcher: A directory notification for '../../../../../../GameDev/Presentation/GameDev_CLone/CLone/Content/' was aborted.
[2016.12.07-22.51.42:458][590]LogDirectoryWatcher: A directory notification for '../../../Engine/Plugins/2D/Paper2D/Content/' was aborted.
[2016.12.07-22.51.42:459][590]LogModuleManager: Shutting down and abandoning module AssetRegistry (73)
[2016.12.07-22.51.42:531][590]LogModuleManager: Shutting down and abandoning module KismetCompiler (72)
[2016.12.07-22.51.42:532][590]LogModuleManager: Shutting down and abandoning module PhysXFormats (71)
[2016.12.07-22.51.42:532][590]LogModuleManager: Shutting down and abandoning module SimplygonSwarm (70)
[2016.12.07-22.51.42:532][590]LogModuleManager: Shutting down and abandoning module SimplygonMeshReduction (69)
[2016.12.07-22.51.42:532][590]LogModuleManager: Shutting down and abandoning module QuadricMeshReduction (68)
[2016.12.07-22.51.42:532][590]LogModuleManager: Shutting down and abandoning module PropertyEditor (67)
[2016.12.07-22.51.42:532][590]LogModuleManager: Shutting down and abandoning module MeshUtilities (66)
[2016.12.07-22.51.42:532][590]LogModuleManager: Shutting down and abandoning module DerivedDataCache (65)
[2016.12.07-22.51.42:597][590]LogDerivedDataCache: Shutdown
[2016.12.07-22.51.42:597][590]LogModuleManager: Shutting down and abandoning module VulkanShaderFormat (64)
[2016.12.07-22.51.42:597][590]LogModuleManager: Shutting down and abandoning module ShaderFormatOpenGL (63)
[2016.12.07-22.51.42:597][590]LogModuleManager: Shutting down and abandoning module ShaderFormatD3D (62)
[2016.12.07-22.51.42:597][590]LogModuleManager: Shutting down and abandoning module MetalShaderFormat (61)
[2016.12.07-22.51.42:597][590]LogModuleManager: Shutting down and abandoning module TextureFormatUncompressed (60)
[2016.12.07-22.51.42:597][590]LogModuleManager: Shutting down and abandoning module TextureFormatPVR (59)
[2016.12.07-22.51.42:597][590]LogModuleManager: Shutting down and abandoning module TextureFormatDXT (58)
[2016.12.07-22.51.42:597][590]LogModuleManager: Shutting down and abandoning module TextureFormatIntelISPCTexComp (57)
[2016.12.07-22.51.42:598][590]LogModuleManager: Shutting down and abandoning module ImageWrapper (56)
[2016.12.07-22.51.42:598][590]LogModuleManager: Shutting down and abandoning module TextureFormatASTC (55)
[2016.12.07-22.51.42:598][590]LogModuleManager: Shutting down and abandoning module TextureFormatAndroid (54)
[2016.12.07-22.51.42:598][590]LogModuleManager: Shutting down and abandoning module AudioFormatOpus (53)
[2016.12.07-22.51.42:598][590]LogModuleManager: Shutting down and abandoning module AudioFormatOgg (52)
[2016.12.07-22.51.42:598][590]LogModuleManager: Shutting down and abandoning module AudioFormatADPCM (51)
[2016.12.07-22.51.42:598][590]LogModuleManager: Shutting down and abandoning module LinuxTargetPlatform (50)
[2016.12.07-22.51.42:598][590]LogModuleManager: Shutting down and abandoning module LinuxServerTargetPlatform (49)
[2016.12.07-22.51.42:598][590]LogModuleManager: Shutting down and abandoning module LinuxNoEditorTargetPlatform (48)
[2016.12.07-22.51.42:598][590]LogModuleManager: Shutting down and abandoning module LinuxClientTargetPlatform (47)
[2016.12.07-22.51.42:598][590]LogModuleManager: Shutting down and abandoning module TVOSTargetPlatform (46)
[2016.12.07-22.51.42:598][590]LogModuleManager: Shutting down and abandoning module Messaging (45)
[2016.12.07-22.51.42:598][590]LogModuleManager: Shutting down and abandoning module IOSTargetPlatform (44)
[2016.12.07-22.51.42:598][590]LogModuleManager: Shutting down and abandoning module HTML5TargetPlatform (43)
[2016.12.07-22.51.42:598][590]LogModuleManager: Shutting down and abandoning module Android_PVRTCTargetPlatform (42)
[2016.12.07-22.51.42:598][590]LogModuleManager: Shutting down and abandoning module Android_MultiTargetPlatform (41)
[2016.12.07-22.51.42:598][590]LogModuleManager: Shutting down and abandoning module Android_ETC2TargetPlatform (40)
[2016.12.07-22.51.42:598][590]LogModuleManager: Shutting down and abandoning module Android_ETC1TargetPlatform (39)
[2016.12.07-22.51.42:598][590]LogModuleManager: Shutting down and abandoning module Android_DXTTargetPlatform (38)
[2016.12.07-22.51.42:598][590]LogModuleManager: Shutting down and abandoning module Android_ATCTargetPlatform (37)
[2016.12.07-22.51.42:598][590]LogModuleManager: Shutting down and abandoning module Android_ASTCTargetPlatform (36)
[2016.12.07-22.51.42:598][590]LogModuleManager: Shutting down and abandoning module AndroidTargetPlatform (35)
[2016.12.07-22.51.42:598][590]LogModuleManager: Shutting down and abandoning module WindowsTargetPlatform (34)
[2016.12.07-22.51.42:598][590]LogModuleManager: Shutting down and abandoning module WindowsServerTargetPlatform (33)
[2016.12.07-22.51.42:598][590]LogModuleManager: Shutting down and abandoning module WindowsNoEditorTargetPlatform (32)
[2016.12.07-22.51.42:598][590]LogModuleManager: Shutting down and abandoning module WindowsClientTargetPlatform (31)
[2016.12.07-22.51.42:598][590]LogModuleManager: Shutting down and abandoning module MacTargetPlatform (30)
[2016.12.07-22.51.42:598][590]LogModuleManager: Shutting down and abandoning module MacServerTargetPlatform (29)
[2016.12.07-22.51.42:598][590]LogModuleManager: Shutting down and abandoning module MacNoEditorTargetPlatform (28)
[2016.12.07-22.51.42:598][590]LogModuleManager: Shutting down and abandoning module MacClientTargetPlatform (27)
[2016.12.07-22.51.42:598][590]LogModuleManager: Shutting down and abandoning module AllDesktopTargetPlatform (26)
[2016.12.07-22.51.42:598][590]LogModuleManager: Shutting down and abandoning module TargetPlatform (25)
[2016.12.07-22.51.42:598][590]LogModuleManager: Shutting down and abandoning module InputCore (24)
[2016.12.07-22.51.42:598][590]LogModuleManager: Shutting down and abandoning module Settings (23)
[2016.12.07-22.51.42:598][590]LogModuleManager: Shutting down and abandoning module OculusRift (22)
[2016.12.07-22.51.42:598][590]LogModuleManager: Shutting down and abandoning module ExampleDeviceProfileSelector (21)
[2016.12.07-22.51.42:598][590]LogModuleManager: Shutting down and abandoning module OnlineBlueprintSupport (20)
[2016.12.07-22.51.42:598][590]LogModuleManager: Shutting down and abandoning module OnlineSubsystem (18)
[2016.12.07-22.51.42:598][590]LogOnline:Display: Unloading online subsystem: NULL
[2016.12.07-22.51.42:599][590]LogModuleManager: Shutting down and abandoning module SSL (17)
[2016.12.07-22.51.42:600][590]LogModuleManager: Shutting down and abandoning module HTTP (16)
[2016.12.07-22.51.42:600][590]LogModuleManager: Shutting down and abandoning module XMPP (15)
[2016.12.07-22.51.42:600][590]LogModuleManager: Shutting down and abandoning module TextureCompressor (14)
[2016.12.07-22.51.42:600][590]LogModuleManager: Shutting down and abandoning module ShaderCore (13)
[2016.12.07-22.51.42:600][590]LogModuleManager: Shutting down and abandoning module Landscape (12)
[2016.12.07-22.51.42:600][590]LogModuleManager: Shutting down and abandoning module SlateRHIRenderer (11)
[2016.12.07-22.51.42:602][590]LogModuleManager: Shutting down and abandoning module OpenGLDrv (10)
[2016.12.07-22.51.42:602][590]LogModuleManager: Shutting down and abandoning module D3D11RHI (9)
[2016.12.07-22.51.42:602][590]LogModuleManager: Shutting down and abandoning module AnimGraphRuntime (8)
[2016.12.07-22.51.42:602][590]LogModuleManager: Shutting down and abandoning module Renderer (7)
[2016.12.07-22.51.42:602][590]LogModuleManager: Shutting down and abandoning module Engine (6)
[2016.12.07-22.51.42:602][590]LogModuleManager: Shutting down and abandoning module CoreUObject (5)
[2016.12.07-22.51.42:602][590]LogModuleManager: Shutting down and abandoning module NetworkFile (4)
[2016.12.07-22.51.42:602][590]LogModuleManager: Shutting down and abandoning module StreamingFile (3)
[2016.12.07-22.51.42:602][590]LogModuleManager: Shutting down and abandoning module SandboxFile (2)
[2016.12.07-22.51.42:602][590]LogModuleManager: Shutting down and abandoning module PakFile (1)
[2016.12.07-22.51.42:605][590]LogExit: Exiting.
[2016.12.07-22.51.42:627][590]Log file closed, 12/07/16 16:51:42
