Log file open, 12/06/16 14:54:21
LogInit:Display: Running engine for game: CLone
LogPlatformFile: Not using cached read wrapper
LogInit:Display: RandInit(1665592477) SRandInit(1665592477).
LogTaskGraph: Started task graph with 5 named threads and 8 total threads with 1 sets of task threads.
LogStats: Stats thread started at 0.075575
LogPluginManager: Loaded Plugin Paper2D, From D:/Epic Games/Epic Games/4.13/Engine/Plugins/2D/Paper2D/Paper2D.uplugin
LogPluginManager: Loaded Plugin LightPropagationVolume, From D:/Epic Games/Epic Games/4.13/Engine/Plugins/Blendables/LightPropagationVolume/LightPropagationVolume.uplugin
LogPluginManager: Loaded Plugin BlankPlugin, From D:/Epic Games/Epic Games/4.13/Engine/Plugins/Developer/BlankPlugin/BlankPlugin.uplugin
LogPluginManager: Loaded Plugin CodeLiteSourceCodeAccess, From D:/Epic Games/Epic Games/4.13/Engine/Plugins/Developer/CodeLiteSourceCodeAccess/CodeLiteSourceCodeAccess.uplugin
LogPluginManager: Loaded Plugin GitSourceControl, From D:/Epic Games/Epic Games/4.13/Engine/Plugins/Developer/GitSourceControl/GitSourceControl.uplugin
LogPluginManager: Loaded Plugin KDevelopSourceCodeAccess, From D:/Epic Games/Epic Games/4.13/Engine/Plugins/Developer/KDevelopSourceCodeAccess/KDevelopSourceCodeAccess.uplugin
LogPluginManager: Loaded Plugin NullSourceCodeAccess, From D:/Epic Games/Epic Games/4.13/Engine/Plugins/Developer/NullSourceCodeAccess/NullSourceCodeAccess.uplugin
LogPluginManager: Loaded Plugin OneSkyLocalizationService, From D:/Epic Games/Epic Games/4.13/Engine/Plugins/Developer/OneSkyLocalizationService/OneSkyLocalizationService.uplugin
LogPluginManager: Loaded Plugin PerforceSourceControl, From D:/Epic Games/Epic Games/4.13/Engine/Plugins/Developer/PerforceSourceControl/PerforceSourceControl.uplugin
LogPluginManager: Loaded Plugin SubversionSourceControl, From D:/Epic Games/Epic Games/4.13/Engine/Plugins/Developer/SubversionSourceControl/SubversionSourceControl.uplugin
LogPluginManager: Loaded Plugin UObjectPlugin, From D:/Epic Games/Epic Games/4.13/Engine/Plugins/Developer/UObjectPlugin/UObjectPlugin.uplugin
LogPluginManager: Loaded Plugin VisualStudioSourceCodeAccess, From D:/Epic Games/Epic Games/4.13/Engine/Plugins/Developer/VisualStudioSourceCodeAccess/VisualStudioSourceCodeAccess.uplugin
LogPluginManager: Loaded Plugin XCodeSourceCodeAccess, From D:/Epic Games/Epic Games/4.13/Engine/Plugins/Developer/XCodeSourceCodeAccess/XCodeSourceCodeAccess.uplugin
LogPluginManager: Loaded Plugin EpicSurvey, From D:/Epic Games/Epic Games/4.13/Engine/Plugins/Editor/EpicSurvey/EpicSurvey.uplugin
LogPluginManager: Loaded Plugin MacGraphicsSwitching, From D:/Epic Games/Epic Games/4.13/Engine/Plugins/Editor/MacGraphicsSwitching/MacGraphicsSwitching.uplugin
LogPluginManager: Loaded Plugin MobileLauncherProfileWizard, From D:/Epic Games/Epic Games/4.13/Engine/Plugins/Editor/MobileLauncherProfileWizard/MobileLauncherProfileWizard.uplugin
LogPluginManager: Loaded Plugin PluginBrowser, From D:/Epic Games/Epic Games/4.13/Engine/Plugins/Editor/PluginBrowser/PluginBrowser.uplugin
LogPluginManager: Loaded Plugin SpeedTreeImporter, From D:/Epic Games/Epic Games/4.13/Engine/Plugins/Editor/SpeedTreeImporter/SpeedTreeImporter.uplugin
LogPluginManager: Loaded Plugin SuperSearchEditor, From D:/Epic Games/Epic Games/4.13/Engine/Plugins/Editor/SuperSearchEditor/SuperSearchEditor.uplugin
LogPluginManager: Loaded Plugin AlembicImporter, From D:/Epic Games/Epic Games/4.13/Engine/Plugins/Experimental/AlembicImporter/AlembicImporter.uplugin
LogPluginManager: Loaded Plugin BlueprintStats, From D:/Epic Games/Epic Games/4.13/Engine/Plugins/Experimental/BlueprintStats/BlueprintStats.uplugin
LogPluginManager: Loaded Plugin CharacterAI, From D:/Epic Games/Epic Games/4.13/Engine/Plugins/Experimental/CharacterAI/CharacterAI.uplugin
LogPluginManager: Loaded Plugin CodeEditor, From D:/Epic Games/Epic Games/4.13/Engine/Plugins/Experimental/CodeEditor/CodeEditor.uplugin
LogPluginManager: Loaded Plugin CodeView, From D:/Epic Games/Epic Games/4.13/Engine/Plugins/Experimental/CodeView/CodeView.uplugin
LogPluginManager: Loaded Plugin HTML5Networking, From D:/Epic Games/Epic Games/4.13/Engine/Plugins/Experimental/HTML5Networking/HTML5Networking.uplugin
LogPluginManager: Loaded Plugin LiveEditor, From D:/Epic Games/Epic Games/4.13/Engine/Plugins/Experimental/LiveEditor/LiveEditor.uplugin
LogPluginManager: Loaded Plugin OSVR, From D:/Epic Games/Epic Games/4.13/Engine/Plugins/Experimental/OSVR/OSVR.uplugin
LogPluginManager: Loaded Plugin Phya, From D:/Epic Games/Epic Games/4.13/Engine/Plugins/Experimental/Phya/Phya.uplugin
LogPluginManager: Loaded Plugin SignificanceManager, From D:/Epic Games/Epic Games/4.13/Engine/Plugins/Experimental/SignificanceManager/SignificanceManager.uplugin
LogPluginManager: Loaded Plugin SimpleHMD, From D:/Epic Games/Epic Games/4.13/Engine/Plugins/Experimental/SimpleHMD/SimpleHMD.uplugin
LogPluginManager: Loaded Plugin StereoPanorama, From D:/Epic Games/Epic Games/4.13/Engine/Plugins/Experimental/StereoPanorama/StereoPanorama.uplugin
LogPluginManager: Loaded Plugin StructBox, From D:/Epic Games/Epic Games/4.13/Engine/Plugins/Experimental/StructBox/StructBox.uplugin
LogPluginManager: Loaded Plugin AndroidMedia, From D:/Epic Games/Epic Games/4.13/Engine/Plugins/Media/AndroidMedia/AndroidMedia.uplugin
LogPluginManager: Loaded Plugin AvfMedia, From D:/Epic Games/Epic Games/4.13/Engine/Plugins/Media/AvfMedia/AvfMedia.uplugin
LogPluginManager: Loaded Plugin MediaPlayerEditor, From D:/Epic Games/Epic Games/4.13/Engine/Plugins/Media/MediaPlayerEditor/MediaPlayerEditor.uplugin
LogPluginManager: Loaded Plugin WmfMedia, From D:/Epic Games/Epic Games/4.13/Engine/Plugins/Media/WmfMedia/WmfMedia.uplugin
LogPluginManager: Loaded Plugin MessagingDebugger, From D:/Epic Games/Epic Games/4.13/Engine/Plugins/Messaging/MessagingDebugger/MessagingDebugger.uplugin
LogPluginManager: Loaded Plugin TcpMessaging, From D:/Epic Games/Epic Games/4.13/Engine/Plugins/Messaging/TcpMessaging/TcpMessaging.uplugin
LogPluginManager: Loaded Plugin UdpMessaging, From D:/Epic Games/Epic Games/4.13/Engine/Plugins/Messaging/UdpMessaging/UdpMessaging.uplugin
LogPluginManager: Loaded Plugin LevelSequenceEditor, From D:/Epic Games/Epic Games/4.13/Engine/Plugins/MovieScene/LevelSequenceEditor/LevelSequenceEditor.uplugin
LogPluginManager: Loaded Plugin MatineeToLevelSequence, From D:/Epic Games/Epic Games/4.13/Engine/Plugins/MovieScene/MatineeToLevelSequence/MatineeToLevelSequence.uplugin
LogPluginManager: Loaded Plugin NetcodeUnitTest, From D:/Epic Games/Epic Games/4.13/Engine/Plugins/NetcodeUnitTest/NetcodeUnitTest/NetcodeUnitTest.uplugin
LogPluginManager: Loaded Plugin NUTUnrealEngine4, From D:/Epic Games/Epic Games/4.13/Engine/Plugins/NetcodeUnitTest/NUTUnrealEngine4/NUTUnrealEngine4.uplugin
LogPluginManager: Loaded Plugin OnlineSubsystemGooglePlay, From D:/Epic Games/Epic Games/4.13/Engine/Plugins/Online/Android/OnlineSubsystemGooglePlay/OnlineSubsystemGooglePlay.uplugin
LogPluginManager: Loaded Plugin OnlineSubsystemIOS, From D:/Epic Games/Epic Games/4.13/Engine/Plugins/Online/IOS/OnlineSubsystemIOS/OnlineSubsystemIOS.uplugin
LogPluginManager: Loaded Plugin OnlineFramework, From D:/Epic Games/Epic Games/4.13/Engine/Plugins/Online/OnlineFramework/OnlineFramework.uplugin
LogPluginManager: Loaded Plugin OnlineSubsystem, From D:/Epic Games/Epic Games/4.13/Engine/Plugins/Online/OnlineSubsystem/OnlineSubsystem.uplugin
LogPluginManager: Loaded Plugin OnlineSubsystemAmazon, From D:/Epic Games/Epic Games/4.13/Engine/Plugins/Online/OnlineSubsystemAmazon/OnlineSubsystemAmazon.uplugin
LogPluginManager: Loaded Plugin OnlineSubsystemFacebook, From D:/Epic Games/Epic Games/4.13/Engine/Plugins/Online/OnlineSubsystemFacebook/OnlineSubsystemFacebook.uplugin
LogPluginManager: Loaded Plugin OnlineSubsystemNull, From D:/Epic Games/Epic Games/4.13/Engine/Plugins/Online/OnlineSubsystemNull/OnlineSubsystemNull.uplugin
LogPluginManager: Loaded Plugin OnlineSubsystemOculus, From D:/Epic Games/Epic Games/4.13/Engine/Plugins/Online/OnlineSubsystemOculus/OnlineSubsystemOculus.uplugin
LogPluginManager: Loaded Plugin OnlineSubsystemSteam, From D:/Epic Games/Epic Games/4.13/Engine/Plugins/Online/OnlineSubsystemSteam/OnlineSubsystemSteam.uplugin
LogPluginManager: Loaded Plugin OnlineSubsystemUtils, From D:/Epic Games/Epic Games/4.13/Engine/Plugins/Online/OnlineSubsystemUtils/OnlineSubsystemUtils.uplugin
LogPluginManager: Loaded Plugin IOSTapJoy, From D:/Epic Games/Epic Games/4.13/Engine/Plugins/Runtime/Advertising/IOSTapJoy/IOSTapJoy.uplugin
LogPluginManager: Loaded Plugin AnalyticsBlueprintLibrary, From D:/Epic Games/Epic Games/4.13/Engine/Plugins/Runtime/Analytics/AnalyticsBlueprintLibrary/AnalyticsBlueprintLibrary.uplugin
LogPluginManager: Loaded Plugin AnalyticsMulticast, From D:/Epic Games/Epic Games/4.13/Engine/Plugins/Runtime/Analytics/AnalyticsMulticast/AnalyticsMulticast.uplugin
LogPluginManager: Loaded Plugin Apsalar, From D:/Epic Games/Epic Games/4.13/Engine/Plugins/Runtime/Analytics/Apsalar/Apsalar.uplugin
LogPluginManager: Loaded Plugin FileLogging, From D:/Epic Games/Epic Games/4.13/Engine/Plugins/Runtime/Analytics/FileLogging/FileLogging.uplugin
LogPluginManager: Loaded Plugin Flurry, From D:/Epic Games/Epic Games/4.13/Engine/Plugins/Runtime/Analytics/Flurry/Flurry.uplugin
LogPluginManager: Loaded Plugin AndroidDeviceProfileSelector, From D:/Epic Games/Epic Games/4.13/Engine/Plugins/Runtime/AndroidDeviceProfileSelector/AndroidDeviceProfileSelector.uplugin
LogPluginManager: Loaded Plugin AndroidMoviePlayer, From D:/Epic Games/Epic Games/4.13/Engine/Plugins/Runtime/AndroidMoviePlayer/AndroidMoviePlayer.uplugin
LogPluginManager: Loaded Plugin AppleMoviePlayer, From D:/Epic Games/Epic Games/4.13/Engine/Plugins/Runtime/AppleMoviePlayer/AppleMoviePlayer.uplugin
LogPluginManager: Loaded Plugin ArchVisCharacter, From D:/Epic Games/Epic Games/4.13/Engine/Plugins/Runtime/ArchVisCharacter/ArchVisCharacter.uplugin
LogPluginManager: Loaded Plugin CableComponent, From D:/Epic Games/Epic Games/4.13/Engine/Plugins/Runtime/CableComponent/CableComponent.uplugin
LogPluginManager: Loaded Plugin CustomMeshComponent, From D:/Epic Games/Epic Games/4.13/Engine/Plugins/Runtime/CustomMeshComponent/CustomMeshComponent.uplugin
LogPluginManager: Loaded Plugin ExampleDeviceProfileSelector, From D:/Epic Games/Epic Games/4.13/Engine/Plugins/Runtime/ExampleDeviceProfileSelector/ExampleDeviceProfileSelector.uplugin
LogPluginManager: Loaded Plugin GearVR, From D:/Epic Games/Epic Games/4.13/Engine/Plugins/Runtime/GearVR/GearVR.uplugin
LogPluginManager: Loaded Plugin GoogleVRController, From D:/Epic Games/Epic Games/4.13/Engine/Plugins/Runtime/GoogleVR/GoogleVRController/GoogleVRController.uplugin
LogPluginManager: Loaded Plugin GoogleVRHMD, From D:/Epic Games/Epic Games/4.13/Engine/Plugins/Runtime/GoogleVR/GoogleVRHMD/GoogleVRHMD.uplugin
LogPluginManager: Loaded Plugin IOSDeviceProfileSelector, From D:/Epic Games/Epic Games/4.13/Engine/Plugins/Runtime/IOSDeviceProfileSelector/IOSDeviceProfileSelector.uplugin
LogPluginManager: Loaded Plugin LeapMotion, From D:/Epic Games/Epic Games/4.13/Engine/Plugins/Runtime/LeapMotion/LeapMotion.uplugin
LogPluginManager: Loaded Plugin LinuxDeviceProfileSelector, From D:/Epic Games/Epic Games/4.13/Engine/Plugins/Runtime/LinuxDeviceProfileSelector/LinuxDeviceProfileSelector.uplugin
LogPluginManager: Loaded Plugin LiveEditorListenServer, From D:/Epic Games/Epic Games/4.13/Engine/Plugins/Runtime/LiveEditorListenServer/LiveEditorListenServer.uplugin
LogPluginManager: Loaded Plugin OculusAudio, From D:/Epic Games/Epic Games/4.13/Engine/Plugins/Runtime/OculusAudio/OculusAudio.uplugin
LogPluginManager: Loaded Plugin OculusInput, From D:/Epic Games/Epic Games/4.13/Engine/Plugins/Runtime/OculusInput/OculusInput.uplugin
LogPluginManager: Loaded Plugin OculusLibrary, From D:/Epic Games/Epic Games/4.13/Engine/Plugins/Runtime/OculusLibrary/OculusLibrary.uplugin
LogPluginManager: Loaded Plugin OculusRift, From D:/Epic Games/Epic Games/4.13/Engine/Plugins/Runtime/OculusRift/OculusRift.uplugin
LogPluginManager: Loaded Plugin Oodle, From D:/Epic Games/Epic Games/4.13/Engine/Plugins/Runtime/PacketHandlers/CompressionComponents/Oodle/Oodle.uplugin
LogPluginManager: Loaded Plugin ProceduralMeshComponent, From D:/Epic Games/Epic Games/4.13/Engine/Plugins/Runtime/ProceduralMeshComponent/ProceduralMeshComponent.uplugin
LogPluginManager: Loaded Plugin SoundMod, From D:/Epic Games/Epic Games/4.13/Engine/Plugins/Runtime/SoundMod/SoundMod.uplugin
LogPluginManager: Loaded Plugin SoundVisualizations, From D:/Epic Games/Epic Games/4.13/Engine/Plugins/Runtime/SoundVisualizations/SoundVisualizations.uplugin
LogPluginManager: Loaded Plugin SteamController, From D:/Epic Games/Epic Games/4.13/Engine/Plugins/Runtime/Steam/SteamController/SteamController.uplugin
LogPluginManager: Loaded Plugin SteamVR, From D:/Epic Games/Epic Games/4.13/Engine/Plugins/Runtime/Steam/SteamVR/SteamVR.uplugin
LogPluginManager: Loaded Plugin WebBrowserWidget, From D:/Epic Games/Epic Games/4.13/Engine/Plugins/Runtime/WebBrowserWidget/WebBrowserWidget.uplugin
LogPluginManager: Loaded Plugin WindowsDeviceProfileSelector, From D:/Epic Games/Epic Games/4.13/Engine/Plugins/Runtime/WindowsDeviceProfileSelector/WindowsDeviceProfileSelector.uplugin
LogPluginManager: Loaded Plugin WindowsMoviePlayer, From D:/Epic Games/Epic Games/4.13/Engine/Plugins/Runtime/WindowsMoviePlayer/WindowsMoviePlayer.uplugin
LogPluginManager: Loaded Plugin ScriptPlugin, From D:/Epic Games/Epic Games/4.13/Engine/Plugins/ScriptPlugin/ScriptPlugin.uplugin
LogPluginManager: Loaded Plugin SlateRemote, From D:/Epic Games/Epic Games/4.13/Engine/Plugins/Slate/SlateRemote/SlateRemote.uplugin
LogInit: Using libcurl 7.47.1
LogInit:  - built for x86_64-pc-win32
LogInit:  - supports SSL with WinSSL
LogInit:  - other features:
LogInit:      CURL_VERSION_SSL
LogInit:      CURL_VERSION_IPV6
LogInit:      CURL_VERSION_ASYNCHDNS
LogInit:      CURL_VERSION_LARGEFILE
LogInit:      CURL_VERSION_IDN
LogInit:  CurlRequestOptions (configurable via config and command line):
LogInit:  - bVerifyPeer = false  - Libcurl will NOT verify peer certificate
LogInit:  - bUseHttpProxy = false  - Libcurl will NOT use HTTP proxy
LogInit:  - bDontReuseConnections = false  - Libcurl will reuse connections
LogInit:  - CertBundlePath = nullptr  - Libcurl will use whatever was configured at build time.
LogInit: Build: ++UE4+Release-4.13-CL-3172292
LogInit: Engine Version: 4.13.2-3172292+++UE4+Release-4.13
LogInit: Compatible Engine Version: 4.13.0-3106830+++UE4+Release-4.13
LogInit: Net CL: 3172292
LogDevObjectVersion: Number of dev versions registered: 13
LogDevObjectVersion:   Dev-Blueprints (B0D832E4-1F89-4F0D-ACCF-7EB736FD4AA2): 5
LogDevObjectVersion:   Dev-Build (E1C64328-A22C-4D53-A36C-8E866417BD8C): 0
LogDevObjectVersion:   Dev-Core (375EC13C-06E4-48FB-B500-84F0262A717E): 1
LogDevObjectVersion:   Dev-Editor (E4B068ED-F494-42E9-A231-DA0B2E46BB41): 6
LogDevObjectVersion:   Dev-Framework (CFFC743F-43B0-4480-9391-14DF171D2073): 12
LogDevObjectVersion:   Dev-Mobile (B02B49B5-BB20-44E9-A304-32B752E40360): 0
LogDevObjectVersion:   Dev-Networking (A4E4105C-59A1-49B5-A7C5-40C4547EDFEE): 0
LogDevObjectVersion:   Dev-Online (39C831C9-5AE6-47DC-9A44-9C173E1C8E7C): 0
LogDevObjectVersion:   Dev-Physics (78F01B33-EBEA-4F98-B9B4-84EACCB95AA2): 0
LogDevObjectVersion:   Dev-Platform (6631380F-2D4D-43E0-8009-CF276956A95A): 0
LogDevObjectVersion:   Dev-Rendering (12F88B9F-8875-4AFC-A67C-D90C383ABD29): 4
LogDevObjectVersion:   Dev-Sequencer (7B5AE74C-D270-4C10-A958-57980B212A5A): 0
LogDevObjectVersion:   Dev-VR (D7296918-1DD6-4BDD-9DE2-64A83CC13884): 0
LogInit: Compiled (64-bit): Oct 24 2016 14:29:06
LogInit: Compiled with Visual C++: 19.00.23026.00
LogInit: Build Configuration: Development
LogInit: Branch Name: ++UE4+Release-4.13
LogInit: Command line: 
LogInit: Base directory: D:/Epic Games/Epic Games/4.13/Engine/Binaries/Win64/
LogInit: Installed Engine Build: 1
LogInit: Presizing for max 8388607 objects, including 0 objects not considered by GC, pre-allocating 0 bytes for permanent pool.
LogInit: Object subsystem initialized
[2016.12.06-20.54.21:846][  0]LogInit: Selected Device Profile: [Windows]
[2016.12.06-20.54.21:846][  0]LogInit: Applying CVar settings loaded from the selected device profile: [Windows]
[2016.12.06-20.54.21:869][  0]LogInit: Computer: DESKTOP-UB0QOVT
[2016.12.06-20.54.21:869][  0]LogInit: User: benmb
[2016.12.06-20.54.21:869][  0]LogInit: CPU Page size=65536, Cores=4
[2016.12.06-20.54.21:869][  0]LogInit: High frequency timer resolution =3.417981 MHz
[2016.12.06-20.54.21:869][  0]LogMemory: Memory total: Physical=8.0GB (8GB approx)
[2016.12.06-20.54.21:869][  0]LogMemory: Platform Memory Stats for Windows
[2016.12.06-20.54.21:869][  0]LogMemory: Process Physical Memory: 255.74 MB used, 255.74 MB peak
[2016.12.06-20.54.21:869][  0]LogMemory: Process Virtual Memory: 259.75 MB used, 259.75 MB peak
[2016.12.06-20.54.21:869][  0]LogMemory: Physical Memory: 4170.62 MB used, 8143.87 MB total
[2016.12.06-20.54.21:869][  0]LogMemory: Virtual Memory: 622.08 MB used, 134217728.00 MB total
[2016.12.06-20.54.21:925][  0]LogTextLocalizationManager: No specific translations for ('en-US') exist, so ('en') translations will be used.
[2016.12.06-20.54.25:257][  0]LogD3D11RHI: D3D11 adapters:
[2016.12.06-20.54.25:288][  0]LogD3D11RHI:    0. 'NVIDIA GeForce GTX 970' (Feature Level 11_0)
[2016.12.06-20.54.25:288][  0]LogD3D11RHI:       4058/0/4071 MB DedicatedVideo/DedicatedSystem/SharedSystem, Outputs:2, VendorId:0x10de
[2016.12.06-20.54.25:289][  0]LogD3D11RHI:    1. 'Microsoft Basic Render Driver' (Feature Level 11_0)
[2016.12.06-20.54.25:289][  0]LogD3D11RHI:       0/0/4071 MB DedicatedVideo/DedicatedSystem/SharedSystem, Outputs:0, VendorId:0x1414
[2016.12.06-20.54.25:289][  0]LogD3D11RHI: Chosen D3D11 Adapter: 0
[2016.12.06-20.54.25:293][  0]LogD3D11RHI: Creating new Direct3DDevice
[2016.12.06-20.54.25:293][  0]LogD3D11RHI:     GPU DeviceId: 0x13c2 (for the marketing name, search the web for "GPU Device Id")
[2016.12.06-20.54.25:293][  0]LogWindows: EnumDisplayDevices:
[2016.12.06-20.54.25:293][  0]LogWindows:    0. 'NVIDIA GeForce GTX 970' (P:0 D:1)
[2016.12.06-20.54.25:294][  0]LogWindows:    1. 'NVIDIA GeForce GTX 970' (P:1 D:1)
[2016.12.06-20.54.25:294][  0]LogWindows:    2. 'NVIDIA GeForce GTX 970' (P:0 D:0)
[2016.12.06-20.54.25:294][  0]LogWindows:    3. 'NVIDIA GeForce GTX 970' (P:0 D:0)
[2016.12.06-20.54.25:294][  0]LogWindows: DebugString: FoundDriverCount:4 
[2016.12.06-20.54.25:294][  0]LogD3D11RHI:     Adapter Name: NVIDIA GeForce GTX 970
[2016.12.06-20.54.25:294][  0]LogD3D11RHI:   Driver Version: 375.70 (internal:21.21.13.7570, unified:375.70)
[2016.12.06-20.54.25:294][  0]LogD3D11RHI:      Driver Date: 10-25-2016
[2016.12.06-20.54.25:294][  0]LogRHI: Texture pool is 1361 MB (70% of 1945 MB)
[2016.12.06-20.54.25:306][  0]LogD3D11RHI: Async texture creation enabled
[2016.12.06-20.54.25:320][  0]LogD3D11RHI: GPU Timing Frequency: 1000.000000 (Debug: 2 2)
[2016.12.06-20.54.25:320][  0]LogShaderCompilers: Guid format shader working directory is -6 characters bigger than the processId version (C:/Users/benmb/Documents/GitHub/GameDev_CLone/CLone/Intermediate/Shaders/WorkingDirectory/15028/).
[2016.12.06-20.54.25:321][  0]LogShaderCompilers: Cleaned the shader compiler working directory 'C:/Users/benmb/AppData/Local/Temp/UnrealShaderWorkingDir/47DB88B34A7740BB14E53E9FC763B9A9/'.
[2016.12.06-20.54.25:321][  0]LogShaderCompilers:Display: Using Local Shader Compiler.
[2016.12.06-20.54.27:381][  0]LogTemp:Display: Loaded TP AllDesktopTargetPlatform
[2016.12.06-20.54.27:388][  0]LogTemp:Display: Loaded TP WindowsClientTargetPlatform
[2016.12.06-20.54.27:394][  0]LogTemp:Display: Loaded TP WindowsNoEditorTargetPlatform
[2016.12.06-20.54.27:400][  0]LogTemp:Display: Loaded TP WindowsServerTargetPlatform
[2016.12.06-20.54.27:406][  0]LogTemp:Display: Loaded TP WindowsTargetPlatform
[2016.12.06-20.54.27:414][  0]LogTemp:Display: Loaded TP AndroidTargetPlatform
[2016.12.06-20.54.27:420][  0]LogTemp:Display: Loaded TP Android_ASTCTargetPlatform
[2016.12.06-20.54.27:437][  0]LogTemp:Display: Loaded TP Android_ATCTargetPlatform
[2016.12.06-20.54.27:443][  0]LogTemp:Display: Loaded TP Android_DXTTargetPlatform
[2016.12.06-20.54.27:448][  0]LogTemp:Display: Loaded TP Android_ETC1TargetPlatform
[2016.12.06-20.54.27:454][  0]LogTemp:Display: Loaded TP Android_ETC2TargetPlatform
[2016.12.06-20.54.27:465][  0]LogTemp:Display: Loaded TP Android_MultiTargetPlatform
[2016.12.06-20.54.27:465][  0]LogTemp:Display: Loaded TP Android_PVRTCTargetPlatform
[2016.12.06-20.54.27:475][  0]LogTemp:Display: Loaded TP HTML5TargetPlatform
[2016.12.06-20.54.27:520][  0]LogTemp:Display: Loaded TP IOSTargetPlatform
[2016.12.06-20.54.27:525][  0]LogTemp:Display: Loaded TP TVOSTargetPlatform
[2016.12.06-20.54.27:531][  0]LogTemp:Display: Loaded TP LinuxClientTargetPlatform
[2016.12.06-20.54.27:536][  0]LogTemp:Display: Loaded TP LinuxNoEditorTargetPlatform
[2016.12.06-20.54.27:541][  0]LogTemp:Display: Loaded TP LinuxServerTargetPlatform
[2016.12.06-20.54.27:559][  0]LogTemp:Display: Loaded TP LinuxTargetPlatform
[2016.12.06-20.54.27:559][  0]LogTargetPlatformManager:Display: Building Assets For Windows
[2016.12.06-20.54.27:793][  0]LogDerivedDataCache:Display: Max Cache Size: 512 MB
[2016.12.06-20.54.28:013][  0]LogDerivedDataCache: Loaded boot cache 0.22s 62MB C:/Users/benmb/AppData/Local/UnrealEngine/4.13/DerivedDataCache/Boot.ddc.
[2016.12.06-20.54.28:013][  0]LogDerivedDataCache:Display: Loaded Boot cache: C:/Users/benmb/AppData/Local/UnrealEngine/4.13/DerivedDataCache/Boot.ddc
[2016.12.06-20.54.28:013][  0]LogDerivedDataCache: FDerivedDataBackendGraph:  Pak pak cache file C:/Users/benmb/Documents/GitHub/GameDev_CLone/CLone/DerivedDataCache/DDC.ddp not found, will not use a pak cache.
[2016.12.06-20.54.28:013][  0]LogDerivedDataCache: Unable to find inner node Pak for hierarchical cache Hierarchy.
[2016.12.06-20.54.28:013][  0]LogDerivedDataCache: FDerivedDataBackendGraph:  CompressedPak pak cache file C:/Users/benmb/Documents/GitHub/GameDev_CLone/CLone/DerivedDataCache/Compressed.ddp not found, will not use a pak cache.
[2016.12.06-20.54.28:013][  0]LogDerivedDataCache: Unable to find inner node CompressedPak for hierarchical cache Hierarchy.
[2016.12.06-20.54.28:049][  0]LogDerivedDataCache:Display: Pak cache opened for reading ../../../Engine/DerivedDataCache/Compressed.ddp.
[2016.12.06-20.54.28:061][  0]LogDerivedDataCache: Using Local data cache path C:/Users/benmb/AppData/Local/UnrealEngine/Common/DerivedDataCache: Writable
[2016.12.06-20.54.30:916][  0]LogInit: Selected Device Profile: [Windows]
[2016.12.06-20.54.30:918][  0]LogContentStreaming: Texture pool size is 0.00 MB
[2016.12.06-20.54.31:002][  0]LogMeshUtilities: No automatic mesh reduction module available
[2016.12.06-20.54.31:002][  0]LogMeshUtilities: No automatic mesh merging module available
[2016.12.06-20.54.31:002][  0]LogMeshUtilities: No distributed automatic mesh merging module available
[2016.12.06-20.54.31:122][  0]LogMaterial: Uniform references updated for custom material expression Custom.
[2016.12.06-20.54.31:560][  0]LogNetVersion: GetLocalNetworkVersion: CL: 3106830, ProjectName: clone, ProjectVersion: , EngineNetworkVersion: 1, GameNetworkVersion: 0, NetworkChecksum: 3559047122
[2016.12.06-20.54.31:625][  0]LogAssetRegistry: FAssetRegistry took 0.0210 seconds to start up
[2016.12.06-20.54.31:646][  0]LogPackageLocalizationCache: Processed 3 localized package path(s) for 2 prioritized culture(s) in 0.020123 seconds
[2016.12.06-20.54.31:651][  0]LogUObjectArray: 29778 objects as part of root set at end of initial load.
[2016.12.06-20.54.31:651][  0]LogUObjectAllocator: 6125448 out of 0 bytes used by permanent object pool.
[2016.12.06-20.54.31:651][  0]LogUObjectArray: CloseDisregardForGC: 0/0 objects in disregard for GC pool
[2016.12.06-20.54.31:653][  0]LogInit: WinSock: version 1.1 (2.2), MaxSocks=32767, MaxUdp=65467
[2016.12.06-20.54.32:817][  0]LogSlate: SlateFontCache - WITH_FREETYPE: 1, WITH_HARFBUZZ: 1
[2016.12.06-20.54.32:817][  0]LogSlate: SlateFontCache - WITH_FREETYPE: 1, WITH_HARFBUZZ: 1
[2016.12.06-20.54.42:129][  0]LogTcpMessaging: Initializing TcpMessaging bridge
[2016.12.06-20.54.42:151][  0]LogUdpMessaging: Initializing bridge on interface 0.0.0.0:0 to multicast group 230.0.0.1:6666.
[2016.12.06-20.54.42:537][  0]SourceControl: Info Source control is disabled
[2016.12.06-20.54.42:538][  0]SourceControl: Info Source control is disabled
[2016.12.06-20.54.42:553][  0]SourceControl: Info Source control is disabled
[2016.12.06-20.54.42:584][  0]SourceControl: Info Source control is disabled
[2016.12.06-20.54.43:171][  0]LogEngine: Initializing Engine...
[2016.12.06-20.54.43:171][  0]LogHMD: Failed to initialize OpenVR with code 110
[2016.12.06-20.54.43:299][  0]LogAIModule: Creating AISystem for world Untitled
[2016.12.06-20.54.43:311][  0]LogInit: XAudio2 using 'Acer H236HL-8 (NVIDIA High Definition Audio)' : 2 channels at 48 kHz using 16 bits per sample (channel mask 0x3)
[2016.12.06-20.54.43:318][  0]LogInit: FAudioDevice initialized.
[2016.12.06-20.54.43:346][  0]LogDerivedDataCache: Saved boot cache 0.03s 62MB C:/Users/benmb/AppData/Local/UnrealEngine/4.13/DerivedDataCache/Boot.ddc.
[2016.12.06-20.54.43:354][  0]LogInit: Texture streaming: Enabled
[2016.12.06-20.54.43:417][  0]LogInit: Transaction tracking system initialized
[2016.12.06-20.54.43:480][  0]BlueprintLog: New page: Editor Load
[2016.12.06-20.54.43:785][  0]LocalizationService: Info Localization service is disabled
[2016.12.06-20.54.44:061][  0]LogConsoleResponse:Display: 
[2016.12.06-20.54.44:452][  0]LogCook:Display: Max memory allowance for cook 16384mb min free memory 0mb
[2016.12.06-20.54.44:452][  0]LogCook:Display: Mobile HDR setting 1
[2016.12.06-20.54.45:426][  0]LogFileCache: Scanning file cache for directory 'C:/Users/benmb/Documents/GitHub/GameDev_CLone/CLone/Content/' took 0.02s
[2016.12.06-20.54.45:454][  0]SourceControl: Info Source control is disabled
[2016.12.06-20.54.45:455][  0]Cmd: MAP LOAD FILE="C:/Users/benmb/Documents/GitHub/GameDev_CLone/CLone/Content/StarterContent/Maps/Minimal_Default.umap" TEMPLATE=0 SHOWPROGRESS=1 FEATURELEVEL=3
[2016.12.06-20.54.45:455][  0]LightingResults: New page: Lighting Build
[2016.12.06-20.54.45:456][  0]MapCheck: New page: Map Check
[2016.12.06-20.54.45:456][  0]LightingResults: New page: Lighting Build
[2016.12.06-20.54.45:930][  0]LogLinker:Warning: Asset 'C:/Users/benmb/Documents/GitHub/GameDev_CLone/CLone/Content/StarterContent/Props/Materials/M_StatueGlass.uasset' has been saved with empty engine version. The asset will be loaded but may be incompatible.
[2016.12.06-20.54.45:930][  0]LogLinker:Warning: Unable to load package (C:/Users/benmb/Documents/GitHub/GameDev_CLone/CLone/Content/StarterContent/Props/Materials/M_StatueGlass.uasset) PackageVersion 506, MaxExpected 505 : LicenseePackageVersion 0, MaxExpected 0.
[2016.12.06-20.54.45:930][  0]LogLinker:Warning: Asset 'C:/Users/benmb/Documents/GitHub/GameDev_CLone/CLone/Content/StarterContent/Props/Materials/M_StatueGlass.uasset' has been saved with empty engine version. The asset will be loaded but may be incompatible.
[2016.12.06-20.54.45:931][  0]LogLinker:Warning: Unable to load package (C:/Users/benmb/Documents/GitHub/GameDev_CLone/CLone/Content/StarterContent/Props/Materials/M_StatueGlass.uasset) PackageVersion 506, MaxExpected 505 : LicenseePackageVersion 0, MaxExpected 0.
[2016.12.06-20.54.45:931][  0]LogLinker:Warning: Asset 'C:/Users/benmb/Documents/GitHub/GameDev_CLone/CLone/Content/StarterContent/Props/Materials/M_StatueGlass.uasset' has been saved with empty engine version. The asset will be loaded but may be incompatible.
[2016.12.06-20.54.45:931][  0]LogLinker:Warning: Unable to load package (C:/Users/benmb/Documents/GitHub/GameDev_CLone/CLone/Content/StarterContent/Props/Materials/M_StatueGlass.uasset) PackageVersion 506, MaxExpected 505 : LicenseePackageVersion 0, MaxExpected 0.
[2016.12.06-20.54.45:931][  0]LogLinker:Warning: Asset 'C:/Users/benmb/Documents/GitHub/GameDev_CLone/CLone/Content/StarterContent/Props/Materials/M_StatueGlass.uasset' has been saved with empty engine version. The asset will be loaded but may be incompatible.
[2016.12.06-20.54.45:931][  0]LogLinker:Warning: Unable to load package (C:/Users/benmb/Documents/GitHub/GameDev_CLone/CLone/Content/StarterContent/Props/Materials/M_StatueGlass.uasset) PackageVersion 506, MaxExpected 505 : LicenseePackageVersion 0, MaxExpected 0.
[2016.12.06-20.54.45:957][  0]LogLinker:Warning: Asset 'C:/Users/benmb/Documents/GitHub/GameDev_CLone/CLone/Content/StarterContent/Props/Materials/M_StatueGlass.uasset' has been saved with empty engine version. The asset will be loaded but may be incompatible.
[2016.12.06-20.54.45:957][  0]LogLinker:Warning: Unable to load package (C:/Users/benmb/Documents/GitHub/GameDev_CLone/CLone/Content/StarterContent/Props/Materials/M_StatueGlass.uasset) PackageVersion 506, MaxExpected 505 : LicenseePackageVersion 0, MaxExpected 0.
[2016.12.06-20.54.45:957][  0]LogLinker:Warning: Asset 'C:/Users/benmb/Documents/GitHub/GameDev_CLone/CLone/Content/StarterContent/Props/Materials/M_StatueGlass.uasset' has been saved with empty engine version. The asset will be loaded but may be incompatible.
[2016.12.06-20.54.45:957][  0]LogLinker:Warning: Unable to load package (C:/Users/benmb/Documents/GitHub/GameDev_CLone/CLone/Content/StarterContent/Props/Materials/M_StatueGlass.uasset) PackageVersion 506, MaxExpected 505 : LicenseePackageVersion 0, MaxExpected 0.
[2016.12.06-20.54.46:490][  0]LogAIModule: Creating AISystem for world Minimal_Default
[2016.12.06-20.54.46:501][  0]LogEditorServer: Finished looking for orphan Actors (0.000 secs)
[2016.12.06-20.54.46:501][  0]Cmd: MAP CHECKDEP NOCLEARLOG
[2016.12.06-20.54.46:532][  0]MapCheck: Info Map check complete: 0 Error(s), 0 Warning(s), took 31.147ms to complete.
[2016.12.06-20.54.46:532][  0]LogFileHelpers: Loading map 'Minimal_Default' took 1.078
[2016.12.06-20.54.46:703][  0]LogCollectionManager: Loaded 0 collections in 0.000636 seconds
[2016.12.06-20.54.46:742][  0]LogFileCache: Scanning file cache for directory 'C:/Users/benmb/Documents/GitHub/GameDev_CLone/CLone/Saved/Collections/' took 0.01s
[2016.12.06-20.54.46:742][  0]LogFileCache: Scanning file cache for directory 'C:/Users/benmb/Documents/GitHub/GameDev_CLone/CLone/Content/Developers/benmb/Collections/' took 0.01s
[2016.12.06-20.54.46:742][  0]LogFileCache: Scanning file cache for directory 'C:/Users/benmb/Documents/GitHub/GameDev_CLone/CLone/Content/Collections/' took 0.01s
[2016.12.06-20.54.46:742][  0]LogCollectionManager: Rebuilt the GUID cache for 0 collections in 0.000002 seconds
[2016.12.06-20.54.46:750][  0]LogContentBrowser: Native class hierarchy populated in 0.0076 seconds. Added 2141 classes and 415 folders.
[2016.12.06-20.54.46:752][  0]LogStats: UGameplayTagsManager::ConstructGameplayTagTree: Construct from data asset -  0.000 s
[2016.12.06-20.54.46:753][  0]LogStats: UGameplayTagsManager::ConstructGameplayTagTree: GameplayTagTreeChangedEvent.Broadcast -  0.000 s
[2016.12.06-20.54.46:753][  0]LogContentBrowser: Native class hierarchy updated for 'GameplayTags' in 0.0004 seconds. Added 12 classes and 0 folders.
[2016.12.06-20.54.46:755][  0]LogContentBrowser: Native class hierarchy updated for 'WidgetCarousel' in 0.0003 seconds. Added 0 classes and 0 folders.
[2016.12.06-20.54.47:577][  0]LogContentBrowser: Native class hierarchy updated for 'AddContentDialog' in 0.0004 seconds. Added 0 classes and 0 folders.
[2016.12.06-20.54.47:595][  0]LogContentBrowser: Native class hierarchy updated for 'SceneOutliner' in 0.0004 seconds. Added 1 classes and 2 folders.
[2016.12.06-20.54.47:616][  0]LogCrashTracker: Crashtracker disabled due to settings.
[2016.12.06-20.54.47:621][  0]LogUObjectGlobals:Warning: Failed to find object 'Class None.'
[2016.12.06-20.54.47:666][  0]LogContentBrowser: Native class hierarchy updated for 'HierarchicalLODOutliner' in 0.0004 seconds. Added 1 classes and 2 folders.
[2016.12.06-20.54.47:666][  0]LogLoad: (Engine Initialization) Total time: 26.66 seconds
[2016.12.06-20.54.47:666][  0]LogLoad: (Engine Initialization) Total Blueprint compile time: 0.25 seconds
[2016.12.06-20.54.47:666][  0]LogExternalProfiler: No external profilers were discovered.  External profiling features will not be available.
[2016.12.06-20.54.47:675][  0]LogWindowsTextInputMethodSystem:Display: IME system now deactivated.
[2016.12.06-20.54.47:676][  0]LogOcInput: OculusInput pre-init called
[2016.12.06-20.54.47:694][  0]LogContentStreaming: Texture pool size now 1000 MB
[2016.12.06-20.54.47:858][  0]LogRenderer: Reallocating scene render targets to support 1208x600 (Frame:2).
[2016.12.06-20.54.47:922][  1]LogAssetRegistry: Asset discovery search completed in 16.3173 seconds
[2016.12.06-20.54.47:922][  1]LogCollectionManager: Rebuilt the object cache for 0 collections in 0.000001 seconds (found 0 objects)
[2016.12.06-20.54.47:922][  1]LogCollectionManager: Fixed up redirectors for 0 collections in 0.000018 seconds (updated 0 objects)
[2016.12.06-20.55.30:686][ 80]Cmd: MAP LOAD FILE="C:/Users/benmb/Documents/GitHub/GameDev_CLone/CLone/Content/StarterContent/Maps/BenMap.umap" TEMPLATE=0 SHOWPROGRESS=1 FEATURELEVEL=3
[2016.12.06-20.55.30:699][ 80]LightingResults: New page: Lighting Build
[2016.12.06-20.55.30:700][ 80]LoadErrors: New page: Loading map: BenMap.umap
[2016.12.06-20.55.30:702][ 80]MapCheck: New page: Map Check
[2016.12.06-20.55.30:702][ 80]LightingResults: New page: Lighting Build
[2016.12.06-20.55.30:980][ 80]LogAIModule: Creating AISystem for world BenMap
[2016.12.06-20.55.31:665][ 80]LogEditorServer: Finished looking for orphan Actors (0.000 secs)
[2016.12.06-20.55.31:685][ 80]Cmd: MAP CHECKDEP NOCLEARLOG
[2016.12.06-20.55.31:719][ 80]MapCheck: Info Map check complete: 0 Error(s), 0 Warning(s), took 33.539ms to complete.
[2016.12.06-20.55.31:719][ 80]LogFileHelpers: Loading map 'BenMap' took 1.034
[2016.12.06-20.55.53:437][639]LogEditorViewport: Clicking on Actor (LMB): Landscape (Landscape)
[2016.12.06-20.55.54:979][820]LogEditorViewport: Clicking on Actor (LMB): Player_Character_Placeholder_C (Player_Character_Placeholder)
[2016.12.06-20.55.57:068][ 27]LogContentBrowser: Native class hierarchy updated for 'BlueprintGraph' in 0.0007 seconds. Added 112 classes and 0 folders.
[2016.12.06-20.56.15:219][646]BlueprintLog: New page: Compile Player_Character_Placeholder
[2016.12.06-20.56.22:047][216]LogSavePackage: Save=397.82ms
[2016.12.06-20.56.22:047][216]LogSavePackage: Moving 'C:/Users/benmb/Documents/GitHub/GameDev_CLone/CLone/Saved/BenMap7DE6438C4F1A1AA683E1BA97FBFC5F24.tmp' to 'C:/Users/benmb/Documents/GitHub/GameDev_CLone/CLone/Content/StarterContent/Maps/BenMap.umap'
[2016.12.06-20.56.22:051][216]LogSavePackage:Display: Finished SavePackage C:/Users/benmb/Documents/GitHub/GameDev_CLone/CLone/Content/StarterContent/Maps/BenMap.umap
[2016.12.06-20.56.50:576][717]LogLinker:Warning: Can't find file '/Game/ThirdPersonBP/Blueprints/ThirdPersonCharacter'
[2016.12.06-20.56.50:577][717]LogLinker: Can't find file '/Game/ThirdPersonBP/Blueprints/ThirdPersonCharacter'
[2016.12.06-20.56.50:577][717]LogLinker: Can't find file '/Game/ThirdPersonBP/Blueprints/ThirdPersonCharacter'
[2016.12.06-20.56.50:775][717]LogCrashTracker: 


[2016.12.06-20.56.50:775][717]LogCrashTracker: 


[2016.12.06-20.56.50:775][717]LogWindows:Error: === Critical error: ===
[2016.12.06-20.56.50:775][717]LogWindows:Error: 
[2016.12.06-20.56.50:775][717]LogWindows:Error: Fatal error!
[2016.12.06-20.56.50:775][717]LogWindows:Error: 
[2016.12.06-20.56.50:775][717]LogWindows:Error: Unhandled Exception: EXCEPTION_ACCESS_VIOLATION reading address 0x000000f8
[2016.12.06-20.56.50:775][717]LogWindows:Error: 
[2016.12.06-20.56.50:775][717]LogWindows:Error: UE4Editor-UnrealEd.dll
[2016.12.06-20.56.50:775][717]LogWindows:Error: UE4Editor-UnrealEd.dll
[2016.12.06-20.56.50:775][717]LogWindows:Error: UE4Editor-Kismet.dll
[2016.12.06-20.56.50:775][717]LogWindows:Error: UE4Editor-Kismet.dll
[2016.12.06-20.56.50:776][717]LogWindows:Error: UE4Editor-Kismet.dll
[2016.12.06-20.56.50:776][717]LogWindows:Error: UE4Editor-Kismet.dll
[2016.12.06-20.56.50:776][717]LogWindows:Error: UE4Editor-Slate.dll
[2016.12.06-20.56.50:776][717]LogWindows:Error: UE4Editor-Slate.dll
[2016.12.06-20.56.50:776][717]LogWindows:Error: UE4Editor-GraphEditor.dll
[2016.12.06-20.56.50:776][717]LogWindows:Error: UE4Editor-Slate.dll
[2016.12.06-20.56.50:776][717]LogWindows:Error: UE4Editor-Slate.dll
[2016.12.06-20.56.50:776][717]LogWindows:Error: UE4Editor-Slate.dll
[2016.12.06-20.56.50:776][717]LogWindows:Error: UE4Editor-Slate.dll
[2016.12.06-20.56.50:776][717]LogWindows:Error: UE4Editor-Slate.dll
[2016.12.06-20.56.50:776][717]LogWindows:Error: UE4Editor-Core.dll
[2016.12.06-20.56.50:776][717]LogWindows:Error: UE4Editor-Core.dll
[2016.12.06-20.56.50:776][717]LogWindows:Error: UE4Editor-Core.dll
[2016.12.06-20.56.50:776][717]LogWindows:Error: UE4Editor-Core.dll
[2016.12.06-20.56.50:776][717]LogWindows:Error: USER32.dll
[2016.12.06-20.56.50:776][717]LogWindows:Error: USER32.dll
[2016.12.06-20.56.50:776][717]LogWindows:Error: UE4Editor-Core.dll
[2016.12.06-20.56.50:776][717]LogWindows:Error: UE4Editor.exe
[2016.12.06-20.56.50:776][717]LogWindows:Error: UE4Editor.exe
[2016.12.06-20.56.50:776][717]LogWindows:Error: UE4Editor.exe
[2016.12.06-20.56.50:776][717]LogWindows:Error: UE4Editor.exe
[2016.12.06-20.56.50:776][717]LogWindows:Error: UE4Editor.exe
[2016.12.06-20.56.50:776][717]LogWindows:Error: KERNEL32.DLL
[2016.12.06-20.56.50:776][717]LogWindows:Error: ntdll.dll
[2016.12.06-20.56.50:776][717]LogWindows:Error: ntdll.dll
[2016.12.06-20.56.50:776][717]LogWindows:Error: 
[2016.12.06-20.56.50:933][717]LogExit: Executing StaticShutdownAfterError
[2016.12.06-20.56.50:936][717]LogWindows: FPlatformMisc::RequestExit(1)
[2016.12.06-20.56.50:936][717]Log file closed, 12/06/16 14:56:50
